2025-01-30 22:59:25,375 - INFO - Starting Epoch 1/20
2025-01-30 23:00:10,019 - INFO - Starting Epoch 1/20
2025-01-30 23:00:43,318 - INFO - Val Loss = 1.4248, Val Accuracy = 0.54%, Precision = 0.47, Recall = 0.54, F1 = 0.48
2025-01-30 23:00:43,379 - INFO - Starting Epoch 2/20
2025-01-30 23:01:15,458 - INFO - Val Loss = 1.3614, Val Accuracy = 0.55%, Precision = 0.49, Recall = 0.55, F1 = 0.50
2025-01-30 23:01:15,503 - INFO - Starting Epoch 3/20
2025-01-30 23:05:28,532 - INFO - Starting Epoch 1/20
2025-01-30 23:06:01,826 - INFO - Val Loss = 1.4074, Val Accuracy = 0.54%, Precision = 0.45, Recall = 0.54, F1 = 0.48
2025-01-30 23:06:01,866 - INFO - Best model saved at epoch 1 with val loss: 1.4074
2025-01-30 23:06:01,866 - INFO - Starting Epoch 2/20
2025-01-30 23:06:33,978 - INFO - Val Loss = 1.3934, Val Accuracy = 0.55%, Precision = 0.50, Recall = 0.55, F1 = 0.50
2025-01-30 23:06:34,019 - INFO - Best model saved at epoch 2 with val loss: 1.3934
2025-01-30 23:06:34,020 - INFO - Starting Epoch 3/20
2025-01-30 23:07:06,201 - INFO - Val Loss = 1.3739, Val Accuracy = 0.56%, Precision = 0.52, Recall = 0.56, F1 = 0.51
2025-01-30 23:07:06,241 - INFO - Best model saved at epoch 3 with val loss: 1.3739
2025-01-30 23:07:06,241 - INFO - Starting Epoch 4/20
2025-01-30 23:07:38,614 - INFO - Val Loss = 1.3546, Val Accuracy = 0.57%, Precision = 0.53, Recall = 0.57, F1 = 0.52
2025-01-30 23:07:38,656 - INFO - Best model saved at epoch 4 with val loss: 1.3546
2025-01-30 23:07:38,657 - INFO - Starting Epoch 5/20
2025-01-30 23:08:10,922 - INFO - Val Loss = 1.3193, Val Accuracy = 0.56%, Precision = 0.54, Recall = 0.56, F1 = 0.52
2025-01-30 23:08:10,947 - INFO - Best model saved at epoch 5 with val loss: 1.3193
2025-01-30 23:08:10,947 - INFO - Starting Epoch 6/20
2025-01-30 23:08:43,298 - INFO - Val Loss = 1.3058, Val Accuracy = 0.58%, Precision = 0.54, Recall = 0.58, F1 = 0.54
2025-01-30 23:08:43,324 - INFO - Best model saved at epoch 6 with val loss: 1.3058
2025-01-30 23:08:43,324 - INFO - Starting Epoch 7/20
2025-01-30 23:09:16,137 - INFO - Val Loss = 1.2842, Val Accuracy = 0.58%, Precision = 0.54, Recall = 0.58, F1 = 0.54
2025-01-30 23:09:16,164 - INFO - Best model saved at epoch 7 with val loss: 1.2842
2025-01-30 23:09:16,164 - INFO - Starting Epoch 8/20
2025-01-30 23:09:49,443 - INFO - Val Loss = 1.3217, Val Accuracy = 0.58%, Precision = 0.55, Recall = 0.58, F1 = 0.54
2025-01-30 23:09:49,444 - INFO - Starting Epoch 9/20
2025-01-30 23:10:22,143 - INFO - Val Loss = 1.3136, Val Accuracy = 0.57%, Precision = 0.55, Recall = 0.57, F1 = 0.54
2025-01-30 23:10:22,144 - INFO - Starting Epoch 10/20
2025-01-30 23:10:54,554 - INFO - Val Loss = 1.3764, Val Accuracy = 0.55%, Precision = 0.52, Recall = 0.55, F1 = 0.53
2025-01-30 23:10:54,556 - INFO - Starting Epoch 11/20
2025-01-30 23:11:27,149 - INFO - Val Loss = 1.3651, Val Accuracy = 0.55%, Precision = 0.51, Recall = 0.55, F1 = 0.52
2025-01-30 23:11:27,149 - INFO - Starting Epoch 12/20
2025-01-30 23:11:59,220 - INFO - Val Loss = 1.3943, Val Accuracy = 0.54%, Precision = 0.52, Recall = 0.54, F1 = 0.52
2025-01-30 23:11:59,221 - INFO - Starting Epoch 13/20
2025-01-30 23:12:32,016 - INFO - Val Loss = 1.3440, Val Accuracy = 0.58%, Precision = 0.55, Recall = 0.58, F1 = 0.56
2025-01-30 23:12:32,017 - INFO - Starting Epoch 14/20
2025-01-30 23:13:03,993 - INFO - Val Loss = 1.4351, Val Accuracy = 0.56%, Precision = 0.53, Recall = 0.56, F1 = 0.54
2025-01-30 23:13:03,994 - INFO - Starting Epoch 15/20
2025-01-30 23:13:36,263 - INFO - Val Loss = 1.5192, Val Accuracy = 0.53%, Precision = 0.52, Recall = 0.53, F1 = 0.52
2025-01-30 23:13:36,264 - INFO - Starting Epoch 16/20
2025-01-30 23:14:08,381 - INFO - Val Loss = 1.5817, Val Accuracy = 0.52%, Precision = 0.53, Recall = 0.52, F1 = 0.52
2025-01-30 23:14:08,382 - INFO - Starting Epoch 17/20
2025-01-30 23:14:41,107 - INFO - Val Loss = 1.6859, Val Accuracy = 0.51%, Precision = 0.51, Recall = 0.51, F1 = 0.50
2025-01-30 23:14:41,107 - INFO - Early stopping at epoch 17
2025-01-30 23:14:41,140 - INFO - Loaded best model with val loss: 1.2842
2025-01-30 23:28:55,458 - INFO - Starting Epoch 1/20
2025-01-30 23:29:29,070 - INFO - Val Loss = 1.4266, Val Accuracy = 0.53%, Precision = 0.44, Recall = 0.53, F1 = 0.47
2025-01-30 23:29:29,096 - INFO - Best model saved at epoch 1 with val loss: 1.4266
2025-01-30 23:29:29,097 - INFO - Starting Epoch 2/20
2025-01-30 23:30:01,178 - INFO - Val Loss = 1.3794, Val Accuracy = 0.55%, Precision = 0.49, Recall = 0.55, F1 = 0.50
2025-01-30 23:30:01,203 - INFO - Best model saved at epoch 2 with val loss: 1.3794
2025-01-30 23:30:01,203 - INFO - Starting Epoch 3/20
2025-01-30 23:30:33,302 - INFO - Val Loss = 1.3453, Val Accuracy = 0.56%, Precision = 0.52, Recall = 0.56, F1 = 0.52
2025-01-30 23:30:33,331 - INFO - Best model saved at epoch 3 with val loss: 1.3453
2025-01-30 23:30:33,331 - INFO - Starting Epoch 4/20
2025-01-30 23:31:05,528 - INFO - Val Loss = 1.3157, Val Accuracy = 0.56%, Precision = 0.52, Recall = 0.56, F1 = 0.51
2025-01-30 23:31:05,569 - INFO - Best model saved at epoch 4 with val loss: 1.3157
2025-01-30 23:31:05,570 - INFO - Starting Epoch 5/20
2025-01-30 23:31:37,781 - INFO - Val Loss = 1.3066, Val Accuracy = 0.56%, Precision = 0.53, Recall = 0.56, F1 = 0.52
2025-01-30 23:31:37,806 - INFO - Best model saved at epoch 5 with val loss: 1.3066
2025-01-30 23:31:37,806 - INFO - Starting Epoch 6/20
2025-01-30 23:32:09,567 - INFO - Val Loss = 1.3032, Val Accuracy = 0.58%, Precision = 0.54, Recall = 0.58, F1 = 0.54
2025-01-30 23:32:09,612 - INFO - Best model saved at epoch 6 with val loss: 1.3032
2025-01-30 23:32:09,612 - INFO - Starting Epoch 7/20
2025-01-30 23:32:42,424 - INFO - Val Loss = 1.2998, Val Accuracy = 0.58%, Precision = 0.54, Recall = 0.58, F1 = 0.54
2025-01-30 23:32:42,468 - INFO - Best model saved at epoch 7 with val loss: 1.2998
2025-01-30 23:32:42,468 - INFO - Starting Epoch 8/20
2025-01-30 23:33:14,818 - INFO - Val Loss = 1.3017, Val Accuracy = 0.59%, Precision = 0.55, Recall = 0.59, F1 = 0.55
2025-01-30 23:33:14,820 - INFO - Starting Epoch 9/20
2025-01-30 23:33:47,029 - INFO - Val Loss = 1.2934, Val Accuracy = 0.59%, Precision = 0.54, Recall = 0.59, F1 = 0.55
2025-01-30 23:33:47,055 - INFO - Best model saved at epoch 9 with val loss: 1.2934
2025-01-30 23:33:47,055 - INFO - Starting Epoch 10/20
2025-01-30 23:34:19,270 - INFO - Val Loss = 1.2863, Val Accuracy = 0.58%, Precision = 0.54, Recall = 0.58, F1 = 0.55
2025-01-30 23:34:19,299 - INFO - Best model saved at epoch 10 with val loss: 1.2863
2025-01-30 23:34:19,299 - INFO - Starting Epoch 11/20
2025-01-30 23:34:51,711 - INFO - Val Loss = 1.3027, Val Accuracy = 0.58%, Precision = 0.55, Recall = 0.58, F1 = 0.55
2025-01-30 23:34:51,712 - INFO - Starting Epoch 12/20
2025-01-30 23:35:23,703 - INFO - Val Loss = 1.2756, Val Accuracy = 0.58%, Precision = 0.54, Recall = 0.58, F1 = 0.55
2025-01-30 23:35:23,744 - INFO - Best model saved at epoch 12 with val loss: 1.2756
2025-01-30 23:35:23,744 - INFO - Starting Epoch 13/20
2025-01-30 23:35:56,198 - INFO - Val Loss = 1.3016, Val Accuracy = 0.59%, Precision = 0.55, Recall = 0.59, F1 = 0.56
2025-01-30 23:35:56,199 - INFO - Starting Epoch 14/20
2025-01-30 23:36:28,895 - INFO - Val Loss = 1.3402, Val Accuracy = 0.58%, Precision = 0.55, Recall = 0.58, F1 = 0.56
2025-01-30 23:36:28,896 - INFO - Starting Epoch 15/20
2025-01-30 23:37:01,375 - INFO - Val Loss = 1.3128, Val Accuracy = 0.58%, Precision = 0.53, Recall = 0.58, F1 = 0.55
2025-01-30 23:37:01,376 - INFO - Starting Epoch 16/20
2025-01-30 23:37:33,452 - INFO - Val Loss = 1.3321, Val Accuracy = 0.57%, Precision = 0.54, Recall = 0.57, F1 = 0.55
2025-01-30 23:37:33,453 - INFO - Starting Epoch 17/20
2025-01-30 23:38:05,829 - INFO - Val Loss = 1.3707, Val Accuracy = 0.58%, Precision = 0.55, Recall = 0.58, F1 = 0.55
2025-01-30 23:38:05,830 - INFO - Starting Epoch 18/20
2025-01-30 23:38:38,308 - INFO - Val Loss = 1.4213, Val Accuracy = 0.57%, Precision = 0.55, Recall = 0.57, F1 = 0.56
2025-01-30 23:38:38,309 - INFO - Starting Epoch 19/20
2025-01-30 23:39:11,014 - INFO - Val Loss = 1.5157, Val Accuracy = 0.54%, Precision = 0.54, Recall = 0.54, F1 = 0.54
2025-01-30 23:39:11,017 - INFO - Starting Epoch 20/20
2025-01-30 23:39:43,297 - INFO - Val Loss = 1.5419, Val Accuracy = 0.54%, Precision = 0.52, Recall = 0.54, F1 = 0.53
2025-01-30 23:39:43,318 - INFO - Loaded best model with val loss: 1.2756
2025-01-30 23:40:40,168 - INFO - Starting Epoch 1/20
2025-01-30 23:41:13,239 - INFO - Val Loss = 1.4673, Val Accuracy = 0.53%, Precision = 0.44, Recall = 0.53, F1 = 0.45
2025-01-30 23:41:13,281 - INFO - Best model saved at epoch 1 with val loss: 1.4673
2025-01-30 23:41:13,282 - INFO - Starting Epoch 2/20
2025-01-30 23:41:45,521 - INFO - Val Loss = 1.3808, Val Accuracy = 0.52%, Precision = 0.44, Recall = 0.52, F1 = 0.46
2025-01-30 23:41:45,561 - INFO - Best model saved at epoch 2 with val loss: 1.3808
2025-01-30 23:41:45,562 - INFO - Starting Epoch 3/20
2025-01-30 23:42:18,277 - INFO - Val Loss = 1.3230, Val Accuracy = 0.55%, Precision = 0.46, Recall = 0.55, F1 = 0.49
2025-01-30 23:42:18,328 - INFO - Best model saved at epoch 3 with val loss: 1.3230
2025-01-30 23:42:18,329 - INFO - Starting Epoch 4/20
2025-01-30 23:42:51,276 - INFO - Val Loss = 1.3411, Val Accuracy = 0.55%, Precision = 0.47, Recall = 0.55, F1 = 0.49
2025-01-30 23:42:51,277 - INFO - Starting Epoch 5/20
2025-01-30 23:43:23,924 - INFO - Val Loss = 1.3172, Val Accuracy = 0.55%, Precision = 0.47, Recall = 0.55, F1 = 0.49
2025-01-30 23:43:23,966 - INFO - Best model saved at epoch 5 with val loss: 1.3172
2025-01-30 23:43:23,966 - INFO - Starting Epoch 6/20
2025-01-30 23:43:56,695 - INFO - Val Loss = 1.3508, Val Accuracy = 0.55%, Precision = 0.47, Recall = 0.55, F1 = 0.49
2025-01-30 23:43:56,696 - INFO - Starting Epoch 7/20
2025-01-30 23:44:29,400 - INFO - Val Loss = 1.3208, Val Accuracy = 0.56%, Precision = 0.47, Recall = 0.56, F1 = 0.51
2025-01-30 23:44:29,401 - INFO - Starting Epoch 8/20
2025-01-30 23:45:02,228 - INFO - Val Loss = 1.3183, Val Accuracy = 0.56%, Precision = 0.47, Recall = 0.56, F1 = 0.50
2025-01-30 23:45:02,229 - INFO - Starting Epoch 9/20
2025-01-30 23:45:35,117 - INFO - Val Loss = 1.3336, Val Accuracy = 0.55%, Precision = 0.49, Recall = 0.55, F1 = 0.50
2025-01-30 23:45:35,118 - INFO - Starting Epoch 10/20
2025-01-30 23:46:07,457 - INFO - Val Loss = 1.3281, Val Accuracy = 0.56%, Precision = 0.50, Recall = 0.56, F1 = 0.51
2025-01-30 23:46:07,458 - INFO - Starting Epoch 11/20
2025-01-30 23:46:40,061 - INFO - Val Loss = 1.3060, Val Accuracy = 0.57%, Precision = 0.51, Recall = 0.57, F1 = 0.53
2025-01-30 23:46:40,102 - INFO - Best model saved at epoch 11 with val loss: 1.3060
2025-01-30 23:46:40,102 - INFO - Starting Epoch 12/20
2025-01-30 23:47:13,211 - INFO - Val Loss = 1.3483, Val Accuracy = 0.55%, Precision = 0.52, Recall = 0.55, F1 = 0.52
2025-01-30 23:47:13,212 - INFO - Starting Epoch 13/20
2025-01-30 23:47:45,660 - INFO - Val Loss = 1.3431, Val Accuracy = 0.56%, Precision = 0.52, Recall = 0.56, F1 = 0.53
2025-01-30 23:47:45,661 - INFO - Starting Epoch 14/20
2025-01-30 23:48:17,904 - INFO - Val Loss = 1.3536, Val Accuracy = 0.55%, Precision = 0.51, Recall = 0.55, F1 = 0.53
2025-01-30 23:48:17,904 - INFO - Starting Epoch 15/20
2025-01-30 23:48:50,115 - INFO - Val Loss = 1.3256, Val Accuracy = 0.57%, Precision = 0.54, Recall = 0.57, F1 = 0.55
2025-01-30 23:48:50,115 - INFO - Starting Epoch 16/20
2025-01-30 23:49:23,655 - INFO - Val Loss = 1.3828, Val Accuracy = 0.56%, Precision = 0.52, Recall = 0.56, F1 = 0.54
2025-01-30 23:49:23,656 - INFO - Starting Epoch 17/20
2025-01-30 23:49:56,462 - INFO - Val Loss = 1.3573, Val Accuracy = 0.57%, Precision = 0.54, Recall = 0.57, F1 = 0.55
2025-01-30 23:49:56,463 - INFO - Starting Epoch 18/20
2025-01-30 23:50:29,052 - INFO - Val Loss = 1.4148, Val Accuracy = 0.56%, Precision = 0.52, Recall = 0.56, F1 = 0.54
2025-01-30 23:50:29,053 - INFO - Starting Epoch 19/20
2025-01-30 23:51:01,197 - INFO - Val Loss = 1.4440, Val Accuracy = 0.55%, Precision = 0.53, Recall = 0.55, F1 = 0.54
2025-01-30 23:51:01,197 - INFO - Starting Epoch 20/20
2025-01-30 23:51:33,616 - INFO - Val Loss = 1.4449, Val Accuracy = 0.56%, Precision = 0.52, Recall = 0.56, F1 = 0.54
2025-01-30 23:51:33,652 - INFO - Loaded best model with val loss: 1.3060
2025-01-31 00:18:36,953 - INFO - Starting Epoch 1/20
2025-01-31 00:19:11,034 - INFO - Val Loss = 1.4105, Val Accuracy = 0.54%, Precision = 0.45, Recall = 0.54, F1 = 0.48
2025-01-31 00:19:11,078 - INFO - Best model saved at epoch 1 with val loss: 1.4105
2025-01-31 00:19:11,079 - INFO - Starting Epoch 2/20
2025-01-31 00:19:45,301 - INFO - Val Loss = 1.3641, Val Accuracy = 0.55%, Precision = 0.49, Recall = 0.55, F1 = 0.50
2025-01-31 00:19:45,343 - INFO - Best model saved at epoch 2 with val loss: 1.3641
2025-01-31 00:19:45,343 - INFO - Starting Epoch 3/20
2025-01-31 00:20:18,759 - INFO - Val Loss = 1.3467, Val Accuracy = 0.55%, Precision = 0.55, Recall = 0.55, F1 = 0.50
2025-01-31 00:20:18,802 - INFO - Best model saved at epoch 3 with val loss: 1.3467
2025-01-31 00:20:18,803 - INFO - Starting Epoch 4/20
2025-01-31 00:20:52,206 - INFO - Val Loss = 1.3272, Val Accuracy = 0.55%, Precision = 0.53, Recall = 0.55, F1 = 0.50
2025-01-31 00:20:52,250 - INFO - Best model saved at epoch 4 with val loss: 1.3272
2025-01-31 00:20:52,251 - INFO - Starting Epoch 5/20
2025-01-31 00:21:25,060 - INFO - Val Loss = 1.3016, Val Accuracy = 0.57%, Precision = 0.54, Recall = 0.57, F1 = 0.53
2025-01-31 00:21:25,085 - INFO - Best model saved at epoch 5 with val loss: 1.3016
2025-01-31 00:21:25,086 - INFO - Starting Epoch 6/20
2025-01-31 00:21:58,485 - INFO - Val Loss = 1.3103, Val Accuracy = 0.58%, Precision = 0.55, Recall = 0.58, F1 = 0.53
2025-01-31 00:21:58,487 - INFO - Starting Epoch 7/20
2025-01-31 00:22:31,796 - INFO - Val Loss = 1.3258, Val Accuracy = 0.57%, Precision = 0.54, Recall = 0.57, F1 = 0.52
2025-01-31 00:22:31,798 - INFO - Starting Epoch 8/20
2025-01-31 00:23:04,932 - INFO - Val Loss = 1.3133, Val Accuracy = 0.58%, Precision = 0.55, Recall = 0.58, F1 = 0.53
2025-01-31 00:23:04,933 - INFO - Starting Epoch 9/20
2025-01-31 00:23:38,394 - INFO - Val Loss = 1.3176, Val Accuracy = 0.58%, Precision = 0.54, Recall = 0.58, F1 = 0.53
2025-01-31 00:23:38,396 - INFO - Starting Epoch 10/20
2025-01-31 00:24:11,522 - INFO - Val Loss = 1.2911, Val Accuracy = 0.58%, Precision = 0.55, Recall = 0.58, F1 = 0.54
2025-01-31 00:24:11,562 - INFO - Best model saved at epoch 10 with val loss: 1.2911
2025-01-31 00:24:11,562 - INFO - Starting Epoch 11/20
2025-01-31 00:24:46,043 - INFO - Val Loss = 1.2944, Val Accuracy = 0.58%, Precision = 0.54, Recall = 0.58, F1 = 0.54
2025-01-31 00:24:46,044 - INFO - Starting Epoch 12/20
2025-01-31 00:25:19,481 - INFO - Val Loss = 1.3309, Val Accuracy = 0.57%, Precision = 0.54, Recall = 0.57, F1 = 0.53
2025-01-31 00:25:19,481 - INFO - Starting Epoch 13/20
2025-01-31 00:25:52,550 - INFO - Val Loss = 1.3266, Val Accuracy = 0.57%, Precision = 0.53, Recall = 0.57, F1 = 0.53
2025-01-31 00:25:52,551 - INFO - Starting Epoch 14/20
2025-01-31 00:26:25,363 - INFO - Val Loss = 1.3081, Val Accuracy = 0.57%, Precision = 0.53, Recall = 0.57, F1 = 0.53
2025-01-31 00:26:25,364 - INFO - Starting Epoch 15/20
2025-01-31 00:26:58,463 - INFO - Val Loss = 1.3189, Val Accuracy = 0.58%, Precision = 0.53, Recall = 0.58, F1 = 0.54
2025-01-31 00:26:58,463 - INFO - Starting Epoch 16/20
2025-01-31 00:27:31,399 - INFO - Val Loss = 1.3231, Val Accuracy = 0.57%, Precision = 0.54, Recall = 0.57, F1 = 0.54
2025-01-31 00:27:31,400 - INFO - Starting Epoch 17/20
2025-01-31 00:28:04,585 - INFO - Val Loss = 1.3695, Val Accuracy = 0.54%, Precision = 0.52, Recall = 0.54, F1 = 0.53
2025-01-31 00:28:04,586 - INFO - Starting Epoch 18/20
2025-01-31 00:28:37,882 - INFO - Val Loss = 1.3794, Val Accuracy = 0.54%, Precision = 0.53, Recall = 0.54, F1 = 0.53
2025-01-31 00:28:37,883 - INFO - Starting Epoch 19/20
2025-01-31 00:29:10,928 - INFO - Val Loss = 1.3913, Val Accuracy = 0.54%, Precision = 0.53, Recall = 0.54, F1 = 0.53
2025-01-31 00:29:10,930 - INFO - Starting Epoch 20/20
2025-01-31 00:29:44,176 - INFO - Val Loss = 1.4446, Val Accuracy = 0.52%, Precision = 0.54, Recall = 0.52, F1 = 0.51
2025-01-31 00:29:44,176 - INFO - Early stopping at epoch 20
2025-01-31 00:29:44,211 - INFO - Loaded best model with val loss: 1.2911
2025-01-31 00:38:45,345 - INFO - Starting Epoch 1/20
2025-01-31 00:39:19,269 - INFO - Val Loss = 1.4048, Val Accuracy = 0.54%, Precision = 0.49, Recall = 0.54, F1 = 0.48
2025-01-31 00:39:19,307 - INFO - Best model saved at epoch 1 with val loss: 1.4048
2025-01-31 00:39:19,308 - INFO - Starting Epoch 2/20
2025-01-31 00:39:53,601 - INFO - Val Loss = 1.3936, Val Accuracy = 0.56%, Precision = 0.53, Recall = 0.56, F1 = 0.51
2025-01-31 00:39:53,642 - INFO - Best model saved at epoch 2 with val loss: 1.3936
2025-01-31 00:39:53,642 - INFO - Starting Epoch 3/20
2025-01-31 00:40:26,981 - INFO - Val Loss = 1.3365, Val Accuracy = 0.57%, Precision = 0.53, Recall = 0.57, F1 = 0.52
2025-01-31 00:40:27,008 - INFO - Best model saved at epoch 3 with val loss: 1.3365
2025-01-31 00:40:27,008 - INFO - Starting Epoch 4/20
2025-01-31 00:41:00,862 - INFO - Val Loss = 1.3427, Val Accuracy = 0.55%, Precision = 0.53, Recall = 0.55, F1 = 0.51
2025-01-31 00:41:00,862 - INFO - Starting Epoch 5/20
2025-01-31 00:41:33,517 - INFO - Val Loss = 1.3236, Val Accuracy = 0.56%, Precision = 0.53, Recall = 0.56, F1 = 0.53
2025-01-31 00:41:33,558 - INFO - Best model saved at epoch 5 with val loss: 1.3236
2025-01-31 00:41:33,558 - INFO - Starting Epoch 6/20
2025-01-31 00:42:06,383 - INFO - Val Loss = 1.3238, Val Accuracy = 0.57%, Precision = 0.53, Recall = 0.57, F1 = 0.53
2025-01-31 00:42:06,385 - INFO - Starting Epoch 7/20
2025-01-31 00:42:39,676 - INFO - Val Loss = 1.3147, Val Accuracy = 0.57%, Precision = 0.53, Recall = 0.57, F1 = 0.53
2025-01-31 00:42:39,723 - INFO - Best model saved at epoch 7 with val loss: 1.3147
2025-01-31 00:42:39,723 - INFO - Starting Epoch 8/20
2025-01-31 00:43:13,714 - INFO - Val Loss = 1.3066, Val Accuracy = 0.57%, Precision = 0.52, Recall = 0.57, F1 = 0.53
2025-01-31 00:43:13,739 - INFO - Best model saved at epoch 8 with val loss: 1.3066
2025-01-31 00:43:13,740 - INFO - Starting Epoch 9/20
2025-01-31 00:43:46,838 - INFO - Val Loss = 1.3268, Val Accuracy = 0.57%, Precision = 0.52, Recall = 0.57, F1 = 0.53
2025-01-31 00:43:46,840 - INFO - Starting Epoch 10/20
2025-01-31 00:44:19,796 - INFO - Val Loss = 1.2962, Val Accuracy = 0.59%, Precision = 0.54, Recall = 0.59, F1 = 0.55
2025-01-31 00:44:19,833 - INFO - Best model saved at epoch 10 with val loss: 1.2962
2025-01-31 00:44:19,834 - INFO - Starting Epoch 11/20
2025-01-31 00:44:53,157 - INFO - Val Loss = 1.3052, Val Accuracy = 0.58%, Precision = 0.54, Recall = 0.58, F1 = 0.55
2025-01-31 00:44:53,159 - INFO - Starting Epoch 12/20
2025-01-31 00:45:26,330 - INFO - Val Loss = 1.3302, Val Accuracy = 0.57%, Precision = 0.55, Recall = 0.57, F1 = 0.55
2025-01-31 00:45:26,332 - INFO - Starting Epoch 13/20
2025-01-31 00:45:59,071 - INFO - Val Loss = 1.3215, Val Accuracy = 0.59%, Precision = 0.55, Recall = 0.59, F1 = 0.56
2025-01-31 00:45:59,073 - INFO - Starting Epoch 14/20
2025-01-31 00:46:31,657 - INFO - Val Loss = 1.3337, Val Accuracy = 0.57%, Precision = 0.53, Recall = 0.57, F1 = 0.54
2025-01-31 00:46:31,659 - INFO - Starting Epoch 15/20
2025-01-31 00:47:05,164 - INFO - Val Loss = 1.3013, Val Accuracy = 0.60%, Precision = 0.55, Recall = 0.60, F1 = 0.56
2025-01-31 00:47:05,164 - INFO - Starting Epoch 16/20
2025-01-31 00:47:37,869 - INFO - Val Loss = 1.3505, Val Accuracy = 0.58%, Precision = 0.55, Recall = 0.58, F1 = 0.55
2025-01-31 00:47:37,871 - INFO - Starting Epoch 17/20
2025-01-31 00:48:10,837 - INFO - Val Loss = 1.3109, Val Accuracy = 0.59%, Precision = 0.55, Recall = 0.59, F1 = 0.56
2025-01-31 00:48:10,838 - INFO - Starting Epoch 18/20
2025-01-31 00:48:43,828 - INFO - Val Loss = 1.3668, Val Accuracy = 0.57%, Precision = 0.53, Recall = 0.57, F1 = 0.55
2025-01-31 00:48:43,829 - INFO - Starting Epoch 19/20
2025-01-31 00:49:17,104 - INFO - Val Loss = 1.4165, Val Accuracy = 0.56%, Precision = 0.53, Recall = 0.56, F1 = 0.54
2025-01-31 00:49:17,104 - INFO - Starting Epoch 20/20
2025-01-31 00:49:50,535 - INFO - Val Loss = 1.4313, Val Accuracy = 0.55%, Precision = 0.54, Recall = 0.55, F1 = 0.54
2025-01-31 00:49:50,536 - INFO - Early stopping at epoch 20
2025-01-31 00:49:50,569 - INFO - Loaded best model with val loss: 1.2962
2025-01-31 00:50:45,292 - INFO - Starting Epoch 1/20
2025-01-31 00:51:19,095 - INFO - Val Loss = 1.4304, Val Accuracy = 0.52%, Precision = 0.44, Recall = 0.52, F1 = 0.47
2025-01-31 00:51:19,134 - INFO - Best model saved at epoch 1 with val loss: 1.4304
2025-01-31 00:51:19,134 - INFO - Starting Epoch 2/20
2025-01-31 00:51:52,070 - INFO - Val Loss = 1.3521, Val Accuracy = 0.56%, Precision = 0.51, Recall = 0.56, F1 = 0.51
2025-01-31 00:51:52,112 - INFO - Best model saved at epoch 2 with val loss: 1.3521
2025-01-31 00:51:52,113 - INFO - Starting Epoch 3/20
2025-01-31 00:52:25,289 - INFO - Val Loss = 1.3170, Val Accuracy = 0.56%, Precision = 0.53, Recall = 0.56, F1 = 0.52
2025-01-31 00:52:25,335 - INFO - Best model saved at epoch 3 with val loss: 1.3170
2025-01-31 00:52:25,335 - INFO - Starting Epoch 4/20
2025-01-31 00:52:57,499 - INFO - Val Loss = 1.3348, Val Accuracy = 0.58%, Precision = 0.52, Recall = 0.58, F1 = 0.53
2025-01-31 00:52:57,500 - INFO - Starting Epoch 5/20
2025-01-31 00:53:30,762 - INFO - Val Loss = 1.3142, Val Accuracy = 0.57%, Precision = 0.54, Recall = 0.57, F1 = 0.52
2025-01-31 00:53:30,807 - INFO - Best model saved at epoch 5 with val loss: 1.3142
2025-01-31 00:53:30,808 - INFO - Starting Epoch 6/20
2025-01-31 00:54:03,386 - INFO - Val Loss = 1.3127, Val Accuracy = 0.57%, Precision = 0.53, Recall = 0.57, F1 = 0.52
2025-01-31 00:54:03,431 - INFO - Best model saved at epoch 6 with val loss: 1.3127
2025-01-31 00:54:03,432 - INFO - Starting Epoch 7/20
2025-01-31 00:54:36,545 - INFO - Val Loss = 1.2947, Val Accuracy = 0.58%, Precision = 0.54, Recall = 0.58, F1 = 0.54
2025-01-31 00:54:36,586 - INFO - Best model saved at epoch 7 with val loss: 1.2947
2025-01-31 00:54:36,586 - INFO - Starting Epoch 8/20
2025-01-31 00:55:09,705 - INFO - Val Loss = 1.3246, Val Accuracy = 0.58%, Precision = 0.53, Recall = 0.58, F1 = 0.53
2025-01-31 00:55:09,706 - INFO - Starting Epoch 9/20
2025-01-31 00:55:43,016 - INFO - Val Loss = 1.2819, Val Accuracy = 0.59%, Precision = 0.53, Recall = 0.59, F1 = 0.54
2025-01-31 00:55:43,060 - INFO - Best model saved at epoch 9 with val loss: 1.2819
2025-01-31 00:55:43,060 - INFO - Starting Epoch 10/20
2025-01-31 00:56:15,732 - INFO - Val Loss = 1.2927, Val Accuracy = 0.58%, Precision = 0.54, Recall = 0.58, F1 = 0.54
2025-01-31 00:56:15,733 - INFO - Starting Epoch 11/20
2025-01-31 00:56:48,664 - INFO - Val Loss = 1.2857, Val Accuracy = 0.58%, Precision = 0.54, Recall = 0.58, F1 = 0.54
2025-01-31 00:56:48,665 - INFO - Starting Epoch 12/20
2025-01-31 00:57:21,725 - INFO - Val Loss = 1.3069, Val Accuracy = 0.58%, Precision = 0.54, Recall = 0.58, F1 = 0.55
2025-01-31 00:57:21,726 - INFO - Starting Epoch 13/20
2025-01-31 00:57:54,498 - INFO - Val Loss = 1.2907, Val Accuracy = 0.58%, Precision = 0.54, Recall = 0.58, F1 = 0.53
2025-01-31 00:57:54,499 - INFO - Starting Epoch 14/20
2025-01-31 00:58:27,633 - INFO - Val Loss = 1.3331, Val Accuracy = 0.58%, Precision = 0.55, Recall = 0.58, F1 = 0.54
2025-01-31 00:58:27,634 - INFO - Starting Epoch 15/20
2025-01-31 00:59:00,565 - INFO - Val Loss = 1.3340, Val Accuracy = 0.57%, Precision = 0.53, Recall = 0.57, F1 = 0.53
2025-01-31 00:59:00,566 - INFO - Starting Epoch 16/20
2025-01-31 00:59:33,867 - INFO - Val Loss = 1.3664, Val Accuracy = 0.54%, Precision = 0.53, Recall = 0.54, F1 = 0.52
2025-01-31 00:59:33,868 - INFO - Starting Epoch 17/20
2025-01-31 01:00:07,392 - INFO - Val Loss = 1.3936, Val Accuracy = 0.53%, Precision = 0.53, Recall = 0.53, F1 = 0.52
2025-01-31 01:00:07,392 - INFO - Starting Epoch 18/20
2025-01-31 01:00:40,775 - INFO - Val Loss = 1.4530, Val Accuracy = 0.50%, Precision = 0.52, Recall = 0.50, F1 = 0.50
2025-01-31 01:00:40,776 - INFO - Starting Epoch 19/20
2025-01-31 01:01:20,265 - INFO - Val Loss = 1.4430, Val Accuracy = 0.51%, Precision = 0.53, Recall = 0.51, F1 = 0.51
2025-01-31 01:01:20,266 - INFO - Early stopping at epoch 19
2025-01-31 01:01:20,304 - INFO - Loaded best model with val loss: 1.2819
