2025-01-29 11:23:48,854 - INFO - Starting Epoch 1/20
2025-01-29 11:53:31,350 - INFO - Starting Epoch 1/20
2025-01-29 12:23:01,601 - INFO - Starting Epoch 1/20
2025-01-29 12:41:08,277 - INFO - Starting Epoch 1/20
2025-01-29 13:25:37,514 - INFO - Starting Epoch 1/20
2025-01-29 13:28:06,053 - INFO - Starting Epoch 1/20
2025-01-29 13:56:37,992 - INFO - Starting Epoch 1/20
2025-01-29 14:21:57,285 - INFO - Starting Epoch 1/20
2025-01-29 14:23:16,413 - INFO - Starting Epoch 1/20
2025-01-29 14:27:44,478 - INFO - Starting Epoch 1/20
2025-01-29 14:28:12,702 - INFO - Starting Epoch 1/20
2025-01-29 14:31:05,348 - INFO - Starting Epoch 1/20
2025-01-29 14:39:49,540 - INFO - Starting Epoch 1/20
2025-01-29 14:49:14,660 - INFO - Starting Epoch 1/20
2025-01-29 15:01:11,564 - INFO - Starting Epoch 1/20
2025-01-29 15:04:27,146 - INFO - Starting Epoch 1/20
2025-01-29 15:15:04,749 - INFO - Starting Epoch 1/20
2025-01-29 15:17:10,946 - INFO - Starting Epoch 1/20
2025-01-29 15:48:39,871 - INFO - Starting Epoch 1/20
2025-01-29 15:57:56,403 - INFO - Starting Epoch 1/20
2025-01-29 16:09:51,399 - INFO - Starting Epoch 1/20
2025-01-29 17:38:18,110 - INFO - Starting Epoch 1/20
2025-01-29 18:07:30,479 - INFO - Starting Epoch 1/20
2025-01-29 18:23:46,535 - INFO - Starting Epoch 1/20
2025-01-29 18:57:25,088 - INFO - Starting Epoch 1/20
2025-01-29 21:45:13,997 - INFO - Starting Epoch 1/20
2025-01-29 21:46:40,221 - INFO - Starting Epoch 1/20
2025-01-29 21:50:41,916 - INFO - Starting Epoch 1/20
2025-01-29 22:00:20,169 - INFO - Starting Epoch 1/20
2025-01-29 22:08:47,757 - INFO - Starting Epoch 1/20
2025-01-29 22:11:46,424 - INFO - Starting Epoch 1/20
2025-01-29 22:13:33,483 - INFO - Starting Epoch 1/20
2025-01-29 22:29:27,485 - INFO - Starting Epoch 1/20
2025-01-29 22:32:46,563 - INFO - Starting Epoch 1/20
2025-01-29 22:33:38,394 - INFO - Starting Epoch 1/20
2025-01-29 22:34:57,646 - INFO - Starting Epoch 1/20
2025-01-29 22:47:10,022 - INFO - Starting Epoch 1/20
2025-01-29 22:52:08,617 - INFO - Starting Epoch 1/20
2025-01-29 23:20:06,228 - INFO - Starting Epoch 1/20
2025-01-29 23:23:21,907 - INFO - Starting Epoch 1/20
2025-01-29 23:27:07,162 - INFO - Starting Epoch 1/20
2025-01-29 23:31:05,720 - INFO - Starting Epoch 1/20
2025-01-29 23:37:30,922 - INFO - Starting Epoch 1/20
2025-01-29 23:40:30,185 - INFO - Starting Epoch 1/20
2025-01-29 23:43:17,890 - INFO - Starting Epoch 1/20
2025-01-29 23:45:40,563 - INFO - Starting Epoch 1/20
2025-01-29 23:50:27,329 - INFO - Starting Epoch 1/20
2025-01-29 23:58:53,321 - INFO - Starting Epoch 1/20
2025-01-29 23:59:37,676 - INFO - Starting Epoch 1/20
2025-01-30 00:05:40,301 - INFO - Starting Epoch 1/20
2025-01-30 00:08:44,434 - INFO - Starting Epoch 1/20
2025-01-30 00:14:05,626 - INFO - Starting Epoch 1/20
2025-01-30 00:15:48,482 - INFO - Starting Epoch 1/20
2025-01-30 00:18:53,454 - INFO - Starting Epoch 1/20
2025-01-30 00:24:58,318 - INFO - Starting Epoch 1/20
2025-01-30 00:34:14,677 - INFO - Starting Epoch 1/20
2025-01-30 02:37:56,996 - INFO - Starting Epoch 1/20
2025-01-30 02:41:30,544 - INFO - Starting Epoch 1/20
2025-01-30 02:44:01,049 - INFO - Starting Epoch 1/20
2025-01-30 02:58:33,145 - INFO - Starting Epoch 1/20
2025-01-30 08:46:32,904 - INFO - Starting Epoch 1/20
2025-01-30 08:47:42,058 - INFO - Starting Epoch 1/20
2025-01-30 08:49:50,684 - INFO - Starting Epoch 1/20
2025-01-30 08:53:23,217 - INFO - Starting Epoch 1/20
2025-01-30 08:55:34,677 - INFO - Starting Epoch 1/20
2025-01-30 08:56:43,693 - INFO - Starting Epoch 1/20
2025-01-30 09:26:58,935 - INFO - Starting Epoch 1/20
2025-01-30 09:29:53,638 - INFO - Starting Epoch 1/20
2025-01-30 09:33:43,853 - INFO - Starting Epoch 1/20
2025-01-30 09:37:39,027 - INFO - Starting Epoch 1/20
2025-01-30 09:39:44,316 - INFO - Starting Epoch 1/20
2025-01-30 09:44:26,900 - INFO - Starting Epoch 1/20
2025-01-30 09:47:10,748 - INFO - Starting Epoch 1/20
2025-01-30 09:58:39,724 - INFO - Starting Epoch 1/20
2025-01-30 09:59:52,926 - INFO - Starting Epoch 1/20
2025-01-30 10:21:27,295 - INFO - Starting Epoch 1/20
2025-01-30 10:28:12,141 - INFO - Starting Epoch 1/20
2025-01-30 10:28:47,532 - INFO - Val Loss = 1.9468, Val Accuracy = 0.12%, Precision = 0.01, Recall = 0.12, F1 = 0.03
2025-01-30 10:28:47,534 - INFO - Starting Epoch 2/20
2025-01-30 10:29:21,797 - INFO - Val Loss = 1.9457, Val Accuracy = 0.14%, Precision = 0.02, Recall = 0.14, F1 = 0.03
2025-01-30 10:29:21,800 - INFO - Starting Epoch 3/20
2025-01-30 10:30:26,302 - INFO - Starting Epoch 1/20
2025-01-30 10:31:00,736 - INFO - Val Loss = 1.9464, Val Accuracy = 0.14%, Precision = 0.02, Recall = 0.14, F1 = 0.03
2025-01-30 10:31:00,739 - INFO - Starting Epoch 2/20
2025-01-30 10:31:34,205 - INFO - Val Loss = 1.9457, Val Accuracy = 0.16%, Precision = 0.03, Recall = 0.16, F1 = 0.04
2025-01-30 10:31:34,208 - INFO - Starting Epoch 3/20
2025-01-30 10:32:07,658 - INFO - Val Loss = 1.9463, Val Accuracy = 0.15%, Precision = 0.02, Recall = 0.15, F1 = 0.04
2025-01-30 10:32:07,660 - INFO - Starting Epoch 4/20
2025-01-30 10:32:41,941 - INFO - Val Loss = 1.9456, Val Accuracy = 0.16%, Precision = 0.02, Recall = 0.16, F1 = 0.04
2025-01-30 10:32:41,943 - INFO - Starting Epoch 5/20
2025-01-30 10:33:15,703 - INFO - Val Loss = 1.9462, Val Accuracy = 0.15%, Precision = 0.02, Recall = 0.15, F1 = 0.04
2025-01-30 10:33:15,703 - INFO - Starting Epoch 6/20
2025-01-30 10:33:49,970 - INFO - Val Loss = 1.9463, Val Accuracy = 0.15%, Precision = 0.02, Recall = 0.15, F1 = 0.04
2025-01-30 10:33:49,971 - INFO - Starting Epoch 7/20
2025-01-30 10:34:24,186 - INFO - Val Loss = 1.9469, Val Accuracy = 0.13%, Precision = 0.02, Recall = 0.13, F1 = 0.03
2025-01-30 10:34:24,187 - INFO - Starting Epoch 8/20
2025-01-30 10:34:58,229 - INFO - Val Loss = 1.9467, Val Accuracy = 0.12%, Precision = 0.02, Recall = 0.12, F1 = 0.03
2025-01-30 10:34:58,230 - INFO - Starting Epoch 9/20
2025-01-30 10:35:29,214 - INFO - Starting Epoch 1/20
2025-01-30 10:36:03,687 - INFO - Val Loss = 1.9171, Val Accuracy = 0.42%, Precision = 0.18, Recall = 0.42, F1 = 0.25
2025-01-30 10:36:03,688 - INFO - Starting Epoch 2/20
2025-01-30 10:36:36,886 - INFO - Val Loss = 1.9431, Val Accuracy = 0.14%, Precision = 0.02, Recall = 0.14, F1 = 0.03
2025-01-30 10:36:36,887 - INFO - Starting Epoch 3/20
2025-01-30 10:37:10,149 - INFO - Val Loss = 1.9499, Val Accuracy = 0.14%, Precision = 0.02, Recall = 0.14, F1 = 0.03
2025-01-30 10:37:10,150 - INFO - Starting Epoch 4/20
2025-01-30 10:37:43,484 - INFO - Val Loss = 1.9463, Val Accuracy = 0.14%, Precision = 0.02, Recall = 0.14, F1 = 0.03
2025-01-30 10:37:43,485 - INFO - Starting Epoch 5/20
2025-01-30 10:38:16,792 - INFO - Val Loss = 1.9503, Val Accuracy = 0.02%, Precision = 0.00, Recall = 0.02, F1 = 0.00
2025-01-30 10:38:16,793 - INFO - Starting Epoch 6/20
2025-01-30 10:38:50,457 - INFO - Val Loss = 1.9355, Val Accuracy = 0.42%, Precision = 0.18, Recall = 0.42, F1 = 0.25
2025-01-30 10:38:50,458 - INFO - Starting Epoch 7/20
2025-01-30 10:39:24,154 - INFO - Val Loss = 1.9404, Val Accuracy = 0.14%, Precision = 0.02, Recall = 0.14, F1 = 0.03
2025-01-30 10:39:24,155 - INFO - Starting Epoch 8/20
2025-01-30 10:39:58,069 - INFO - Val Loss = 1.9383, Val Accuracy = 0.42%, Precision = 0.18, Recall = 0.42, F1 = 0.25
2025-01-30 10:39:58,070 - INFO - Starting Epoch 9/20
2025-01-30 10:40:31,504 - INFO - Val Loss = 1.9449, Val Accuracy = 0.14%, Precision = 0.02, Recall = 0.14, F1 = 0.03
2025-01-30 10:40:31,505 - INFO - Starting Epoch 10/20
2025-01-30 10:41:04,889 - INFO - Val Loss = 1.9498, Val Accuracy = 0.14%, Precision = 0.02, Recall = 0.14, F1 = 0.03
2025-01-30 10:41:04,890 - INFO - Starting Epoch 11/20
2025-01-30 10:41:38,547 - INFO - Val Loss = 1.9427, Val Accuracy = 0.15%, Precision = 0.02, Recall = 0.15, F1 = 0.04
2025-01-30 10:41:38,548 - INFO - Early stopping at epoch 11
2025-01-30 10:41:38,598 - INFO - Best model saved with validation loss: 1.9171
2025-01-30 10:42:45,959 - INFO - Starting Epoch 1/20
2025-01-30 10:43:20,487 - INFO - Val Loss = 1.6353, Val Accuracy = 0.42%, Precision = 0.18, Recall = 0.42, F1 = 0.25
2025-01-30 10:43:20,489 - INFO - Starting Epoch 2/20
2025-01-30 10:43:54,930 - INFO - Val Loss = 1.6530, Val Accuracy = 0.42%, Precision = 0.18, Recall = 0.42, F1 = 0.25
2025-01-30 10:43:54,930 - INFO - Starting Epoch 3/20
2025-01-30 10:44:28,750 - INFO - Val Loss = 1.6507, Val Accuracy = 0.42%, Precision = 0.18, Recall = 0.42, F1 = 0.25
2025-01-30 10:44:28,751 - INFO - Starting Epoch 4/20
2025-01-30 10:45:02,825 - INFO - Val Loss = 1.6414, Val Accuracy = 0.42%, Precision = 0.18, Recall = 0.42, F1 = 0.25
2025-01-30 10:45:02,826 - INFO - Starting Epoch 5/20
2025-01-30 10:45:36,096 - INFO - Val Loss = 1.6374, Val Accuracy = 0.42%, Precision = 0.18, Recall = 0.42, F1 = 0.25
2025-01-30 10:45:36,097 - INFO - Starting Epoch 6/20
2025-01-30 10:46:09,896 - INFO - Val Loss = 1.6412, Val Accuracy = 0.42%, Precision = 0.18, Recall = 0.42, F1 = 0.25
2025-01-30 10:46:09,897 - INFO - Starting Epoch 7/20
2025-01-30 10:46:43,946 - INFO - Val Loss = 1.6330, Val Accuracy = 0.42%, Precision = 0.18, Recall = 0.42, F1 = 0.25
2025-01-30 10:46:43,948 - INFO - Starting Epoch 8/20
2025-01-30 10:47:17,731 - INFO - Val Loss = 1.6328, Val Accuracy = 0.42%, Precision = 0.18, Recall = 0.42, F1 = 0.25
2025-01-30 10:47:17,732 - INFO - Starting Epoch 9/20
2025-01-30 10:47:52,273 - INFO - Val Loss = 1.6331, Val Accuracy = 0.42%, Precision = 0.18, Recall = 0.42, F1 = 0.25
2025-01-30 10:47:52,274 - INFO - Starting Epoch 10/20
2025-01-30 10:48:25,762 - INFO - Val Loss = 1.6333, Val Accuracy = 0.42%, Precision = 0.18, Recall = 0.42, F1 = 0.25
2025-01-30 10:48:25,763 - INFO - Starting Epoch 11/20
2025-01-30 10:48:58,956 - INFO - Val Loss = 1.6326, Val Accuracy = 0.42%, Precision = 0.18, Recall = 0.42, F1 = 0.25
2025-01-30 10:48:58,959 - INFO - Starting Epoch 12/20
2025-01-30 10:49:32,328 - INFO - Val Loss = 1.6328, Val Accuracy = 0.42%, Precision = 0.18, Recall = 0.42, F1 = 0.25
2025-01-30 10:49:32,329 - INFO - Starting Epoch 13/20
2025-01-30 10:50:05,767 - INFO - Val Loss = 1.6324, Val Accuracy = 0.42%, Precision = 0.18, Recall = 0.42, F1 = 0.25
2025-01-30 10:50:05,769 - INFO - Starting Epoch 14/20
2025-01-30 10:50:39,368 - INFO - Val Loss = 1.6335, Val Accuracy = 0.42%, Precision = 0.18, Recall = 0.42, F1 = 0.25
2025-01-30 10:50:39,368 - INFO - Starting Epoch 15/20
2025-01-30 10:51:12,917 - INFO - Val Loss = 1.6330, Val Accuracy = 0.42%, Precision = 0.18, Recall = 0.42, F1 = 0.25
2025-01-30 10:51:12,918 - INFO - Starting Epoch 16/20
2025-01-30 10:51:43,560 - INFO - Starting Epoch 1/20
2025-01-30 10:52:17,971 - INFO - Val Loss = 1.6668, Val Accuracy = 0.42%, Precision = 0.18, Recall = 0.42, F1 = 0.25
2025-01-30 10:52:17,974 - INFO - Starting Epoch 2/20
2025-01-30 10:52:51,221 - INFO - Val Loss = 1.6518, Val Accuracy = 0.42%, Precision = 0.18, Recall = 0.42, F1 = 0.25
2025-01-30 10:52:51,223 - INFO - Starting Epoch 3/20
2025-01-30 10:53:24,698 - INFO - Val Loss = 1.6614, Val Accuracy = 0.42%, Precision = 0.18, Recall = 0.42, F1 = 0.25
2025-01-30 10:53:24,700 - INFO - Starting Epoch 4/20
2025-01-30 10:53:58,005 - INFO - Val Loss = 1.6647, Val Accuracy = 0.42%, Precision = 0.18, Recall = 0.42, F1 = 0.25
2025-01-30 10:53:58,007 - INFO - Starting Epoch 5/20
2025-01-30 10:54:31,793 - INFO - Val Loss = 1.6587, Val Accuracy = 0.42%, Precision = 0.18, Recall = 0.42, F1 = 0.25
2025-01-30 10:54:31,794 - INFO - Starting Epoch 6/20
2025-01-30 10:55:05,211 - INFO - Val Loss = 1.6388, Val Accuracy = 0.42%, Precision = 0.18, Recall = 0.42, F1 = 0.25
2025-01-30 10:55:05,213 - INFO - Starting Epoch 7/20
2025-01-30 10:55:38,521 - INFO - Val Loss = 1.6327, Val Accuracy = 0.42%, Precision = 0.18, Recall = 0.42, F1 = 0.25
2025-01-30 10:55:38,523 - INFO - Starting Epoch 8/20
2025-01-30 10:56:11,460 - INFO - Val Loss = 1.6312, Val Accuracy = 0.42%, Precision = 0.18, Recall = 0.42, F1 = 0.25
2025-01-30 10:56:11,462 - INFO - Starting Epoch 9/20
2025-01-30 10:56:45,415 - INFO - Val Loss = 1.6327, Val Accuracy = 0.42%, Precision = 0.18, Recall = 0.42, F1 = 0.25
2025-01-30 10:56:45,417 - INFO - Starting Epoch 10/20
2025-01-30 10:57:19,154 - INFO - Val Loss = 1.6340, Val Accuracy = 0.42%, Precision = 0.18, Recall = 0.42, F1 = 0.25
2025-01-30 10:57:19,156 - INFO - Starting Epoch 11/20
2025-01-30 10:57:53,426 - INFO - Val Loss = 1.6327, Val Accuracy = 0.42%, Precision = 0.18, Recall = 0.42, F1 = 0.25
2025-01-30 10:57:53,427 - INFO - Starting Epoch 12/20
2025-01-30 10:58:27,789 - INFO - Val Loss = 1.6332, Val Accuracy = 0.42%, Precision = 0.18, Recall = 0.42, F1 = 0.25
2025-01-30 10:58:27,789 - INFO - Starting Epoch 13/20
2025-01-30 10:59:01,428 - INFO - Val Loss = 1.6339, Val Accuracy = 0.42%, Precision = 0.18, Recall = 0.42, F1 = 0.25
2025-01-30 10:59:01,429 - INFO - Starting Epoch 14/20
2025-01-30 10:59:34,506 - INFO - Val Loss = 1.6332, Val Accuracy = 0.42%, Precision = 0.18, Recall = 0.42, F1 = 0.25
2025-01-30 10:59:34,506 - INFO - Starting Epoch 15/20
2025-01-30 11:00:07,597 - INFO - Val Loss = 1.6334, Val Accuracy = 0.42%, Precision = 0.18, Recall = 0.42, F1 = 0.25
2025-01-30 11:00:07,597 - INFO - Starting Epoch 16/20
2025-01-30 11:00:40,590 - INFO - Val Loss = 1.6339, Val Accuracy = 0.42%, Precision = 0.18, Recall = 0.42, F1 = 0.25
2025-01-30 11:00:40,591 - INFO - Starting Epoch 17/20
2025-01-30 11:01:13,397 - INFO - Val Loss = 1.6330, Val Accuracy = 0.42%, Precision = 0.18, Recall = 0.42, F1 = 0.25
2025-01-30 11:01:13,397 - INFO - Starting Epoch 18/20
2025-01-30 11:01:46,334 - INFO - Val Loss = 1.6334, Val Accuracy = 0.42%, Precision = 0.18, Recall = 0.42, F1 = 0.25
2025-01-30 11:01:46,335 - INFO - Early stopping at epoch 18
2025-01-30 11:01:46,384 - INFO - Best model saved with validation loss: 1.6312
2025-01-30 11:26:50,378 - INFO - Starting Epoch 1/20
2025-01-30 11:27:25,066 - INFO - Val Loss = 1.6854, Val Accuracy = 0.42%, Precision = 0.18, Recall = 0.42, F1 = 0.25
2025-01-30 11:27:25,067 - INFO - Starting Epoch 2/20
2025-01-30 11:27:59,018 - INFO - Val Loss = 1.6319, Val Accuracy = 0.42%, Precision = 0.18, Recall = 0.42, F1 = 0.25
2025-01-30 11:27:59,019 - INFO - Starting Epoch 3/20
2025-01-30 11:28:33,051 - INFO - Val Loss = 1.6536, Val Accuracy = 0.42%, Precision = 0.18, Recall = 0.42, F1 = 0.25
2025-01-30 11:28:33,052 - INFO - Starting Epoch 4/20
2025-01-30 11:29:19,642 - INFO - Starting Epoch 1/20
2025-01-30 11:29:55,490 - INFO - Val Loss = 1.6458, Val Accuracy = 0.42%, Precision = 0.18, Recall = 0.42, F1 = 0.25
2025-01-30 11:29:55,492 - INFO - Starting Epoch 2/20
2025-01-30 11:30:30,953 - INFO - Val Loss = 1.6454, Val Accuracy = 0.42%, Precision = 0.18, Recall = 0.42, F1 = 0.25
2025-01-30 11:30:30,956 - INFO - Starting Epoch 3/20
2025-01-30 11:31:06,216 - INFO - Val Loss = 1.6419, Val Accuracy = 0.42%, Precision = 0.18, Recall = 0.42, F1 = 0.25
2025-01-30 11:31:06,218 - INFO - Starting Epoch 4/20
2025-01-30 11:31:41,509 - INFO - Val Loss = 1.6355, Val Accuracy = 0.42%, Precision = 0.18, Recall = 0.42, F1 = 0.25
2025-01-30 11:31:41,511 - INFO - Starting Epoch 5/20
2025-01-30 11:32:17,509 - INFO - Val Loss = 1.6281, Val Accuracy = 0.42%, Precision = 0.18, Recall = 0.42, F1 = 0.25
2025-01-30 11:32:17,510 - INFO - Starting Epoch 6/20
2025-01-30 11:32:53,947 - INFO - Val Loss = 1.6324, Val Accuracy = 0.42%, Precision = 0.18, Recall = 0.42, F1 = 0.25
2025-01-30 11:32:53,947 - INFO - Starting Epoch 7/20
2025-01-30 11:33:36,646 - INFO - Starting Epoch 1/20
2025-01-30 11:34:13,375 - INFO - Val Loss = 1.6552, Val Accuracy = 0.42%, Precision = 0.18, Recall = 0.42, F1 = 0.25
2025-01-30 11:34:13,376 - INFO - Starting Epoch 2/20
2025-01-30 11:34:50,171 - INFO - Val Loss = 1.6595, Val Accuracy = 0.42%, Precision = 0.18, Recall = 0.42, F1 = 0.25
2025-01-30 11:34:50,172 - INFO - Starting Epoch 3/20
2025-01-30 11:35:25,753 - INFO - Val Loss = 1.6372, Val Accuracy = 0.42%, Precision = 0.18, Recall = 0.42, F1 = 0.25
2025-01-30 11:35:25,755 - INFO - Starting Epoch 4/20
2025-01-30 11:36:01,409 - INFO - Val Loss = 1.6490, Val Accuracy = 0.42%, Precision = 0.18, Recall = 0.42, F1 = 0.25
2025-01-30 11:36:01,409 - INFO - Starting Epoch 5/20
2025-01-30 11:36:31,576 - INFO - Starting Epoch 1/20
2025-01-30 11:36:53,977 - INFO - Val Loss = 1.6355, Val Accuracy = 0.42%, Precision = 0.18, Recall = 0.42, F1 = 0.25
2025-01-30 11:36:53,979 - INFO - Starting Epoch 2/20
2025-01-30 11:37:15,429 - INFO - Val Loss = 1.6531, Val Accuracy = 0.42%, Precision = 0.18, Recall = 0.42, F1 = 0.25
2025-01-30 11:37:15,430 - INFO - Starting Epoch 3/20
2025-01-30 11:37:37,108 - INFO - Val Loss = 1.6371, Val Accuracy = 0.42%, Precision = 0.18, Recall = 0.42, F1 = 0.25
2025-01-30 11:37:37,109 - INFO - Starting Epoch 4/20
2025-01-30 11:37:58,272 - INFO - Val Loss = 1.6465, Val Accuracy = 0.42%, Precision = 0.18, Recall = 0.42, F1 = 0.25
2025-01-30 11:37:58,272 - INFO - Starting Epoch 5/20
2025-01-30 11:38:19,582 - INFO - Val Loss = 1.6374, Val Accuracy = 0.42%, Precision = 0.18, Recall = 0.42, F1 = 0.25
2025-01-30 11:38:19,583 - INFO - Starting Epoch 6/20
2025-01-30 11:38:40,770 - INFO - Val Loss = 1.6285, Val Accuracy = 0.42%, Precision = 0.18, Recall = 0.42, F1 = 0.25
2025-01-30 11:38:40,771 - INFO - Starting Epoch 7/20
2025-01-30 11:39:02,259 - INFO - Val Loss = 1.6319, Val Accuracy = 0.42%, Precision = 0.18, Recall = 0.42, F1 = 0.25
2025-01-30 11:39:02,260 - INFO - Starting Epoch 8/20
2025-01-30 11:39:23,053 - INFO - Val Loss = 1.6332, Val Accuracy = 0.42%, Precision = 0.18, Recall = 0.42, F1 = 0.25
2025-01-30 11:39:23,053 - INFO - Starting Epoch 9/20
2025-01-30 11:39:44,397 - INFO - Val Loss = 1.6332, Val Accuracy = 0.42%, Precision = 0.18, Recall = 0.42, F1 = 0.25
2025-01-30 11:39:44,398 - INFO - Starting Epoch 10/20
2025-01-30 11:40:05,734 - INFO - Val Loss = 1.6328, Val Accuracy = 0.42%, Precision = 0.18, Recall = 0.42, F1 = 0.25
2025-01-30 11:40:05,735 - INFO - Starting Epoch 11/20
2025-01-30 11:40:27,547 - INFO - Val Loss = 1.6330, Val Accuracy = 0.42%, Precision = 0.18, Recall = 0.42, F1 = 0.25
2025-01-30 11:40:27,548 - INFO - Starting Epoch 12/20
2025-01-30 11:40:48,803 - INFO - Val Loss = 1.6329, Val Accuracy = 0.42%, Precision = 0.18, Recall = 0.42, F1 = 0.25
2025-01-30 11:40:48,804 - INFO - Starting Epoch 13/20
2025-01-30 11:41:10,295 - INFO - Val Loss = 1.6332, Val Accuracy = 0.42%, Precision = 0.18, Recall = 0.42, F1 = 0.25
2025-01-30 11:41:10,296 - INFO - Starting Epoch 14/20
2025-01-30 11:41:31,989 - INFO - Val Loss = 1.6332, Val Accuracy = 0.42%, Precision = 0.18, Recall = 0.42, F1 = 0.25
2025-01-30 11:41:31,990 - INFO - Starting Epoch 15/20
2025-01-30 11:41:53,256 - INFO - Val Loss = 1.6337, Val Accuracy = 0.42%, Precision = 0.18, Recall = 0.42, F1 = 0.25
2025-01-30 11:41:53,257 - INFO - Starting Epoch 16/20
2025-01-30 11:42:14,706 - INFO - Val Loss = 1.6331, Val Accuracy = 0.42%, Precision = 0.18, Recall = 0.42, F1 = 0.25
2025-01-30 11:42:14,707 - INFO - Early stopping at epoch 16
2025-01-30 11:42:14,755 - INFO - Best model saved with validation loss: 1.6285
2025-01-30 12:19:56,642 - INFO - Starting Epoch 1/20
2025-01-30 12:20:18,752 - INFO - Val Loss = 1.6440, Val Accuracy = 0.42%, Precision = 0.18, Recall = 0.42, F1 = 0.25
2025-01-30 12:20:18,754 - INFO - Starting Epoch 2/20
2025-01-30 12:20:40,423 - INFO - Val Loss = 1.6497, Val Accuracy = 0.42%, Precision = 0.18, Recall = 0.42, F1 = 0.25
2025-01-30 12:20:40,424 - INFO - Starting Epoch 3/20
2025-01-30 12:21:01,591 - INFO - Val Loss = 1.6405, Val Accuracy = 0.42%, Precision = 0.18, Recall = 0.42, F1 = 0.25
2025-01-30 12:21:01,592 - INFO - Starting Epoch 4/20
2025-01-30 12:21:22,666 - INFO - Val Loss = 1.6519, Val Accuracy = 0.42%, Precision = 0.18, Recall = 0.42, F1 = 0.25
2025-01-30 12:21:22,667 - INFO - Starting Epoch 5/20
2025-01-30 12:21:44,080 - INFO - Val Loss = 1.6318, Val Accuracy = 0.42%, Precision = 0.18, Recall = 0.42, F1 = 0.25
2025-01-30 12:21:44,081 - INFO - Starting Epoch 6/20
2025-01-30 12:22:05,094 - INFO - Val Loss = 1.6289, Val Accuracy = 0.42%, Precision = 0.18, Recall = 0.42, F1 = 0.25
2025-01-30 12:22:05,097 - INFO - Starting Epoch 7/20
2025-01-30 12:22:26,199 - INFO - Val Loss = 1.6333, Val Accuracy = 0.42%, Precision = 0.18, Recall = 0.42, F1 = 0.25
2025-01-30 12:22:26,199 - INFO - Starting Epoch 8/20
2025-01-30 12:23:06,464 - INFO - Starting Epoch 1/20
2025-01-30 12:23:28,007 - INFO - Val Loss = 1.5440, Val Accuracy = 0.46%, Precision = 0.25, Recall = 0.46, F1 = 0.32
2025-01-30 12:23:28,008 - INFO - Starting Epoch 2/20
2025-01-30 12:23:48,581 - INFO - Val Loss = 1.6350, Val Accuracy = 0.42%, Precision = 0.18, Recall = 0.42, F1 = 0.25
2025-01-30 12:23:48,582 - INFO - Starting Epoch 3/20
2025-01-30 12:24:09,198 - INFO - Val Loss = 1.6494, Val Accuracy = 0.42%, Precision = 0.18, Recall = 0.42, F1 = 0.25
2025-01-30 12:24:09,199 - INFO - Starting Epoch 4/20
2025-01-30 12:28:40,363 - INFO - Starting Epoch 1/20
2025-01-30 12:32:04,243 - INFO - Starting Epoch 1/20
2025-01-30 12:32:27,636 - INFO - Val Loss = 1.6481, Val Accuracy = 0.42%, Precision = 0.18, Recall = 0.42, F1 = 0.25
2025-01-30 12:32:27,637 - INFO - Starting Epoch 2/20
2025-01-30 12:32:50,449 - INFO - Val Loss = 1.6398, Val Accuracy = 0.42%, Precision = 0.18, Recall = 0.42, F1 = 0.25
2025-01-30 12:32:50,451 - INFO - Starting Epoch 3/20
2025-01-30 12:33:12,753 - INFO - Val Loss = 1.6331, Val Accuracy = 0.42%, Precision = 0.18, Recall = 0.42, F1 = 0.25
2025-01-30 12:33:12,754 - INFO - Starting Epoch 4/20
2025-01-30 12:33:35,221 - INFO - Val Loss = 1.6323, Val Accuracy = 0.42%, Precision = 0.18, Recall = 0.42, F1 = 0.25
2025-01-30 12:33:35,222 - INFO - Starting Epoch 5/20
2025-01-30 12:33:57,656 - INFO - Val Loss = 1.6305, Val Accuracy = 0.42%, Precision = 0.18, Recall = 0.42, F1 = 0.25
2025-01-30 12:33:57,658 - INFO - Starting Epoch 6/20
2025-01-30 12:34:20,125 - INFO - Val Loss = 1.6314, Val Accuracy = 0.42%, Precision = 0.18, Recall = 0.42, F1 = 0.25
2025-01-30 12:34:20,125 - INFO - Starting Epoch 7/20
2025-01-30 12:34:42,334 - INFO - Val Loss = 1.6334, Val Accuracy = 0.42%, Precision = 0.18, Recall = 0.42, F1 = 0.25
2025-01-30 12:34:42,335 - INFO - Starting Epoch 8/20
2025-01-30 12:35:04,245 - INFO - Val Loss = 1.6317, Val Accuracy = 0.42%, Precision = 0.18, Recall = 0.42, F1 = 0.25
2025-01-30 12:35:04,246 - INFO - Starting Epoch 9/20
2025-01-30 12:35:26,539 - INFO - Val Loss = 1.6327, Val Accuracy = 0.42%, Precision = 0.18, Recall = 0.42, F1 = 0.25
2025-01-30 12:35:26,539 - INFO - Starting Epoch 10/20
2025-01-30 12:35:49,139 - INFO - Val Loss = 1.6330, Val Accuracy = 0.42%, Precision = 0.18, Recall = 0.42, F1 = 0.25
2025-01-30 12:35:49,140 - INFO - Starting Epoch 11/20
2025-01-30 12:36:11,935 - INFO - Val Loss = 1.6337, Val Accuracy = 0.42%, Precision = 0.18, Recall = 0.42, F1 = 0.25
2025-01-30 12:36:11,936 - INFO - Starting Epoch 12/20
2025-01-30 12:36:33,541 - INFO - Val Loss = 1.6334, Val Accuracy = 0.42%, Precision = 0.18, Recall = 0.42, F1 = 0.25
2025-01-30 12:36:33,542 - INFO - Starting Epoch 13/20
2025-01-30 12:38:13,690 - INFO - Starting Epoch 1/20
2025-01-30 12:38:36,986 - INFO - Val Loss = 1.5500, Val Accuracy = 0.41%, Precision = 0.32, Recall = 0.41, F1 = 0.34
2025-01-30 12:38:36,987 - INFO - Starting Epoch 2/20
2025-01-30 12:38:59,466 - INFO - Val Loss = 1.6442, Val Accuracy = 0.42%, Precision = 0.18, Recall = 0.42, F1 = 0.25
2025-01-30 12:38:59,467 - INFO - Starting Epoch 3/20
2025-01-30 12:39:21,600 - INFO - Val Loss = 1.6477, Val Accuracy = 0.42%, Precision = 0.18, Recall = 0.42, F1 = 0.25
2025-01-30 12:39:21,601 - INFO - Starting Epoch 4/20
2025-01-30 12:39:43,860 - INFO - Val Loss = 1.6274, Val Accuracy = 0.42%, Precision = 0.18, Recall = 0.42, F1 = 0.25
2025-01-30 12:39:43,861 - INFO - Starting Epoch 5/20
2025-01-30 12:40:05,774 - INFO - Val Loss = 1.6350, Val Accuracy = 0.42%, Precision = 0.18, Recall = 0.42, F1 = 0.25
2025-01-30 12:40:05,775 - INFO - Starting Epoch 6/20
2025-01-30 12:40:28,019 - INFO - Val Loss = 1.6308, Val Accuracy = 0.42%, Precision = 0.18, Recall = 0.42, F1 = 0.25
2025-01-30 12:40:28,020 - INFO - Starting Epoch 7/20
2025-01-30 12:40:50,356 - INFO - Val Loss = 1.6290, Val Accuracy = 0.42%, Precision = 0.18, Recall = 0.42, F1 = 0.25
2025-01-30 12:40:50,357 - INFO - Starting Epoch 8/20
2025-01-30 12:41:12,763 - INFO - Val Loss = 1.6311, Val Accuracy = 0.42%, Precision = 0.18, Recall = 0.42, F1 = 0.25
2025-01-30 12:41:12,764 - INFO - Starting Epoch 9/20
2025-01-30 12:41:35,587 - INFO - Val Loss = 1.6320, Val Accuracy = 0.42%, Precision = 0.18, Recall = 0.42, F1 = 0.25
2025-01-30 12:41:35,588 - INFO - Starting Epoch 10/20
2025-01-30 12:41:57,890 - INFO - Val Loss = 1.6326, Val Accuracy = 0.42%, Precision = 0.18, Recall = 0.42, F1 = 0.25
2025-01-30 12:41:57,891 - INFO - Starting Epoch 11/20
2025-01-30 12:42:20,311 - INFO - Val Loss = 1.6329, Val Accuracy = 0.42%, Precision = 0.18, Recall = 0.42, F1 = 0.25
2025-01-30 12:42:20,311 - INFO - Early stopping at epoch 11
2025-01-30 12:42:20,348 - INFO - Best model saved with validation loss: 1.5500
2025-01-30 12:43:16,202 - INFO - Starting Epoch 1/20
2025-01-30 12:43:40,153 - INFO - Val Loss = 1.6618, Val Accuracy = 0.42%, Precision = 0.18, Recall = 0.42, F1 = 0.25
2025-01-30 12:43:40,156 - INFO - Starting Epoch 2/20
2025-01-30 12:46:39,016 - INFO - Starting Epoch 1/20
2025-01-30 12:47:07,914 - INFO - Val Loss = 1.6367, Val Accuracy = 0.42%, Precision = 0.18, Recall = 0.42, F1 = 0.25
2025-01-30 12:47:07,916 - INFO - Starting Epoch 2/20
2025-01-30 12:47:36,470 - INFO - Val Loss = 1.6611, Val Accuracy = 0.42%, Precision = 0.18, Recall = 0.42, F1 = 0.25
2025-01-30 12:47:36,472 - INFO - Starting Epoch 3/20
2025-01-30 12:55:23,807 - INFO - Starting Epoch 1/20
2025-01-30 12:55:58,824 - INFO - Val Loss = 1.5319, Val Accuracy = 0.42%, Precision = 0.18, Recall = 0.42, F1 = 0.25
2025-01-30 12:55:58,826 - INFO - Starting Epoch 2/20
2025-01-30 12:56:32,996 - INFO - Val Loss = 1.6766, Val Accuracy = 0.42%, Precision = 0.18, Recall = 0.42, F1 = 0.25
2025-01-30 12:56:32,996 - INFO - Starting Epoch 3/20
2025-01-30 12:57:07,267 - INFO - Val Loss = 1.6618, Val Accuracy = 0.42%, Precision = 0.18, Recall = 0.42, F1 = 0.25
2025-01-30 12:57:07,268 - INFO - Starting Epoch 4/20
2025-01-30 12:57:42,205 - INFO - Val Loss = 1.6322, Val Accuracy = 0.42%, Precision = 0.18, Recall = 0.42, F1 = 0.25
2025-01-30 12:57:42,205 - INFO - Starting Epoch 5/20
2025-01-30 12:58:17,270 - INFO - Val Loss = 1.6340, Val Accuracy = 0.42%, Precision = 0.18, Recall = 0.42, F1 = 0.25
2025-01-30 12:58:17,270 - INFO - Starting Epoch 6/20
2025-01-30 13:00:27,967 - INFO - Starting Epoch 1/20
2025-01-30 13:01:02,955 - INFO - Val Loss = 1.6511, Val Accuracy = 0.42%, Precision = 0.18, Recall = 0.42, F1 = 0.25
2025-01-30 13:01:02,957 - INFO - Starting Epoch 2/20
2025-01-30 13:01:37,246 - INFO - Val Loss = 1.6396, Val Accuracy = 0.42%, Precision = 0.18, Recall = 0.42, F1 = 0.25
2025-01-30 13:01:37,248 - INFO - Starting Epoch 3/20
2025-01-30 13:09:55,011 - INFO - Starting Epoch 1/20
2025-01-30 13:10:30,468 - INFO - Val Loss = 1.6441, Val Accuracy = 0.42%, Precision = 0.18, Recall = 0.42, F1 = 0.25
2025-01-30 13:10:30,469 - INFO - Starting Epoch 2/20
2025-01-30 13:11:05,027 - INFO - Val Loss = 1.6554, Val Accuracy = 0.42%, Precision = 0.18, Recall = 0.42, F1 = 0.25
2025-01-30 13:11:05,027 - INFO - Starting Epoch 3/20
2025-01-30 13:13:58,255 - INFO - Starting Epoch 1/20
2025-01-30 13:14:33,651 - INFO - Val Loss = 1.6536, Val Accuracy = 0.42%, Precision = 0.18, Recall = 0.42, F1 = 0.25
2025-01-30 13:14:33,652 - INFO - Starting Epoch 2/20
2025-01-30 13:15:08,483 - INFO - Val Loss = 1.6469, Val Accuracy = 0.42%, Precision = 0.18, Recall = 0.42, F1 = 0.25
2025-01-30 13:15:08,486 - INFO - Starting Epoch 3/20
2025-01-30 13:15:43,344 - INFO - Val Loss = 1.6463, Val Accuracy = 0.42%, Precision = 0.18, Recall = 0.42, F1 = 0.25
2025-01-30 13:15:43,347 - INFO - Starting Epoch 4/20
2025-01-30 13:16:28,932 - INFO - Starting Epoch 1/20
2025-01-30 13:17:03,783 - INFO - Val Loss = 1.5711, Val Accuracy = 0.37%, Precision = 0.33, Recall = 0.37, F1 = 0.31
2025-01-30 13:17:03,787 - INFO - Starting Epoch 2/20
2025-01-30 13:17:37,975 - INFO - Val Loss = 1.6348, Val Accuracy = 0.42%, Precision = 0.18, Recall = 0.42, F1 = 0.25
2025-01-30 13:17:37,975 - INFO - Starting Epoch 3/20
2025-01-30 13:18:12,446 - INFO - Val Loss = 1.5855, Val Accuracy = 0.42%, Precision = 0.18, Recall = 0.42, F1 = 0.25
2025-01-30 13:18:12,447 - INFO - Starting Epoch 4/20
2025-01-30 15:47:35,824 - INFO - Starting Epoch 1/20
2025-01-30 15:47:56,817 - INFO - Val Loss = 1.6307, Val Accuracy = 0.42%, Precision = 0.18, Recall = 0.42, F1 = 0.25
2025-01-30 15:47:56,819 - INFO - Starting Epoch 2/20
2025-01-30 15:48:17,032 - INFO - Val Loss = 1.6277, Val Accuracy = 0.42%, Precision = 0.18, Recall = 0.42, F1 = 0.25
2025-01-30 15:48:17,034 - INFO - Starting Epoch 3/20
2025-01-30 15:49:06,274 - INFO - Starting Epoch 1/20
2025-01-30 15:49:27,755 - INFO - Val Loss = 1.6287, Val Accuracy = 0.42%, Precision = 0.18, Recall = 0.42, F1 = 0.25
2025-01-30 15:49:27,756 - INFO - Starting Epoch 2/20
2025-01-30 15:49:48,510 - INFO - Val Loss = 1.6275, Val Accuracy = 0.42%, Precision = 0.18, Recall = 0.42, F1 = 0.25
2025-01-30 15:49:48,511 - INFO - Starting Epoch 3/20
2025-01-30 15:50:08,938 - INFO - Val Loss = 1.6269, Val Accuracy = 0.42%, Precision = 0.18, Recall = 0.42, F1 = 0.25
2025-01-30 15:50:08,939 - INFO - Starting Epoch 4/20
2025-01-30 15:50:29,207 - INFO - Val Loss = 1.6270, Val Accuracy = 0.42%, Precision = 0.18, Recall = 0.42, F1 = 0.25
2025-01-30 15:50:29,208 - INFO - Starting Epoch 5/20
2025-01-30 15:50:49,751 - INFO - Val Loss = 1.6261, Val Accuracy = 0.42%, Precision = 0.18, Recall = 0.42, F1 = 0.25
2025-01-30 15:50:49,753 - INFO - Starting Epoch 6/20
2025-01-30 15:51:10,396 - INFO - Val Loss = 1.6264, Val Accuracy = 0.42%, Precision = 0.18, Recall = 0.42, F1 = 0.25
2025-01-30 15:51:10,397 - INFO - Starting Epoch 7/20
2025-01-30 15:51:30,702 - INFO - Val Loss = 1.6265, Val Accuracy = 0.42%, Precision = 0.18, Recall = 0.42, F1 = 0.25
2025-01-30 15:51:30,703 - INFO - Starting Epoch 8/20
2025-01-30 15:54:02,020 - INFO - Starting Epoch 1/20
2025-01-30 15:54:23,604 - INFO - Val Loss = 1.6267, Val Accuracy = 0.42%, Precision = 0.18, Recall = 0.42, F1 = 0.25
2025-01-30 15:54:23,606 - INFO - Starting Epoch 2/20
2025-01-30 15:54:44,396 - INFO - Val Loss = 1.6269, Val Accuracy = 0.42%, Precision = 0.18, Recall = 0.42, F1 = 0.25
2025-01-30 15:54:44,397 - INFO - Starting Epoch 3/20
2025-01-30 15:55:05,411 - INFO - Val Loss = 1.6258, Val Accuracy = 0.42%, Precision = 0.18, Recall = 0.42, F1 = 0.25
2025-01-30 15:55:05,413 - INFO - Starting Epoch 4/20
2025-01-30 15:55:25,993 - INFO - Val Loss = 1.6274, Val Accuracy = 0.42%, Precision = 0.18, Recall = 0.42, F1 = 0.25
2025-01-30 15:55:25,993 - INFO - Starting Epoch 5/20
2025-01-30 15:55:46,868 - INFO - Val Loss = 1.6257, Val Accuracy = 0.42%, Precision = 0.18, Recall = 0.42, F1 = 0.25
2025-01-30 15:55:46,869 - INFO - Starting Epoch 6/20
2025-01-30 15:56:07,421 - INFO - Val Loss = 1.6259, Val Accuracy = 0.42%, Precision = 0.18, Recall = 0.42, F1 = 0.25
2025-01-30 15:56:07,422 - INFO - Starting Epoch 7/20
2025-01-30 15:56:28,285 - INFO - Val Loss = 1.6271, Val Accuracy = 0.42%, Precision = 0.18, Recall = 0.42, F1 = 0.25
2025-01-30 15:56:28,287 - INFO - Starting Epoch 8/20
2025-01-30 15:56:49,052 - INFO - Val Loss = 1.6272, Val Accuracy = 0.42%, Precision = 0.18, Recall = 0.42, F1 = 0.25
2025-01-30 15:56:49,053 - INFO - Starting Epoch 9/20
2025-01-30 15:57:09,570 - INFO - Val Loss = 1.6270, Val Accuracy = 0.42%, Precision = 0.18, Recall = 0.42, F1 = 0.25
2025-01-30 15:57:09,571 - INFO - Starting Epoch 10/20
2025-01-30 15:57:30,112 - INFO - Val Loss = 1.6275, Val Accuracy = 0.42%, Precision = 0.18, Recall = 0.42, F1 = 0.25
2025-01-30 15:57:30,114 - INFO - Starting Epoch 11/20
2025-01-30 15:57:50,941 - INFO - Val Loss = 1.6278, Val Accuracy = 0.42%, Precision = 0.18, Recall = 0.42, F1 = 0.25
2025-01-30 15:57:50,943 - INFO - Starting Epoch 12/20
2025-01-30 15:58:11,443 - INFO - Val Loss = 1.6283, Val Accuracy = 0.42%, Precision = 0.18, Recall = 0.42, F1 = 0.25
2025-01-30 15:58:11,444 - INFO - Starting Epoch 13/20
2025-01-30 15:58:32,423 - INFO - Val Loss = 1.6293, Val Accuracy = 0.42%, Precision = 0.18, Recall = 0.42, F1 = 0.25
2025-01-30 15:58:32,424 - INFO - Starting Epoch 14/20
2025-01-30 15:58:53,107 - INFO - Val Loss = 1.6305, Val Accuracy = 0.42%, Precision = 0.18, Recall = 0.42, F1 = 0.25
2025-01-30 15:58:53,108 - INFO - Starting Epoch 15/20
2025-01-30 15:59:13,424 - INFO - Val Loss = 1.6323, Val Accuracy = 0.42%, Precision = 0.18, Recall = 0.42, F1 = 0.25
2025-01-30 15:59:13,424 - INFO - Early stopping at epoch 15
2025-01-30 15:59:13,473 - INFO - Best model saved with validation loss: 1.6257
2025-01-30 16:07:10,911 - INFO - Starting Epoch 1/20
2025-01-30 16:08:17,056 - INFO - Starting Epoch 1/20
2025-01-30 16:08:38,853 - INFO - Val Loss = 1.6350, Val Accuracy = 0.42%, Precision = 0.18, Recall = 0.42, F1 = 0.25
2025-01-30 16:08:38,855 - INFO - Starting Epoch 2/20
2025-01-30 16:08:59,432 - INFO - Val Loss = 1.6255, Val Accuracy = 0.42%, Precision = 0.18, Recall = 0.42, F1 = 0.25
2025-01-30 16:08:59,434 - INFO - Starting Epoch 3/20
2025-01-30 16:09:19,819 - INFO - Val Loss = 1.6250, Val Accuracy = 0.42%, Precision = 0.18, Recall = 0.42, F1 = 0.25
2025-01-30 16:09:19,820 - INFO - Starting Epoch 4/20
2025-01-30 16:09:40,794 - INFO - Val Loss = 1.6265, Val Accuracy = 0.42%, Precision = 0.18, Recall = 0.42, F1 = 0.25
2025-01-30 16:09:40,796 - INFO - Starting Epoch 5/20
2025-01-30 16:10:01,713 - INFO - Val Loss = 1.6281, Val Accuracy = 0.42%, Precision = 0.18, Recall = 0.42, F1 = 0.25
2025-01-30 16:10:01,714 - INFO - Starting Epoch 6/20
2025-01-30 16:10:22,269 - INFO - Val Loss = 1.6297, Val Accuracy = 0.42%, Precision = 0.18, Recall = 0.42, F1 = 0.25
2025-01-30 16:10:22,270 - INFO - Starting Epoch 7/20
2025-01-30 16:10:42,511 - INFO - Val Loss = 1.6250, Val Accuracy = 0.42%, Precision = 0.18, Recall = 0.42, F1 = 0.25
2025-01-30 16:10:42,512 - INFO - Starting Epoch 8/20
2025-01-30 16:11:03,171 - INFO - Val Loss = 1.6283, Val Accuracy = 0.42%, Precision = 0.18, Recall = 0.42, F1 = 0.25
2025-01-30 16:11:03,172 - INFO - Starting Epoch 9/20
2025-01-30 16:11:55,774 - INFO - Starting Epoch 1/20
2025-01-30 16:12:21,534 - INFO - Val Loss = 1.6139, Val Accuracy = 0.42%, Precision = 0.18, Recall = 0.42, F1 = 0.25
2025-01-30 16:12:21,537 - INFO - Starting Epoch 2/20
2025-01-30 16:12:46,632 - INFO - Val Loss = 1.6263, Val Accuracy = 0.42%, Precision = 0.18, Recall = 0.42, F1 = 0.25
2025-01-30 16:12:46,633 - INFO - Starting Epoch 3/20
2025-01-30 16:15:56,011 - INFO - Starting Epoch 1/20
2025-01-30 21:53:06,458 - INFO - Starting Epoch 1/20
2025-01-30 22:01:52,907 - INFO - Starting Epoch 1/20
2025-01-30 22:02:12,718 - INFO - Val Loss = 1.6220, Val Accuracy = 0.42%, Precision = 0.18, Recall = 0.42, F1 = 0.25
2025-01-30 22:02:12,720 - INFO - Starting Epoch 2/20
2025-01-30 22:02:31,981 - INFO - Val Loss = 1.6288, Val Accuracy = 0.42%, Precision = 0.18, Recall = 0.42, F1 = 0.25
2025-01-30 22:02:31,982 - INFO - Starting Epoch 3/20
2025-01-30 22:12:46,609 - INFO - Starting Epoch 1/20
2025-01-30 22:13:05,745 - INFO - Val Loss = 1.3955, Val Accuracy = 0.54%, Precision = 0.44, Recall = 0.54, F1 = 0.47
2025-01-30 22:13:05,747 - INFO - Starting Epoch 2/20
2025-01-30 22:13:24,115 - INFO - Val Loss = 1.3424, Val Accuracy = 0.55%, Precision = 0.46, Recall = 0.55, F1 = 0.48
2025-01-30 22:13:24,117 - INFO - Starting Epoch 3/20
2025-01-30 22:13:42,303 - INFO - Val Loss = 1.3106, Val Accuracy = 0.55%, Precision = 0.47, Recall = 0.55, F1 = 0.50
2025-01-30 22:13:42,305 - INFO - Starting Epoch 4/20
2025-01-30 22:14:00,359 - INFO - Val Loss = 1.3150, Val Accuracy = 0.56%, Precision = 0.47, Recall = 0.56, F1 = 0.50
2025-01-30 22:14:00,359 - INFO - Starting Epoch 5/20
2025-01-30 22:14:18,714 - INFO - Val Loss = 1.2818, Val Accuracy = 0.57%, Precision = 0.48, Recall = 0.57, F1 = 0.51
2025-01-30 22:14:18,716 - INFO - Starting Epoch 6/20
2025-01-30 22:14:36,630 - INFO - Val Loss = 1.3469, Val Accuracy = 0.55%, Precision = 0.51, Recall = 0.55, F1 = 0.50
2025-01-30 22:14:36,631 - INFO - Starting Epoch 7/20
2025-01-30 22:14:54,746 - INFO - Val Loss = 1.3045, Val Accuracy = 0.56%, Precision = 0.49, Recall = 0.56, F1 = 0.50
2025-01-30 22:14:54,747 - INFO - Starting Epoch 8/20
2025-01-30 22:15:12,851 - INFO - Val Loss = 1.2856, Val Accuracy = 0.56%, Precision = 0.50, Recall = 0.56, F1 = 0.51
2025-01-30 22:15:12,852 - INFO - Starting Epoch 9/20
2025-01-30 22:15:30,838 - INFO - Val Loss = 1.2852, Val Accuracy = 0.56%, Precision = 0.52, Recall = 0.56, F1 = 0.52
2025-01-30 22:15:30,839 - INFO - Starting Epoch 10/20
2025-01-30 22:15:49,064 - INFO - Val Loss = 1.2954, Val Accuracy = 0.56%, Precision = 0.51, Recall = 0.56, F1 = 0.52
2025-01-30 22:15:49,065 - INFO - Starting Epoch 11/20
2025-01-30 22:16:07,494 - INFO - Val Loss = 1.2907, Val Accuracy = 0.57%, Precision = 0.53, Recall = 0.57, F1 = 0.54
2025-01-30 22:16:07,494 - INFO - Starting Epoch 12/20
2025-01-30 22:16:25,542 - INFO - Val Loss = 1.2967, Val Accuracy = 0.56%, Precision = 0.52, Recall = 0.56, F1 = 0.53
2025-01-30 22:16:25,543 - INFO - Starting Epoch 13/20
2025-01-30 22:16:43,726 - INFO - Val Loss = 1.2979, Val Accuracy = 0.57%, Precision = 0.53, Recall = 0.57, F1 = 0.54
2025-01-30 22:16:43,727 - INFO - Starting Epoch 14/20
2025-01-30 22:17:01,847 - INFO - Val Loss = 1.2862, Val Accuracy = 0.56%, Precision = 0.51, Recall = 0.56, F1 = 0.52
2025-01-30 22:17:01,848 - INFO - Starting Epoch 15/20
2025-01-30 22:17:20,208 - INFO - Val Loss = 1.3610, Val Accuracy = 0.56%, Precision = 0.53, Recall = 0.56, F1 = 0.54
2025-01-30 22:17:20,208 - INFO - Early stopping at epoch 15
2025-01-30 22:17:20,242 - INFO - Best model saved with validation loss: 1.2818
2025-01-30 22:29:54,668 - INFO - Starting Epoch 1/20
2025-01-30 22:32:12,631 - INFO - Starting Epoch 1/20
2025-01-30 22:33:02,404 - INFO - Starting Epoch 1/20
2025-01-30 22:34:03,106 - INFO - Starting Epoch 1/20
2025-01-30 22:34:37,604 - INFO - Starting Epoch 1/20
2025-01-30 22:34:55,843 - INFO - Val Loss = 1.4228, Val Accuracy = 0.54%, Precision = 0.48, Recall = 0.54, F1 = 0.49
2025-01-30 22:34:55,845 - INFO - Starting Epoch 2/20
2025-01-30 22:35:14,014 - INFO - Val Loss = 1.3904, Val Accuracy = 0.56%, Precision = 0.52, Recall = 0.56, F1 = 0.51
2025-01-30 22:35:14,015 - INFO - Starting Epoch 3/20
2025-01-30 22:35:31,705 - INFO - Val Loss = 1.3942, Val Accuracy = 0.57%, Precision = 0.54, Recall = 0.57, F1 = 0.52
2025-01-30 22:35:31,706 - INFO - Starting Epoch 4/20
2025-01-30 22:35:49,358 - INFO - Val Loss = 1.4048, Val Accuracy = 0.57%, Precision = 0.53, Recall = 0.57, F1 = 0.52
2025-01-30 22:35:49,360 - INFO - Starting Epoch 5/20
2025-01-30 22:36:07,195 - INFO - Val Loss = 1.3812, Val Accuracy = 0.58%, Precision = 0.54, Recall = 0.58, F1 = 0.53
2025-01-30 22:36:07,197 - INFO - Starting Epoch 6/20
2025-01-30 22:36:24,831 - INFO - Val Loss = 1.3213, Val Accuracy = 0.58%, Precision = 0.53, Recall = 0.58, F1 = 0.54
2025-01-30 22:36:24,832 - INFO - Starting Epoch 7/20
2025-01-30 22:36:42,167 - INFO - Val Loss = 1.3276, Val Accuracy = 0.58%, Precision = 0.54, Recall = 0.58, F1 = 0.54
2025-01-30 22:36:42,168 - INFO - Starting Epoch 8/20
2025-01-30 22:36:59,831 - INFO - Val Loss = 1.3196, Val Accuracy = 0.59%, Precision = 0.55, Recall = 0.59, F1 = 0.55
2025-01-30 22:36:59,833 - INFO - Starting Epoch 9/20
2025-01-30 22:37:17,285 - INFO - Val Loss = 1.3451, Val Accuracy = 0.59%, Precision = 0.55, Recall = 0.59, F1 = 0.56
2025-01-30 22:37:17,286 - INFO - Starting Epoch 10/20
2025-01-30 22:37:34,945 - INFO - Val Loss = 1.3528, Val Accuracy = 0.58%, Precision = 0.54, Recall = 0.58, F1 = 0.55
2025-01-30 22:37:34,946 - INFO - Starting Epoch 11/20
2025-01-30 22:37:52,565 - INFO - Val Loss = 1.3822, Val Accuracy = 0.58%, Precision = 0.55, Recall = 0.58, F1 = 0.56
2025-01-30 22:37:52,567 - INFO - Starting Epoch 12/20
2025-01-30 22:38:10,503 - INFO - Val Loss = 1.3754, Val Accuracy = 0.59%, Precision = 0.56, Recall = 0.59, F1 = 0.57
2025-01-30 22:38:10,504 - INFO - Starting Epoch 13/20
2025-01-30 22:38:27,982 - INFO - Val Loss = 1.4527, Val Accuracy = 0.56%, Precision = 0.55, Recall = 0.56, F1 = 0.55
2025-01-30 22:38:27,983 - INFO - Starting Epoch 14/20
2025-01-30 22:38:45,734 - INFO - Val Loss = 1.4674, Val Accuracy = 0.56%, Precision = 0.54, Recall = 0.56, F1 = 0.53
2025-01-30 22:38:45,735 - INFO - Starting Epoch 15/20
2025-01-30 22:39:03,459 - INFO - Val Loss = 1.5708, Val Accuracy = 0.50%, Precision = 0.52, Recall = 0.50, F1 = 0.49
2025-01-30 22:39:03,460 - INFO - Starting Epoch 16/20
2025-01-30 22:39:21,264 - INFO - Val Loss = 1.6014, Val Accuracy = 0.49%, Precision = 0.53, Recall = 0.49, F1 = 0.50
2025-01-30 22:39:21,266 - INFO - Starting Epoch 17/20
2025-01-30 22:39:38,657 - INFO - Val Loss = 1.6362, Val Accuracy = 0.47%, Precision = 0.51, Recall = 0.47, F1 = 0.47
2025-01-30 22:39:38,658 - INFO - Starting Epoch 18/20
2025-01-30 22:39:56,368 - INFO - Val Loss = 1.7158, Val Accuracy = 0.47%, Precision = 0.52, Recall = 0.47, F1 = 0.48
2025-01-30 22:39:56,368 - INFO - Early stopping at epoch 18
2025-01-30 22:39:56,396 - INFO - Best model saved with validation loss: 1.3196
