2025-01-31 01:32:31,142 - INFO - Starting Epoch 1/20
2025-01-31 01:33:05,515 - INFO - Val Loss = 1.3850, Val Accuracy = 0.54%, Precision = 0.50, Recall = 0.54, F1 = 0.49
2025-01-31 01:33:05,554 - INFO - Best model saved at epoch 1 with val loss: 1.3850
2025-01-31 01:33:05,554 - INFO - Starting Epoch 2/20
2025-01-31 01:33:38,951 - INFO - Val Loss = 1.3938, Val Accuracy = 0.56%, Precision = 0.47, Recall = 0.56, F1 = 0.50
2025-01-31 01:33:38,953 - INFO - Starting Epoch 3/20
2025-01-31 01:34:12,384 - INFO - Val Loss = 1.3527, Val Accuracy = 0.56%, Precision = 0.54, Recall = 0.56, F1 = 0.51
2025-01-31 01:34:12,424 - INFO - Best model saved at epoch 3 with val loss: 1.3527
2025-01-31 01:34:12,424 - INFO - Starting Epoch 4/20
2025-01-31 01:34:46,528 - INFO - Val Loss = 1.3519, Val Accuracy = 0.56%, Precision = 0.54, Recall = 0.56, F1 = 0.50
2025-01-31 01:34:46,566 - INFO - Best model saved at epoch 4 with val loss: 1.3519
2025-01-31 01:34:46,566 - INFO - Starting Epoch 5/20
2025-01-31 01:35:20,349 - INFO - Val Loss = 1.3543, Val Accuracy = 0.58%, Precision = 0.53, Recall = 0.58, F1 = 0.53
2025-01-31 01:35:20,350 - INFO - Starting Epoch 6/20
2025-01-31 01:35:53,999 - INFO - Val Loss = 1.3001, Val Accuracy = 0.57%, Precision = 0.53, Recall = 0.57, F1 = 0.53
2025-01-31 01:35:54,040 - INFO - Best model saved at epoch 6 with val loss: 1.3001
2025-01-31 01:35:54,040 - INFO - Starting Epoch 7/20
2025-01-31 01:36:27,291 - INFO - Val Loss = 1.3250, Val Accuracy = 0.57%, Precision = 0.53, Recall = 0.57, F1 = 0.54
2025-01-31 01:36:27,292 - INFO - Starting Epoch 8/20
2025-01-31 01:37:00,571 - INFO - Val Loss = 1.3552, Val Accuracy = 0.57%, Precision = 0.54, Recall = 0.57, F1 = 0.53
2025-01-31 01:37:00,572 - INFO - Starting Epoch 9/20
2025-01-31 01:37:33,651 - INFO - Val Loss = 1.3312, Val Accuracy = 0.57%, Precision = 0.54, Recall = 0.57, F1 = 0.52
2025-01-31 01:37:33,652 - INFO - Starting Epoch 10/20
2025-01-31 01:38:06,980 - INFO - Val Loss = 1.3038, Val Accuracy = 0.58%, Precision = 0.54, Recall = 0.58, F1 = 0.53
2025-01-31 01:38:06,980 - INFO - Starting Epoch 11/20
2025-01-31 01:38:41,619 - INFO - Val Loss = 1.3033, Val Accuracy = 0.57%, Precision = 0.53, Recall = 0.57, F1 = 0.53
2025-01-31 01:38:41,620 - INFO - Starting Epoch 12/20
2025-01-31 01:39:15,130 - INFO - Val Loss = 1.3345, Val Accuracy = 0.57%, Precision = 0.54, Recall = 0.57, F1 = 0.53
2025-01-31 01:39:15,132 - INFO - Starting Epoch 13/20
2025-01-31 01:39:49,046 - INFO - Val Loss = 1.3125, Val Accuracy = 0.58%, Precision = 0.55, Recall = 0.58, F1 = 0.54
2025-01-31 01:39:49,046 - INFO - Starting Epoch 14/20
2025-01-31 01:40:23,012 - INFO - Val Loss = 1.3400, Val Accuracy = 0.54%, Precision = 0.53, Recall = 0.54, F1 = 0.52
2025-01-31 01:40:23,013 - INFO - Starting Epoch 15/20
2025-01-31 01:40:56,481 - INFO - Val Loss = 1.3659, Val Accuracy = 0.54%, Precision = 0.53, Recall = 0.54, F1 = 0.52
2025-01-31 01:40:56,482 - INFO - Starting Epoch 16/20
2025-01-31 01:41:29,678 - INFO - Val Loss = 1.4098, Val Accuracy = 0.53%, Precision = 0.52, Recall = 0.53, F1 = 0.51
2025-01-31 01:41:29,678 - INFO - Early stopping at epoch 16
2025-01-31 01:41:29,713 - INFO - Loaded best model with val loss: 1.3001
2025-01-31 02:04:58,245 - INFO - Starting Epoch 1/20
2025-01-31 02:05:36,638 - INFO - Val Loss = 1.4485, Val Accuracy = 0.53%, Precision = 0.45, Recall = 0.53, F1 = 0.47
2025-01-31 02:05:36,677 - INFO - Best model saved at epoch 1 with val loss: 1.4485
2025-01-31 02:05:36,677 - INFO - Starting Epoch 2/20
2025-01-31 02:06:14,463 - INFO - Val Loss = 1.3765, Val Accuracy = 0.55%, Precision = 0.52, Recall = 0.55, F1 = 0.50
2025-01-31 02:06:14,506 - INFO - Best model saved at epoch 2 with val loss: 1.3765
2025-01-31 02:06:14,506 - INFO - Starting Epoch 3/20
2025-01-31 02:06:52,072 - INFO - Val Loss = 1.3370, Val Accuracy = 0.56%, Precision = 0.52, Recall = 0.56, F1 = 0.51
2025-01-31 02:06:52,114 - INFO - Best model saved at epoch 3 with val loss: 1.3370
2025-01-31 02:06:52,114 - INFO - Starting Epoch 4/20
2025-01-31 02:07:29,720 - INFO - Val Loss = 1.3199, Val Accuracy = 0.57%, Precision = 0.53, Recall = 0.57, F1 = 0.53
2025-01-31 02:07:29,746 - INFO - Best model saved at epoch 4 with val loss: 1.3199
2025-01-31 02:07:29,747 - INFO - Starting Epoch 5/20
2025-01-31 02:08:07,522 - INFO - Val Loss = 1.3381, Val Accuracy = 0.56%, Precision = 0.55, Recall = 0.56, F1 = 0.52
2025-01-31 02:08:07,523 - INFO - Starting Epoch 6/20
2025-01-31 02:08:45,217 - INFO - Val Loss = 1.3321, Val Accuracy = 0.57%, Precision = 0.53, Recall = 0.57, F1 = 0.53
2025-01-31 02:08:45,218 - INFO - Starting Epoch 7/20
2025-01-31 02:09:23,202 - INFO - Val Loss = 1.3169, Val Accuracy = 0.57%, Precision = 0.53, Recall = 0.57, F1 = 0.53
2025-01-31 02:09:23,246 - INFO - Best model saved at epoch 7 with val loss: 1.3169
2025-01-31 02:09:23,246 - INFO - Starting Epoch 8/20
2025-01-31 02:10:01,112 - INFO - Val Loss = 1.3500, Val Accuracy = 0.57%, Precision = 0.52, Recall = 0.57, F1 = 0.52
2025-01-31 02:10:01,113 - INFO - Starting Epoch 9/20
2025-01-31 02:10:39,138 - INFO - Val Loss = 1.3374, Val Accuracy = 0.57%, Precision = 0.55, Recall = 0.57, F1 = 0.52
2025-01-31 02:10:39,139 - INFO - Starting Epoch 10/20
2025-01-31 02:11:17,210 - INFO - Val Loss = 1.3250, Val Accuracy = 0.57%, Precision = 0.54, Recall = 0.57, F1 = 0.52
2025-01-31 02:11:17,211 - INFO - Starting Epoch 11/20
2025-01-31 02:11:54,527 - INFO - Val Loss = 1.3573, Val Accuracy = 0.56%, Precision = 0.53, Recall = 0.56, F1 = 0.52
2025-01-31 02:11:54,528 - INFO - Starting Epoch 12/20
2025-01-31 02:12:32,093 - INFO - Val Loss = 1.2971, Val Accuracy = 0.56%, Precision = 0.53, Recall = 0.56, F1 = 0.52
2025-01-31 02:12:32,126 - INFO - Best model saved at epoch 12 with val loss: 1.2971
2025-01-31 02:12:32,126 - INFO - Starting Epoch 13/20
2025-01-31 02:13:09,758 - INFO - Val Loss = 1.3050, Val Accuracy = 0.58%, Precision = 0.54, Recall = 0.58, F1 = 0.54
2025-01-31 02:13:09,759 - INFO - Starting Epoch 14/20
2025-01-31 02:13:47,484 - INFO - Val Loss = 1.3439, Val Accuracy = 0.56%, Precision = 0.54, Recall = 0.56, F1 = 0.54
2025-01-31 02:13:47,486 - INFO - Starting Epoch 15/20
2025-01-31 02:14:25,362 - INFO - Val Loss = 1.3029, Val Accuracy = 0.58%, Precision = 0.54, Recall = 0.58, F1 = 0.54
2025-01-31 02:14:25,362 - INFO - Starting Epoch 16/20
2025-01-31 02:15:07,548 - INFO - Val Loss = 1.3325, Val Accuracy = 0.56%, Precision = 0.55, Recall = 0.56, F1 = 0.53
2025-01-31 02:15:07,550 - INFO - Starting Epoch 17/20
2025-01-31 02:15:58,557 - INFO - Val Loss = 1.3522, Val Accuracy = 0.57%, Precision = 0.54, Recall = 0.57, F1 = 0.53
2025-01-31 02:15:58,558 - INFO - Starting Epoch 18/20
2025-01-31 02:16:42,871 - INFO - Val Loss = 1.3853, Val Accuracy = 0.55%, Precision = 0.53, Recall = 0.55, F1 = 0.52
2025-01-31 02:16:42,873 - INFO - Starting Epoch 19/20
2025-01-31 02:17:24,680 - INFO - Val Loss = 1.4156, Val Accuracy = 0.54%, Precision = 0.53, Recall = 0.54, F1 = 0.52
2025-01-31 02:17:24,681 - INFO - Starting Epoch 20/20
2025-01-31 02:18:09,374 - INFO - Val Loss = 1.4367, Val Accuracy = 0.53%, Precision = 0.52, Recall = 0.53, F1 = 0.52
2025-01-31 02:18:09,410 - INFO - Loaded best model with val loss: 1.2971
2025-01-31 05:19:50,864 - INFO - Starting Epoch 1/20
2025-01-31 05:35:57,249 - INFO - Starting Epoch 1/20
2025-01-31 05:36:44,766 - INFO - Val Loss = 1.4158, Val Accuracy = 0.54%, Precision = 0.44, Recall = 0.54, F1 = 0.48
2025-01-31 05:36:44,807 - INFO - Best model saved at epoch 1 with val loss: 1.4158
2025-01-31 05:36:44,808 - INFO - Starting Epoch 2/20
2025-01-31 05:37:31,465 - INFO - Val Loss = 1.3545, Val Accuracy = 0.55%, Precision = 0.50, Recall = 0.55, F1 = 0.50
2025-01-31 05:37:31,509 - INFO - Best model saved at epoch 2 with val loss: 1.3545
2025-01-31 05:37:31,509 - INFO - Starting Epoch 3/20
2025-01-31 05:38:18,668 - INFO - Val Loss = 1.3564, Val Accuracy = 0.56%, Precision = 0.53, Recall = 0.56, F1 = 0.50
2025-01-31 05:38:18,669 - INFO - Starting Epoch 4/20
2025-01-31 05:39:05,544 - INFO - Val Loss = 1.3029, Val Accuracy = 0.56%, Precision = 0.51, Recall = 0.56, F1 = 0.51
2025-01-31 05:39:05,589 - INFO - Best model saved at epoch 4 with val loss: 1.3029
2025-01-31 05:39:05,589 - INFO - Starting Epoch 5/20
2025-01-31 05:39:52,764 - INFO - Val Loss = 1.2936, Val Accuracy = 0.58%, Precision = 0.53, Recall = 0.58, F1 = 0.54
2025-01-31 05:39:52,813 - INFO - Best model saved at epoch 5 with val loss: 1.2936
2025-01-31 05:39:52,814 - INFO - Starting Epoch 6/20
2025-01-31 05:40:39,203 - INFO - Val Loss = 1.2889, Val Accuracy = 0.58%, Precision = 0.53, Recall = 0.58, F1 = 0.54
2025-01-31 05:40:39,249 - INFO - Best model saved at epoch 6 with val loss: 1.2889
2025-01-31 05:40:39,250 - INFO - Starting Epoch 7/20
2025-01-31 05:41:25,749 - INFO - Val Loss = 1.2807, Val Accuracy = 0.58%, Precision = 0.54, Recall = 0.58, F1 = 0.54
2025-01-31 05:41:25,793 - INFO - Best model saved at epoch 7 with val loss: 1.2807
2025-01-31 05:41:25,793 - INFO - Starting Epoch 8/20
2025-01-31 05:42:12,869 - INFO - Val Loss = 1.2863, Val Accuracy = 0.58%, Precision = 0.54, Recall = 0.58, F1 = 0.54
2025-01-31 05:42:12,871 - INFO - Starting Epoch 9/20
2025-01-31 05:43:00,077 - INFO - Val Loss = 1.2607, Val Accuracy = 0.58%, Precision = 0.54, Recall = 0.58, F1 = 0.54
2025-01-31 05:43:00,117 - INFO - Best model saved at epoch 9 with val loss: 1.2607
2025-01-31 05:43:00,117 - INFO - Starting Epoch 10/20
2025-01-31 05:43:47,307 - INFO - Val Loss = 1.2871, Val Accuracy = 0.58%, Precision = 0.54, Recall = 0.58, F1 = 0.54
2025-01-31 05:43:47,308 - INFO - Starting Epoch 11/20
2025-01-31 05:44:34,634 - INFO - Val Loss = 1.2776, Val Accuracy = 0.58%, Precision = 0.53, Recall = 0.58, F1 = 0.54
2025-01-31 05:44:34,635 - INFO - Starting Epoch 12/20
2025-01-31 05:45:21,733 - INFO - Val Loss = 1.3260, Val Accuracy = 0.57%, Precision = 0.51, Recall = 0.57, F1 = 0.52
2025-01-31 05:45:21,734 - INFO - Starting Epoch 13/20
2025-01-31 05:46:08,764 - INFO - Val Loss = 1.3116, Val Accuracy = 0.57%, Precision = 0.51, Recall = 0.57, F1 = 0.53
2025-01-31 05:46:08,765 - INFO - Starting Epoch 14/20
2025-01-31 05:46:55,581 - INFO - Val Loss = 1.2882, Val Accuracy = 0.59%, Precision = 0.54, Recall = 0.59, F1 = 0.55
2025-01-31 05:46:55,582 - INFO - Starting Epoch 15/20
2025-01-31 05:47:42,111 - INFO - Val Loss = 1.2895, Val Accuracy = 0.58%, Precision = 0.53, Recall = 0.58, F1 = 0.55
2025-01-31 05:47:42,113 - INFO - Starting Epoch 16/20
2025-01-31 05:48:29,344 - INFO - Val Loss = 1.2991, Val Accuracy = 0.56%, Precision = 0.53, Recall = 0.56, F1 = 0.54
2025-01-31 05:48:29,345 - INFO - Starting Epoch 17/20
2025-01-31 05:49:16,565 - INFO - Val Loss = 1.3087, Val Accuracy = 0.55%, Precision = 0.53, Recall = 0.55, F1 = 0.54
2025-01-31 05:49:16,566 - INFO - Starting Epoch 18/20
2025-01-31 05:50:03,788 - INFO - Val Loss = 1.3154, Val Accuracy = 0.56%, Precision = 0.53, Recall = 0.56, F1 = 0.54
2025-01-31 05:50:03,789 - INFO - Starting Epoch 19/20
2025-01-31 05:50:51,544 - INFO - Val Loss = 1.3713, Val Accuracy = 0.55%, Precision = 0.53, Recall = 0.55, F1 = 0.53
2025-01-31 05:50:51,545 - INFO - Early stopping at epoch 19
2025-01-31 05:50:51,581 - INFO - Loaded best model with val loss: 1.2607
2025-01-31 05:55:14,812 - INFO - Starting Epoch 1/20
2025-01-31 05:56:58,743 - INFO - Starting Epoch 1/20
2025-01-31 05:57:46,342 - INFO - Val Loss = 1.4052, Val Accuracy = 0.54%, Precision = 0.45, Recall = 0.54, F1 = 0.48
2025-01-31 05:57:46,384 - INFO - Best model saved at epoch 1 with val loss: 1.4052
2025-01-31 05:57:46,384 - INFO - Starting Epoch 2/20
2025-01-31 05:58:33,688 - INFO - Val Loss = 1.3838, Val Accuracy = 0.56%, Precision = 0.52, Recall = 0.56, F1 = 0.50
2025-01-31 05:58:33,718 - INFO - Best model saved at epoch 2 with val loss: 1.3838
2025-01-31 05:58:33,718 - INFO - Starting Epoch 3/20
2025-01-31 05:59:20,847 - INFO - Val Loss = 1.3487, Val Accuracy = 0.56%, Precision = 0.53, Recall = 0.56, F1 = 0.51
2025-01-31 05:59:20,893 - INFO - Best model saved at epoch 3 with val loss: 1.3487
2025-01-31 05:59:20,893 - INFO - Starting Epoch 4/20
2025-01-31 06:00:08,226 - INFO - Val Loss = 1.3132, Val Accuracy = 0.56%, Precision = 0.53, Recall = 0.56, F1 = 0.52
2025-01-31 06:00:08,268 - INFO - Best model saved at epoch 4 with val loss: 1.3132
2025-01-31 06:00:08,268 - INFO - Starting Epoch 5/20
2025-01-31 06:00:55,010 - INFO - Val Loss = 1.3261, Val Accuracy = 0.58%, Precision = 0.54, Recall = 0.58, F1 = 0.53
2025-01-31 06:00:55,011 - INFO - Starting Epoch 6/20
2025-01-31 06:01:41,981 - INFO - Val Loss = 1.2958, Val Accuracy = 0.57%, Precision = 0.53, Recall = 0.57, F1 = 0.53
2025-01-31 06:01:42,026 - INFO - Best model saved at epoch 6 with val loss: 1.2958
2025-01-31 06:01:42,027 - INFO - Starting Epoch 7/20
2025-01-31 06:02:29,448 - INFO - Val Loss = 1.3072, Val Accuracy = 0.59%, Precision = 0.55, Recall = 0.59, F1 = 0.54
2025-01-31 06:02:29,449 - INFO - Starting Epoch 8/20
2025-01-31 06:03:15,844 - INFO - Val Loss = 1.3070, Val Accuracy = 0.58%, Precision = 0.53, Recall = 0.58, F1 = 0.54
2025-01-31 06:03:15,846 - INFO - Starting Epoch 9/20
2025-01-31 06:04:02,800 - INFO - Val Loss = 1.3167, Val Accuracy = 0.59%, Precision = 0.55, Recall = 0.59, F1 = 0.54
2025-01-31 06:04:02,800 - INFO - Starting Epoch 10/20
2025-01-31 06:04:50,175 - INFO - Val Loss = 1.2760, Val Accuracy = 0.59%, Precision = 0.55, Recall = 0.59, F1 = 0.55
2025-01-31 06:04:50,219 - INFO - Best model saved at epoch 10 with val loss: 1.2760
2025-01-31 06:04:50,219 - INFO - Starting Epoch 11/20
2025-01-31 06:05:36,398 - INFO - Val Loss = 1.2740, Val Accuracy = 0.59%, Precision = 0.55, Recall = 0.59, F1 = 0.54
2025-01-31 06:05:36,443 - INFO - Best model saved at epoch 11 with val loss: 1.2740
2025-01-31 06:05:36,443 - INFO - Starting Epoch 12/20
2025-01-31 06:06:23,056 - INFO - Val Loss = 1.2799, Val Accuracy = 0.60%, Precision = 0.55, Recall = 0.60, F1 = 0.55
2025-01-31 06:06:23,057 - INFO - Starting Epoch 13/20
2025-01-31 06:07:09,952 - INFO - Val Loss = 1.3146, Val Accuracy = 0.58%, Precision = 0.54, Recall = 0.58, F1 = 0.54
2025-01-31 06:07:09,953 - INFO - Starting Epoch 14/20
2025-01-31 06:07:56,660 - INFO - Val Loss = 1.3073, Val Accuracy = 0.58%, Precision = 0.54, Recall = 0.58, F1 = 0.54
2025-01-31 06:07:56,661 - INFO - Starting Epoch 15/20
2025-01-31 06:08:43,680 - INFO - Val Loss = 1.3040, Val Accuracy = 0.58%, Precision = 0.55, Recall = 0.58, F1 = 0.52
2025-01-31 06:08:43,681 - INFO - Starting Epoch 16/20
2025-01-31 06:09:30,533 - INFO - Val Loss = 1.2865, Val Accuracy = 0.59%, Precision = 0.54, Recall = 0.59, F1 = 0.55
2025-01-31 06:09:30,534 - INFO - Starting Epoch 17/20
2025-01-31 06:10:17,455 - INFO - Val Loss = 1.3358, Val Accuracy = 0.58%, Precision = 0.56, Recall = 0.58, F1 = 0.55
2025-01-31 06:10:17,456 - INFO - Starting Epoch 18/20
2025-01-31 06:11:04,875 - INFO - Val Loss = 1.3687, Val Accuracy = 0.56%, Precision = 0.54, Recall = 0.56, F1 = 0.54
2025-01-31 06:11:04,876 - INFO - Starting Epoch 19/20
2025-01-31 06:11:51,628 - INFO - Val Loss = 1.4275, Val Accuracy = 0.54%, Precision = 0.54, Recall = 0.54, F1 = 0.53
2025-01-31 06:11:51,630 - INFO - Starting Epoch 20/20
2025-01-31 06:12:38,581 - INFO - Val Loss = 1.4484, Val Accuracy = 0.52%, Precision = 0.53, Recall = 0.52, F1 = 0.51
2025-01-31 06:12:38,622 - INFO - Loaded best model with val loss: 1.2740
2025-01-31 06:26:08,475 - INFO - Starting Epoch 1/20
2025-01-31 06:28:16,561 - INFO - Starting Epoch 1/20
2025-01-31 06:34:03,982 - INFO - Starting Epoch 1/20
2025-01-31 06:36:03,318 - INFO - Starting Epoch 1/20
2025-01-31 06:39:22,942 - INFO - Starting Epoch 1/20
2025-01-31 06:44:30,330 - INFO - Starting Epoch 1/20
2025-01-31 06:46:25,596 - INFO - Starting Epoch 1/20
2025-01-31 07:48:19,006 - INFO - Starting Epoch 1/20
2025-01-31 07:49:24,244 - INFO - Starting Epoch 1/20
2025-01-31 07:53:08,379 - INFO - Starting Epoch 1/20
2025-01-31 07:53:49,407 - INFO - Starting Epoch 1/20
2025-01-31 07:54:37,936 - INFO - Val Loss = 1.8830, Val Accuracy = 0.35%, Precision = 0.36, Recall = 0.35, F1 = 0.34
2025-01-31 07:54:37,979 - INFO - Best model saved at epoch 1 with val loss: 1.8830
2025-01-31 07:54:37,980 - INFO - Starting Epoch 2/20
2025-01-31 07:55:08,021 - INFO - Starting Epoch 1/20
2025-01-31 07:55:55,567 - INFO - Val Loss = 1.3820, Val Accuracy = 0.54%, Precision = 0.50, Recall = 0.54, F1 = 0.49
2025-01-31 07:55:55,605 - INFO - Best model saved at epoch 1 with val loss: 1.3820
2025-01-31 07:55:55,605 - INFO - Starting Epoch 2/20
2025-01-31 07:56:42,549 - INFO - Val Loss = 1.4010, Val Accuracy = 0.55%, Precision = 0.51, Recall = 0.55, F1 = 0.50
2025-01-31 07:56:42,550 - INFO - Starting Epoch 3/20
2025-01-31 07:57:29,251 - INFO - Val Loss = 1.3279, Val Accuracy = 0.56%, Precision = 0.53, Recall = 0.56, F1 = 0.51
2025-01-31 07:57:29,294 - INFO - Best model saved at epoch 3 with val loss: 1.3279
2025-01-31 07:57:29,295 - INFO - Starting Epoch 4/20
2025-01-31 07:57:54,901 - INFO - Starting Epoch 1/50
2025-01-31 07:58:43,093 - INFO - Val Loss = 1.4057, Val Accuracy = 0.53%, Precision = 0.46, Recall = 0.53, F1 = 0.48
2025-01-31 07:58:43,135 - INFO - Best model saved at epoch 1 with val loss: 1.4057
2025-01-31 07:58:43,136 - INFO - Starting Epoch 2/50
2025-01-31 07:59:30,699 - INFO - Val Loss = 1.3731, Val Accuracy = 0.54%, Precision = 0.48, Recall = 0.54, F1 = 0.49
2025-01-31 07:59:30,728 - INFO - Best model saved at epoch 2 with val loss: 1.3731
2025-01-31 07:59:30,728 - INFO - Starting Epoch 3/50
2025-01-31 08:00:17,826 - INFO - Val Loss = 1.3813, Val Accuracy = 0.54%, Precision = 0.50, Recall = 0.54, F1 = 0.50
2025-01-31 08:00:17,827 - INFO - Starting Epoch 4/50
2025-01-31 08:01:05,001 - INFO - Val Loss = 1.3811, Val Accuracy = 0.55%, Precision = 0.50, Recall = 0.55, F1 = 0.50
2025-01-31 08:01:05,002 - INFO - Starting Epoch 5/50
2025-01-31 08:01:52,108 - INFO - Val Loss = 1.3491, Val Accuracy = 0.56%, Precision = 0.51, Recall = 0.56, F1 = 0.52
2025-01-31 08:01:52,155 - INFO - Best model saved at epoch 5 with val loss: 1.3491
2025-01-31 08:01:52,155 - INFO - Starting Epoch 6/50
2025-01-31 08:02:39,106 - INFO - Val Loss = 1.3498, Val Accuracy = 0.57%, Precision = 0.52, Recall = 0.57, F1 = 0.52
2025-01-31 08:02:39,107 - INFO - Starting Epoch 7/50
2025-01-31 08:03:27,274 - INFO - Val Loss = 1.3496, Val Accuracy = 0.56%, Precision = 0.51, Recall = 0.56, F1 = 0.52
2025-01-31 08:03:27,276 - INFO - Starting Epoch 8/50
2025-01-31 08:04:14,558 - INFO - Val Loss = 1.3596, Val Accuracy = 0.56%, Precision = 0.52, Recall = 0.56, F1 = 0.52
2025-01-31 08:04:14,559 - INFO - Starting Epoch 9/50
2025-01-31 08:05:01,677 - INFO - Val Loss = 1.3782, Val Accuracy = 0.56%, Precision = 0.52, Recall = 0.56, F1 = 0.53
2025-01-31 08:05:01,678 - INFO - Starting Epoch 10/50
2025-01-31 08:05:48,758 - INFO - Val Loss = 1.3637, Val Accuracy = 0.56%, Precision = 0.52, Recall = 0.56, F1 = 0.53
2025-01-31 08:05:48,759 - INFO - Starting Epoch 11/50
2025-01-31 08:06:35,541 - INFO - Val Loss = 1.4074, Val Accuracy = 0.55%, Precision = 0.52, Recall = 0.55, F1 = 0.52
2025-01-31 08:06:35,542 - INFO - Starting Epoch 12/50
2025-01-31 08:07:21,875 - INFO - Val Loss = 1.3548, Val Accuracy = 0.56%, Precision = 0.53, Recall = 0.56, F1 = 0.54
2025-01-31 08:07:21,876 - INFO - Starting Epoch 13/50
2025-01-31 08:08:08,037 - INFO - Val Loss = 1.3825, Val Accuracy = 0.56%, Precision = 0.53, Recall = 0.56, F1 = 0.54
2025-01-31 08:08:08,038 - INFO - Starting Epoch 14/50
2025-01-31 08:08:55,033 - INFO - Val Loss = 1.3914, Val Accuracy = 0.57%, Precision = 0.54, Recall = 0.57, F1 = 0.55
2025-01-31 08:08:55,034 - INFO - Starting Epoch 15/50
2025-01-31 08:09:42,125 - INFO - Val Loss = 1.3958, Val Accuracy = 0.57%, Precision = 0.55, Recall = 0.57, F1 = 0.56
2025-01-31 08:09:42,126 - INFO - Early stopping at epoch 15
2025-01-31 08:09:42,161 - INFO - Loaded best model with val loss: 1.3491
2025-01-31 08:58:44,701 - INFO - Starting Epoch 1/30
2025-01-31 08:59:32,733 - INFO - Val Loss = 1.4030, Val Accuracy = 0.54%, Precision = 0.55, Recall = 0.54, F1 = 0.49
2025-01-31 08:59:32,774 - INFO - Best model saved at epoch 1 with val loss: 1.4030
2025-01-31 08:59:32,775 - INFO - Starting Epoch 2/30
2025-01-31 09:00:20,082 - INFO - Val Loss = 1.3470, Val Accuracy = 0.57%, Precision = 0.53, Recall = 0.57, F1 = 0.51
2025-01-31 09:00:20,111 - INFO - Best model saved at epoch 2 with val loss: 1.3470
2025-01-31 09:00:20,112 - INFO - Starting Epoch 3/30
2025-01-31 09:01:07,359 - INFO - Val Loss = 1.3644, Val Accuracy = 0.56%, Precision = 0.52, Recall = 0.56, F1 = 0.51
2025-01-31 09:01:07,360 - INFO - Starting Epoch 4/30
2025-01-31 09:01:54,501 - INFO - Val Loss = 1.3002, Val Accuracy = 0.58%, Precision = 0.53, Recall = 0.58, F1 = 0.53
2025-01-31 09:01:54,543 - INFO - Best model saved at epoch 4 with val loss: 1.3002
2025-01-31 09:01:54,543 - INFO - Starting Epoch 5/30
2025-01-31 09:02:41,486 - INFO - Val Loss = 1.3167, Val Accuracy = 0.57%, Precision = 0.53, Recall = 0.57, F1 = 0.52
2025-01-31 09:02:41,487 - INFO - Starting Epoch 6/30
2025-01-31 09:03:29,314 - INFO - Val Loss = 1.3132, Val Accuracy = 0.58%, Precision = 0.54, Recall = 0.58, F1 = 0.54
2025-01-31 09:03:29,314 - INFO - Starting Epoch 7/30
2025-01-31 09:04:16,463 - INFO - Val Loss = 1.3117, Val Accuracy = 0.57%, Precision = 0.54, Recall = 0.57, F1 = 0.52
2025-01-31 09:04:16,464 - INFO - Starting Epoch 8/30
2025-01-31 09:05:03,369 - INFO - Val Loss = 1.3026, Val Accuracy = 0.57%, Precision = 0.54, Recall = 0.57, F1 = 0.53
2025-01-31 09:05:03,370 - INFO - Starting Epoch 9/30
2025-01-31 09:05:49,963 - INFO - Val Loss = 1.2788, Val Accuracy = 0.59%, Precision = 0.55, Recall = 0.59, F1 = 0.55
2025-01-31 09:05:50,007 - INFO - Best model saved at epoch 9 with val loss: 1.2788
2025-01-31 09:05:50,007 - INFO - Starting Epoch 10/30
2025-01-31 09:06:37,137 - INFO - Val Loss = 1.2936, Val Accuracy = 0.57%, Precision = 0.54, Recall = 0.57, F1 = 0.54
2025-01-31 09:06:37,137 - INFO - Starting Epoch 11/30
2025-01-31 09:07:24,156 - INFO - Val Loss = 1.2934, Val Accuracy = 0.59%, Precision = 0.55, Recall = 0.59, F1 = 0.56
2025-01-31 09:07:24,157 - INFO - Starting Epoch 12/30
2025-01-31 09:08:11,156 - INFO - Val Loss = 1.3224, Val Accuracy = 0.58%, Precision = 0.53, Recall = 0.58, F1 = 0.54
2025-01-31 09:08:11,157 - INFO - Starting Epoch 13/30
2025-01-31 09:08:57,881 - INFO - Val Loss = 1.3025, Val Accuracy = 0.57%, Precision = 0.54, Recall = 0.57, F1 = 0.53
2025-01-31 09:08:57,883 - INFO - Starting Epoch 14/30
2025-01-31 09:09:45,295 - INFO - Val Loss = 1.2936, Val Accuracy = 0.57%, Precision = 0.53, Recall = 0.57, F1 = 0.54
2025-01-31 09:09:45,295 - INFO - Starting Epoch 15/30
2025-01-31 09:10:32,043 - INFO - Val Loss = 1.3361, Val Accuracy = 0.57%, Precision = 0.55, Recall = 0.57, F1 = 0.54
2025-01-31 09:10:32,044 - INFO - Starting Epoch 16/30
2025-01-31 09:11:19,251 - INFO - Val Loss = 1.3046, Val Accuracy = 0.57%, Precision = 0.54, Recall = 0.57, F1 = 0.55
2025-01-31 09:11:19,252 - INFO - Starting Epoch 17/30
2025-01-31 09:12:05,928 - INFO - Val Loss = 1.3360, Val Accuracy = 0.56%, Precision = 0.54, Recall = 0.56, F1 = 0.54
2025-01-31 09:12:05,929 - INFO - Starting Epoch 18/30
2025-01-31 09:12:53,406 - INFO - Val Loss = 1.3173, Val Accuracy = 0.57%, Precision = 0.56, Recall = 0.57, F1 = 0.56
2025-01-31 09:12:53,407 - INFO - Starting Epoch 19/30
2025-01-31 09:13:41,074 - INFO - Val Loss = 1.3697, Val Accuracy = 0.56%, Precision = 0.54, Recall = 0.56, F1 = 0.55
2025-01-31 09:13:41,074 - INFO - Early stopping at epoch 19
2025-01-31 09:13:41,098 - INFO - Loaded best model with val loss: 1.2788
2025-01-31 10:20:05,296 - INFO - Starting Epoch 1/30
2025-01-31 10:20:54,249 - INFO - Starting Epoch 1/30
2025-01-31 10:21:43,117 - INFO - Val Loss = 1.4010, Val Accuracy = 0.53%, Precision = 0.51, Recall = 0.53, F1 = 0.48
2025-01-31 10:21:43,228 - INFO - Best model saved at epoch 1 with val loss: 1.4010
2025-01-31 10:21:43,229 - INFO - Starting Epoch 2/30
2025-01-31 10:22:31,029 - INFO - Val Loss = 1.3732, Val Accuracy = 0.56%, Precision = 0.51, Recall = 0.56, F1 = 0.51
2025-01-31 10:22:31,074 - INFO - Best model saved at epoch 2 with val loss: 1.3732
2025-01-31 10:22:31,074 - INFO - Starting Epoch 3/30
2025-01-31 10:23:19,258 - INFO - Val Loss = 1.3481, Val Accuracy = 0.56%, Precision = 0.54, Recall = 0.56, F1 = 0.52
2025-01-31 10:23:19,288 - INFO - Best model saved at epoch 3 with val loss: 1.3481
2025-01-31 10:23:19,288 - INFO - Starting Epoch 4/30
2025-01-31 10:24:07,888 - INFO - Val Loss = 1.3285, Val Accuracy = 0.56%, Precision = 0.52, Recall = 0.56, F1 = 0.53
2025-01-31 10:24:07,919 - INFO - Best model saved at epoch 4 with val loss: 1.3285
2025-01-31 10:24:07,919 - INFO - Starting Epoch 5/30
2025-01-31 10:24:56,028 - INFO - Val Loss = 1.3371, Val Accuracy = 0.58%, Precision = 0.52, Recall = 0.58, F1 = 0.53
2025-01-31 10:24:56,029 - INFO - Starting Epoch 6/30
2025-01-31 10:25:43,589 - INFO - Val Loss = 1.3470, Val Accuracy = 0.58%, Precision = 0.53, Recall = 0.58, F1 = 0.53
2025-01-31 10:25:43,590 - INFO - Starting Epoch 7/30
2025-01-31 10:26:31,579 - INFO - Val Loss = 1.3246, Val Accuracy = 0.57%, Precision = 0.53, Recall = 0.57, F1 = 0.53
2025-01-31 10:26:31,674 - INFO - Best model saved at epoch 7 with val loss: 1.3246
2025-01-31 10:26:31,675 - INFO - Starting Epoch 8/30
2025-01-31 10:27:18,721 - INFO - Val Loss = 1.3147, Val Accuracy = 0.58%, Precision = 0.53, Recall = 0.58, F1 = 0.54
2025-01-31 10:27:18,766 - INFO - Best model saved at epoch 8 with val loss: 1.3147
2025-01-31 10:27:18,766 - INFO - Starting Epoch 9/30
2025-01-31 10:28:06,533 - INFO - Val Loss = 1.3057, Val Accuracy = 0.57%, Precision = 0.53, Recall = 0.57, F1 = 0.54
2025-01-31 10:28:06,577 - INFO - Best model saved at epoch 9 with val loss: 1.3057
2025-01-31 10:28:06,577 - INFO - Starting Epoch 10/30
2025-01-31 10:28:54,592 - INFO - Val Loss = 1.3325, Val Accuracy = 0.57%, Precision = 0.53, Recall = 0.57, F1 = 0.53
2025-01-31 10:28:54,594 - INFO - Starting Epoch 11/30
2025-01-31 10:29:41,982 - INFO - Val Loss = 1.3339, Val Accuracy = 0.58%, Precision = 0.53, Recall = 0.58, F1 = 0.53
2025-01-31 10:29:41,983 - INFO - Starting Epoch 12/30
2025-01-31 10:30:29,966 - INFO - Val Loss = 1.3370, Val Accuracy = 0.57%, Precision = 0.54, Recall = 0.57, F1 = 0.54
2025-01-31 10:30:29,967 - INFO - Starting Epoch 13/30
2025-01-31 10:31:17,576 - INFO - Val Loss = 1.3324, Val Accuracy = 0.58%, Precision = 0.55, Recall = 0.58, F1 = 0.55
2025-01-31 10:31:17,577 - INFO - Starting Epoch 14/30
2025-01-31 10:32:04,759 - INFO - Val Loss = 1.3545, Val Accuracy = 0.58%, Precision = 0.53, Recall = 0.58, F1 = 0.54
2025-01-31 10:32:04,760 - INFO - Starting Epoch 15/30
2025-01-31 10:32:51,634 - INFO - Val Loss = 1.3026, Val Accuracy = 0.59%, Precision = 0.54, Recall = 0.59, F1 = 0.55
2025-01-31 10:32:51,679 - INFO - Best model saved at epoch 15 with val loss: 1.3026
2025-01-31 10:32:51,679 - INFO - Starting Epoch 16/30
2025-01-31 10:33:39,082 - INFO - Val Loss = 1.3350, Val Accuracy = 0.58%, Precision = 0.54, Recall = 0.58, F1 = 0.54
2025-01-31 10:33:39,083 - INFO - Starting Epoch 17/30
2025-01-31 10:34:26,781 - INFO - Val Loss = 1.3505, Val Accuracy = 0.58%, Precision = 0.54, Recall = 0.58, F1 = 0.53
2025-01-31 10:34:26,782 - INFO - Starting Epoch 18/30
2025-01-31 10:35:14,472 - INFO - Val Loss = 1.3196, Val Accuracy = 0.57%, Precision = 0.53, Recall = 0.57, F1 = 0.54
2025-01-31 10:35:14,473 - INFO - Starting Epoch 19/30
2025-01-31 10:36:02,089 - INFO - Val Loss = 1.3398, Val Accuracy = 0.56%, Precision = 0.53, Recall = 0.56, F1 = 0.53
2025-01-31 10:36:02,090 - INFO - Starting Epoch 20/30
2025-01-31 10:36:50,117 - INFO - Val Loss = 1.3489, Val Accuracy = 0.57%, Precision = 0.53, Recall = 0.57, F1 = 0.53
2025-01-31 10:36:50,118 - INFO - Starting Epoch 21/30
2025-01-31 10:37:36,779 - INFO - Val Loss = 1.3805, Val Accuracy = 0.56%, Precision = 0.52, Recall = 0.56, F1 = 0.53
2025-01-31 10:37:36,779 - INFO - Starting Epoch 22/30
2025-01-31 10:38:23,858 - INFO - Val Loss = 1.3862, Val Accuracy = 0.54%, Precision = 0.54, Recall = 0.54, F1 = 0.53
2025-01-31 10:38:23,859 - INFO - Starting Epoch 23/30
2025-01-31 10:39:11,223 - INFO - Val Loss = 1.4121, Val Accuracy = 0.54%, Precision = 0.53, Recall = 0.54, F1 = 0.53
2025-01-31 10:39:11,224 - INFO - Starting Epoch 24/30
2025-01-31 10:39:58,777 - INFO - Val Loss = 1.4428, Val Accuracy = 0.54%, Precision = 0.54, Recall = 0.54, F1 = 0.54
2025-01-31 10:39:58,778 - INFO - Starting Epoch 25/30
2025-01-31 10:40:46,187 - INFO - Val Loss = 1.4453, Val Accuracy = 0.56%, Precision = 0.54, Recall = 0.56, F1 = 0.55
2025-01-31 10:40:46,187 - INFO - Early stopping at epoch 25
2025-01-31 10:40:46,228 - INFO - Loaded best model with val loss: 1.3026
2025-01-31 11:34:12,039 - INFO - Starting Epoch 1/30
2025-01-31 11:35:00,409 - INFO - Val Loss = 1.3756, Val Accuracy = 0.55%, Precision = 0.50, Recall = 0.55, F1 = 0.50
2025-01-31 11:35:00,452 - INFO - Best model saved at epoch 1 with val loss: 1.3756
2025-01-31 11:35:00,452 - INFO - Starting Epoch 2/30
2025-01-31 11:35:48,102 - INFO - Val Loss = 1.3771, Val Accuracy = 0.55%, Precision = 0.54, Recall = 0.55, F1 = 0.50
2025-01-31 11:35:48,103 - INFO - Starting Epoch 3/30
2025-01-31 11:36:35,556 - INFO - Val Loss = 1.3636, Val Accuracy = 0.57%, Precision = 0.53, Recall = 0.57, F1 = 0.52
2025-01-31 11:36:35,601 - INFO - Best model saved at epoch 3 with val loss: 1.3636
2025-01-31 11:36:35,602 - INFO - Starting Epoch 4/30
2025-01-31 11:37:23,608 - INFO - Val Loss = 1.3247, Val Accuracy = 0.57%, Precision = 0.54, Recall = 0.57, F1 = 0.52
2025-01-31 11:37:23,652 - INFO - Best model saved at epoch 4 with val loss: 1.3247
2025-01-31 11:37:23,652 - INFO - Starting Epoch 5/30
2025-01-31 11:38:10,964 - INFO - Val Loss = 1.3378, Val Accuracy = 0.56%, Precision = 0.54, Recall = 0.56, F1 = 0.52
2025-01-31 11:38:10,966 - INFO - Starting Epoch 6/30
2025-01-31 11:38:58,882 - INFO - Val Loss = 1.3229, Val Accuracy = 0.58%, Precision = 0.55, Recall = 0.58, F1 = 0.53
2025-01-31 11:38:58,931 - INFO - Best model saved at epoch 6 with val loss: 1.3229
2025-01-31 11:38:58,931 - INFO - Starting Epoch 7/30
2025-01-31 11:39:46,596 - INFO - Val Loss = 1.3155, Val Accuracy = 0.58%, Precision = 0.54, Recall = 0.58, F1 = 0.54
2025-01-31 11:39:46,640 - INFO - Best model saved at epoch 7 with val loss: 1.3155
2025-01-31 11:39:46,641 - INFO - Starting Epoch 8/30
2025-01-31 11:40:34,105 - INFO - Val Loss = 1.2908, Val Accuracy = 0.59%, Precision = 0.54, Recall = 0.59, F1 = 0.55
2025-01-31 11:40:34,155 - INFO - Best model saved at epoch 8 with val loss: 1.2908
2025-01-31 11:40:34,156 - INFO - Starting Epoch 9/30
2025-01-31 11:41:21,893 - INFO - Val Loss = 1.3078, Val Accuracy = 0.59%, Precision = 0.55, Recall = 0.59, F1 = 0.54
2025-01-31 11:41:21,894 - INFO - Starting Epoch 10/30
2025-01-31 11:42:09,997 - INFO - Val Loss = 1.3206, Val Accuracy = 0.58%, Precision = 0.54, Recall = 0.58, F1 = 0.55
2025-01-31 11:42:09,998 - INFO - Starting Epoch 11/30
2025-01-31 11:42:58,883 - INFO - Val Loss = 1.3891, Val Accuracy = 0.58%, Precision = 0.55, Recall = 0.58, F1 = 0.53
2025-01-31 11:42:58,884 - INFO - Starting Epoch 12/30
2025-01-31 11:43:46,517 - INFO - Val Loss = 1.3694, Val Accuracy = 0.58%, Precision = 0.54, Recall = 0.58, F1 = 0.53
2025-01-31 11:43:46,518 - INFO - Starting Epoch 13/30
2025-01-31 11:44:35,155 - INFO - Val Loss = 1.4021, Val Accuracy = 0.57%, Precision = 0.54, Recall = 0.57, F1 = 0.52
2025-01-31 11:44:35,156 - INFO - Starting Epoch 14/30
2025-01-31 11:45:22,845 - INFO - Val Loss = 1.3811, Val Accuracy = 0.57%, Precision = 0.54, Recall = 0.57, F1 = 0.52
2025-01-31 11:45:22,846 - INFO - Starting Epoch 15/30
2025-01-31 11:46:10,527 - INFO - Val Loss = 1.3425, Val Accuracy = 0.55%, Precision = 0.52, Recall = 0.55, F1 = 0.53
2025-01-31 11:46:10,528 - INFO - Starting Epoch 16/30
2025-01-31 11:46:58,240 - INFO - Val Loss = 1.4016, Val Accuracy = 0.53%, Precision = 0.51, Recall = 0.53, F1 = 0.51
2025-01-31 11:46:58,241 - INFO - Starting Epoch 17/30
2025-01-31 11:47:45,956 - INFO - Val Loss = 1.4402, Val Accuracy = 0.53%, Precision = 0.51, Recall = 0.53, F1 = 0.50
2025-01-31 11:47:45,957 - INFO - Starting Epoch 18/30
2025-01-31 11:48:33,772 - INFO - Val Loss = 1.4756, Val Accuracy = 0.53%, Precision = 0.52, Recall = 0.53, F1 = 0.52
2025-01-31 11:48:33,774 - INFO - Early stopping at epoch 18
2025-01-31 11:48:33,812 - INFO - Loaded best model with val loss: 1.2908
2025-01-31 11:51:10,746 - INFO - Starting Epoch 1/30
2025-01-31 11:51:52,208 - INFO - Val Loss = 1.4114, Val Accuracy = 0.54%, Precision = 0.44, Recall = 0.54, F1 = 0.48
2025-01-31 11:51:52,237 - INFO - Best model saved at epoch 1 with val loss: 1.4114
2025-01-31 11:51:52,238 - INFO - Starting Epoch 2/30
2025-01-31 11:52:33,755 - INFO - Val Loss = 1.3483, Val Accuracy = 0.55%, Precision = 0.50, Recall = 0.55, F1 = 0.51
2025-01-31 11:52:33,805 - INFO - Best model saved at epoch 2 with val loss: 1.3483
2025-01-31 11:52:33,806 - INFO - Starting Epoch 3/30
2025-01-31 11:53:15,816 - INFO - Val Loss = 1.3343, Val Accuracy = 0.55%, Precision = 0.52, Recall = 0.55, F1 = 0.51
2025-01-31 11:53:15,859 - INFO - Best model saved at epoch 3 with val loss: 1.3343
2025-01-31 11:53:15,861 - INFO - Starting Epoch 4/30
2025-01-31 11:53:58,515 - INFO - Val Loss = 1.3165, Val Accuracy = 0.57%, Precision = 0.53, Recall = 0.57, F1 = 0.53
2025-01-31 11:53:58,558 - INFO - Best model saved at epoch 4 with val loss: 1.3165
2025-01-31 11:53:58,558 - INFO - Starting Epoch 5/30
2025-01-31 11:54:41,606 - INFO - Val Loss = 1.3016, Val Accuracy = 0.58%, Precision = 0.55, Recall = 0.58, F1 = 0.52
2025-01-31 11:54:41,648 - INFO - Best model saved at epoch 5 with val loss: 1.3016
2025-01-31 11:54:41,649 - INFO - Starting Epoch 6/30
2025-01-31 11:55:24,018 - INFO - Val Loss = 1.2974, Val Accuracy = 0.58%, Precision = 0.53, Recall = 0.58, F1 = 0.54
2025-01-31 11:55:24,062 - INFO - Best model saved at epoch 6 with val loss: 1.2974
2025-01-31 11:55:24,063 - INFO - Starting Epoch 7/30
2025-01-31 11:56:06,275 - INFO - Val Loss = 1.2993, Val Accuracy = 0.58%, Precision = 0.53, Recall = 0.58, F1 = 0.54
2025-01-31 11:56:06,276 - INFO - Starting Epoch 8/30
2025-01-31 11:56:48,118 - INFO - Val Loss = 1.3274, Val Accuracy = 0.59%, Precision = 0.55, Recall = 0.59, F1 = 0.54
2025-01-31 11:56:48,120 - INFO - Starting Epoch 9/30
2025-01-31 11:57:29,825 - INFO - Val Loss = 1.3058, Val Accuracy = 0.58%, Precision = 0.54, Recall = 0.58, F1 = 0.54
2025-01-31 11:57:29,827 - INFO - Starting Epoch 10/30
2025-01-31 11:58:12,027 - INFO - Val Loss = 1.2958, Val Accuracy = 0.59%, Precision = 0.54, Recall = 0.59, F1 = 0.54
2025-01-31 11:58:12,072 - INFO - Best model saved at epoch 10 with val loss: 1.2958
2025-01-31 11:58:12,072 - INFO - Starting Epoch 11/30
2025-01-31 11:58:55,208 - INFO - Val Loss = 1.3092, Val Accuracy = 0.58%, Precision = 0.55, Recall = 0.58, F1 = 0.54
2025-01-31 11:58:55,210 - INFO - Starting Epoch 12/30
2025-01-31 11:59:50,021 - INFO - Val Loss = 1.3400, Val Accuracy = 0.58%, Precision = 0.54, Recall = 0.58, F1 = 0.54
2025-01-31 11:59:50,022 - INFO - Starting Epoch 13/30
2025-01-31 12:00:46,406 - INFO - Val Loss = 1.3395, Val Accuracy = 0.58%, Precision = 0.54, Recall = 0.58, F1 = 0.54
2025-01-31 12:00:46,407 - INFO - Starting Epoch 14/30
2025-01-31 12:01:41,327 - INFO - Val Loss = 1.3133, Val Accuracy = 0.57%, Precision = 0.54, Recall = 0.57, F1 = 0.54
2025-01-31 12:01:41,328 - INFO - Starting Epoch 15/30
2025-01-31 12:02:31,568 - INFO - Val Loss = 1.3304, Val Accuracy = 0.58%, Precision = 0.54, Recall = 0.58, F1 = 0.55
2025-01-31 12:02:31,569 - INFO - Starting Epoch 16/30
2025-01-31 12:03:14,121 - INFO - Val Loss = 1.3576, Val Accuracy = 0.57%, Precision = 0.53, Recall = 0.57, F1 = 0.54
2025-01-31 12:03:14,122 - INFO - Starting Epoch 17/30
2025-01-31 12:03:56,142 - INFO - Val Loss = 1.3602, Val Accuracy = 0.56%, Precision = 0.54, Recall = 0.56, F1 = 0.54
2025-01-31 12:03:56,143 - INFO - Starting Epoch 18/30
2025-01-31 12:04:38,879 - INFO - Val Loss = 1.3552, Val Accuracy = 0.56%, Precision = 0.54, Recall = 0.56, F1 = 0.55
2025-01-31 12:04:38,880 - INFO - Starting Epoch 19/30
2025-01-31 12:05:20,992 - INFO - Val Loss = 1.3805, Val Accuracy = 0.56%, Precision = 0.55, Recall = 0.56, F1 = 0.55
2025-01-31 12:05:20,993 - INFO - Starting Epoch 20/30
2025-01-31 12:06:03,354 - INFO - Val Loss = 1.4173, Val Accuracy = 0.54%, Precision = 0.55, Recall = 0.54, F1 = 0.54
2025-01-31 12:06:03,355 - INFO - Early stopping at epoch 20
2025-01-31 12:06:03,392 - INFO - Loaded best model with val loss: 1.2958
2025-01-31 12:13:12,708 - INFO - Starting Epoch 1/30
2025-01-31 12:14:02,556 - INFO - Val Loss = 1.4052, Val Accuracy = 0.53%, Precision = 0.46, Recall = 0.53, F1 = 0.48
2025-01-31 12:14:02,597 - INFO - Best model saved at epoch 1 with val loss: 1.4052
2025-01-31 12:14:02,597 - INFO - Starting Epoch 2/30
2025-01-31 12:14:51,579 - INFO - Val Loss = 1.3443, Val Accuracy = 0.56%, Precision = 0.53, Recall = 0.56, F1 = 0.51
2025-01-31 12:14:51,625 - INFO - Best model saved at epoch 2 with val loss: 1.3443
2025-01-31 12:14:51,625 - INFO - Starting Epoch 3/30
2025-01-31 12:15:39,632 - INFO - Val Loss = 1.3120, Val Accuracy = 0.56%, Precision = 0.52, Recall = 0.56, F1 = 0.52
2025-01-31 12:15:39,675 - INFO - Best model saved at epoch 3 with val loss: 1.3120
2025-01-31 12:15:39,675 - INFO - Starting Epoch 4/30
2025-01-31 12:16:28,557 - INFO - Val Loss = 1.3057, Val Accuracy = 0.56%, Precision = 0.52, Recall = 0.56, F1 = 0.52
2025-01-31 12:16:28,599 - INFO - Best model saved at epoch 4 with val loss: 1.3057
2025-01-31 12:16:28,599 - INFO - Starting Epoch 5/30
2025-01-31 12:17:17,293 - INFO - Val Loss = 1.2956, Val Accuracy = 0.57%, Precision = 0.53, Recall = 0.57, F1 = 0.53
2025-01-31 12:17:17,322 - INFO - Best model saved at epoch 5 with val loss: 1.2956
2025-01-31 12:17:17,323 - INFO - Starting Epoch 6/30
2025-01-31 12:18:06,072 - INFO - Val Loss = 1.2892, Val Accuracy = 0.58%, Precision = 0.54, Recall = 0.58, F1 = 0.54
2025-01-31 12:18:06,118 - INFO - Best model saved at epoch 6 with val loss: 1.2892
2025-01-31 12:18:06,118 - INFO - Starting Epoch 7/30
2025-01-31 12:18:54,586 - INFO - Val Loss = 1.3182, Val Accuracy = 0.58%, Precision = 0.55, Recall = 0.58, F1 = 0.54
2025-01-31 12:18:54,587 - INFO - Starting Epoch 8/30
2025-01-31 12:19:43,181 - INFO - Val Loss = 1.3161, Val Accuracy = 0.58%, Precision = 0.54, Recall = 0.58, F1 = 0.53
2025-01-31 12:19:43,181 - INFO - Starting Epoch 9/30
2025-01-31 12:20:31,971 - INFO - Val Loss = 1.3051, Val Accuracy = 0.58%, Precision = 0.54, Recall = 0.58, F1 = 0.53
2025-01-31 12:20:31,971 - INFO - Starting Epoch 10/30
2025-01-31 12:21:20,381 - INFO - Val Loss = 1.3343, Val Accuracy = 0.58%, Precision = 0.54, Recall = 0.58, F1 = 0.53
2025-01-31 12:21:20,382 - INFO - Starting Epoch 11/30
2025-01-31 12:22:09,211 - INFO - Val Loss = 1.2690, Val Accuracy = 0.58%, Precision = 0.53, Recall = 0.58, F1 = 0.55
2025-01-31 12:22:09,239 - INFO - Best model saved at epoch 11 with val loss: 1.2690
2025-01-31 12:22:09,240 - INFO - Starting Epoch 12/30
2025-01-31 12:22:57,743 - INFO - Val Loss = 1.3324, Val Accuracy = 0.58%, Precision = 0.53, Recall = 0.58, F1 = 0.54
2025-01-31 12:22:57,744 - INFO - Starting Epoch 13/30
2025-01-31 12:23:47,375 - INFO - Val Loss = 1.2925, Val Accuracy = 0.58%, Precision = 0.52, Recall = 0.58, F1 = 0.53
2025-01-31 12:23:47,375 - INFO - Starting Epoch 14/30
2025-01-31 12:24:36,583 - INFO - Val Loss = 1.2878, Val Accuracy = 0.57%, Precision = 0.53, Recall = 0.57, F1 = 0.53
2025-01-31 12:24:36,584 - INFO - Starting Epoch 15/30
2025-01-31 12:25:25,241 - INFO - Val Loss = 1.3062, Val Accuracy = 0.58%, Precision = 0.53, Recall = 0.58, F1 = 0.54
2025-01-31 12:25:25,242 - INFO - Starting Epoch 16/30
2025-01-31 12:26:13,596 - INFO - Val Loss = 1.3000, Val Accuracy = 0.57%, Precision = 0.53, Recall = 0.57, F1 = 0.55
2025-01-31 12:26:13,597 - INFO - Starting Epoch 17/30
2025-01-31 12:27:02,273 - INFO - Val Loss = 1.3188, Val Accuracy = 0.56%, Precision = 0.54, Recall = 0.56, F1 = 0.54
2025-01-31 12:27:02,273 - INFO - Starting Epoch 18/30
2025-01-31 12:27:50,517 - INFO - Val Loss = 1.3470, Val Accuracy = 0.55%, Precision = 0.54, Recall = 0.55, F1 = 0.54
2025-01-31 12:27:50,518 - INFO - Starting Epoch 19/30
2025-01-31 12:28:39,164 - INFO - Val Loss = 1.3678, Val Accuracy = 0.56%, Precision = 0.54, Recall = 0.56, F1 = 0.55
2025-01-31 12:28:39,165 - INFO - Starting Epoch 20/30
2025-01-31 12:29:27,515 - INFO - Val Loss = 1.3959, Val Accuracy = 0.54%, Precision = 0.54, Recall = 0.54, F1 = 0.53
2025-01-31 12:29:27,515 - INFO - Starting Epoch 21/30
2025-01-31 12:30:16,110 - INFO - Val Loss = 1.4102, Val Accuracy = 0.56%, Precision = 0.54, Recall = 0.56, F1 = 0.54
2025-01-31 12:30:16,111 - INFO - Early stopping at epoch 21
2025-01-31 12:30:16,149 - INFO - Loaded best model with val loss: 1.2690
2025-01-31 12:36:46,397 - INFO - Starting Epoch 1/30
2025-01-31 12:37:31,658 - INFO - Val Loss = 1.3989, Val Accuracy = 0.54%, Precision = 0.47, Recall = 0.54, F1 = 0.48
2025-01-31 12:37:31,689 - INFO - Best model saved at epoch 1 with val loss: 1.3989
2025-01-31 12:37:31,690 - INFO - Starting Epoch 2/30
2025-01-31 12:38:17,546 - INFO - Val Loss = 1.3810, Val Accuracy = 0.55%, Precision = 0.51, Recall = 0.55, F1 = 0.51
2025-01-31 12:38:17,579 - INFO - Best model saved at epoch 2 with val loss: 1.3810
2025-01-31 12:38:17,579 - INFO - Starting Epoch 3/30
2025-01-31 12:39:02,995 - INFO - Val Loss = 1.3380, Val Accuracy = 0.55%, Precision = 0.51, Recall = 0.55, F1 = 0.51
2025-01-31 12:39:03,044 - INFO - Best model saved at epoch 3 with val loss: 1.3380
2025-01-31 12:39:03,044 - INFO - Starting Epoch 4/30
2025-01-31 12:39:48,726 - INFO - Val Loss = 1.3516, Val Accuracy = 0.56%, Precision = 0.53, Recall = 0.56, F1 = 0.51
2025-01-31 12:39:48,727 - INFO - Starting Epoch 5/30
2025-01-31 12:40:34,057 - INFO - Val Loss = 1.3188, Val Accuracy = 0.57%, Precision = 0.54, Recall = 0.57, F1 = 0.53
2025-01-31 12:40:34,106 - INFO - Best model saved at epoch 5 with val loss: 1.3188
2025-01-31 12:40:34,106 - INFO - Starting Epoch 6/30
2025-01-31 12:41:19,429 - INFO - Val Loss = 1.3575, Val Accuracy = 0.58%, Precision = 0.53, Recall = 0.58, F1 = 0.53
2025-01-31 12:41:19,430 - INFO - Starting Epoch 7/30
2025-01-31 12:42:05,034 - INFO - Val Loss = 1.3376, Val Accuracy = 0.58%, Precision = 0.54, Recall = 0.58, F1 = 0.54
2025-01-31 12:42:05,034 - INFO - Starting Epoch 8/30
2025-01-31 12:42:50,358 - INFO - Val Loss = 1.3402, Val Accuracy = 0.57%, Precision = 0.54, Recall = 0.57, F1 = 0.52
2025-01-31 12:42:50,359 - INFO - Starting Epoch 9/30
2025-01-31 12:43:35,610 - INFO - Val Loss = 1.3652, Val Accuracy = 0.57%, Precision = 0.55, Recall = 0.57, F1 = 0.53
2025-01-31 12:43:35,611 - INFO - Starting Epoch 10/30
2025-01-31 12:44:21,473 - INFO - Val Loss = 1.3643, Val Accuracy = 0.58%, Precision = 0.54, Recall = 0.58, F1 = 0.54
2025-01-31 12:44:21,474 - INFO - Starting Epoch 11/30
2025-01-31 12:45:06,903 - INFO - Val Loss = 1.3982, Val Accuracy = 0.57%, Precision = 0.52, Recall = 0.57, F1 = 0.52
2025-01-31 12:45:06,904 - INFO - Starting Epoch 12/30
2025-01-31 12:45:52,566 - INFO - Val Loss = 1.3474, Val Accuracy = 0.57%, Precision = 0.53, Recall = 0.57, F1 = 0.54
2025-01-31 12:45:52,568 - INFO - Starting Epoch 13/30
2025-01-31 12:46:37,954 - INFO - Val Loss = 1.3828, Val Accuracy = 0.55%, Precision = 0.52, Recall = 0.55, F1 = 0.53
2025-01-31 12:46:37,954 - INFO - Starting Epoch 14/30
2025-01-31 12:47:23,282 - INFO - Val Loss = 1.4079, Val Accuracy = 0.54%, Precision = 0.52, Recall = 0.54, F1 = 0.52
2025-01-31 12:47:23,283 - INFO - Starting Epoch 15/30
2025-01-31 12:48:08,671 - INFO - Val Loss = 1.4143, Val Accuracy = 0.55%, Precision = 0.52, Recall = 0.55, F1 = 0.53
2025-01-31 12:48:08,671 - INFO - Early stopping at epoch 15
2025-01-31 12:48:08,709 - INFO - Loaded best model with val loss: 1.3188
2025-01-31 12:55:04,847 - INFO - Starting Epoch 1/30
2025-01-31 12:55:54,414 - INFO - Val Loss = 1.4048, Val Accuracy = 0.55%, Precision = 0.50, Recall = 0.55, F1 = 0.49
2025-01-31 12:55:54,456 - INFO - Best model saved at epoch 1 with val loss: 1.4048
2025-01-31 12:55:54,456 - INFO - Starting Epoch 2/30
2025-01-31 12:56:42,900 - INFO - Val Loss = 1.3827, Val Accuracy = 0.54%, Precision = 0.50, Recall = 0.54, F1 = 0.50
2025-01-31 12:56:42,928 - INFO - Best model saved at epoch 2 with val loss: 1.3827
2025-01-31 12:56:42,929 - INFO - Starting Epoch 3/30
2025-01-31 12:57:31,646 - INFO - Val Loss = 1.3395, Val Accuracy = 0.55%, Precision = 0.51, Recall = 0.55, F1 = 0.51
2025-01-31 12:57:31,690 - INFO - Best model saved at epoch 3 with val loss: 1.3395
2025-01-31 12:57:31,690 - INFO - Starting Epoch 4/30
2025-01-31 12:58:20,148 - INFO - Val Loss = 1.3381, Val Accuracy = 0.57%, Precision = 0.55, Recall = 0.57, F1 = 0.52
2025-01-31 12:58:20,193 - INFO - Best model saved at epoch 4 with val loss: 1.3381
2025-01-31 12:58:20,193 - INFO - Starting Epoch 5/30
2025-01-31 12:59:08,826 - INFO - Val Loss = 1.3317, Val Accuracy = 0.56%, Precision = 0.55, Recall = 0.56, F1 = 0.51
2025-01-31 12:59:08,871 - INFO - Best model saved at epoch 5 with val loss: 1.3317
2025-01-31 12:59:08,871 - INFO - Starting Epoch 6/30
2025-01-31 12:59:57,168 - INFO - Val Loss = 1.3121, Val Accuracy = 0.56%, Precision = 0.54, Recall = 0.56, F1 = 0.52
2025-01-31 12:59:57,212 - INFO - Best model saved at epoch 6 with val loss: 1.3121
2025-01-31 12:59:57,212 - INFO - Starting Epoch 7/30
2025-01-31 13:00:45,897 - INFO - Val Loss = 1.3106, Val Accuracy = 0.59%, Precision = 0.56, Recall = 0.59, F1 = 0.54
2025-01-31 13:00:45,942 - INFO - Best model saved at epoch 7 with val loss: 1.3106
2025-01-31 13:00:45,942 - INFO - Starting Epoch 8/30
2025-01-31 13:01:34,644 - INFO - Val Loss = 1.3129, Val Accuracy = 0.58%, Precision = 0.57, Recall = 0.58, F1 = 0.53
2025-01-31 13:01:34,645 - INFO - Starting Epoch 9/30
2025-01-31 13:02:23,075 - INFO - Val Loss = 1.2889, Val Accuracy = 0.59%, Precision = 0.56, Recall = 0.59, F1 = 0.54
2025-01-31 13:02:23,118 - INFO - Best model saved at epoch 9 with val loss: 1.2889
2025-01-31 13:02:23,118 - INFO - Starting Epoch 10/30
2025-01-31 13:03:11,466 - INFO - Val Loss = 1.2918, Val Accuracy = 0.58%, Precision = 0.55, Recall = 0.58, F1 = 0.54
2025-01-31 13:03:11,467 - INFO - Starting Epoch 11/30
2025-01-31 13:04:00,014 - INFO - Val Loss = 1.2713, Val Accuracy = 0.59%, Precision = 0.55, Recall = 0.59, F1 = 0.55
2025-01-31 13:04:00,043 - INFO - Best model saved at epoch 11 with val loss: 1.2713
2025-01-31 13:04:00,044 - INFO - Starting Epoch 12/30
2025-01-31 13:04:48,833 - INFO - Val Loss = 1.2911, Val Accuracy = 0.59%, Precision = 0.55, Recall = 0.59, F1 = 0.55
2025-01-31 13:04:48,835 - INFO - Starting Epoch 13/30
2025-01-31 13:05:37,590 - INFO - Val Loss = 1.3387, Val Accuracy = 0.58%, Precision = 0.53, Recall = 0.58, F1 = 0.54
2025-01-31 13:05:37,592 - INFO - Starting Epoch 14/30
2025-01-31 13:06:26,360 - INFO - Val Loss = 1.3055, Val Accuracy = 0.58%, Precision = 0.53, Recall = 0.58, F1 = 0.54
2025-01-31 13:06:26,362 - INFO - Starting Epoch 15/30
2025-01-31 13:07:14,316 - INFO - Val Loss = 1.3072, Val Accuracy = 0.58%, Precision = 0.53, Recall = 0.58, F1 = 0.54
2025-01-31 13:07:14,317 - INFO - Starting Epoch 16/30
2025-01-31 13:08:03,084 - INFO - Val Loss = 1.3494, Val Accuracy = 0.56%, Precision = 0.53, Recall = 0.56, F1 = 0.53
2025-01-31 13:08:03,085 - INFO - Starting Epoch 17/30
2025-01-31 13:08:51,727 - INFO - Val Loss = 1.3535, Val Accuracy = 0.56%, Precision = 0.54, Recall = 0.56, F1 = 0.54
2025-01-31 13:08:51,728 - INFO - Starting Epoch 18/30
2025-01-31 13:09:40,158 - INFO - Val Loss = 1.4559, Val Accuracy = 0.52%, Precision = 0.53, Recall = 0.52, F1 = 0.51
2025-01-31 13:09:40,159 - INFO - Starting Epoch 19/30
2025-01-31 13:10:28,413 - INFO - Val Loss = 1.4830, Val Accuracy = 0.51%, Precision = 0.53, Recall = 0.51, F1 = 0.51
2025-01-31 13:10:28,415 - INFO - Starting Epoch 20/30
2025-01-31 13:11:16,903 - INFO - Val Loss = 1.4887, Val Accuracy = 0.52%, Precision = 0.53, Recall = 0.52, F1 = 0.52
2025-01-31 13:11:16,904 - INFO - Starting Epoch 21/30
2025-01-31 13:12:04,831 - INFO - Val Loss = 1.5446, Val Accuracy = 0.51%, Precision = 0.52, Recall = 0.51, F1 = 0.51
2025-01-31 13:12:04,832 - INFO - Early stopping at epoch 21
2025-01-31 13:12:04,870 - INFO - Loaded best model with val loss: 1.2713
2025-01-31 13:17:27,632 - INFO - Starting Epoch 1/30
2025-01-31 13:18:17,497 - INFO - Val Loss = 1.4844, Val Accuracy = 0.52%, Precision = 0.45, Recall = 0.52, F1 = 0.46
2025-01-31 13:18:17,526 - INFO - Best model saved at epoch 1 with val loss: 1.4844
2025-01-31 13:18:17,527 - INFO - Starting Epoch 2/30
2025-01-31 13:19:05,983 - INFO - Val Loss = 1.3726, Val Accuracy = 0.55%, Precision = 0.50, Recall = 0.55, F1 = 0.50
2025-01-31 13:19:06,031 - INFO - Best model saved at epoch 2 with val loss: 1.3726
2025-01-31 13:19:06,031 - INFO - Starting Epoch 3/30
2025-01-31 13:19:53,727 - INFO - Val Loss = 1.3173, Val Accuracy = 0.57%, Precision = 0.53, Recall = 0.57, F1 = 0.51
2025-01-31 13:19:53,771 - INFO - Best model saved at epoch 3 with val loss: 1.3173
2025-01-31 13:19:53,771 - INFO - Starting Epoch 4/30
2025-01-31 13:20:42,477 - INFO - Val Loss = 1.3256, Val Accuracy = 0.57%, Precision = 0.56, Recall = 0.57, F1 = 0.52
2025-01-31 13:20:42,478 - INFO - Starting Epoch 5/30
2025-01-31 13:21:30,990 - INFO - Val Loss = 1.3234, Val Accuracy = 0.58%, Precision = 0.56, Recall = 0.58, F1 = 0.53
2025-01-31 13:21:30,991 - INFO - Starting Epoch 6/30
2025-01-31 13:22:19,582 - INFO - Val Loss = 1.3057, Val Accuracy = 0.58%, Precision = 0.55, Recall = 0.58, F1 = 0.53
2025-01-31 13:22:19,612 - INFO - Best model saved at epoch 6 with val loss: 1.3057
2025-01-31 13:22:19,612 - INFO - Starting Epoch 7/30
2025-01-31 13:23:08,097 - INFO - Val Loss = 1.3255, Val Accuracy = 0.58%, Precision = 0.54, Recall = 0.58, F1 = 0.53
2025-01-31 13:23:08,098 - INFO - Starting Epoch 8/30
2025-01-31 13:23:57,352 - INFO - Val Loss = 1.2913, Val Accuracy = 0.58%, Precision = 0.55, Recall = 0.58, F1 = 0.54
2025-01-31 13:23:57,395 - INFO - Best model saved at epoch 8 with val loss: 1.2913
2025-01-31 13:23:57,396 - INFO - Starting Epoch 9/30
2025-01-31 13:24:46,373 - INFO - Val Loss = 1.3044, Val Accuracy = 0.58%, Precision = 0.55, Recall = 0.58, F1 = 0.55
2025-01-31 13:24:46,374 - INFO - Starting Epoch 10/30
2025-01-31 13:25:35,018 - INFO - Val Loss = 1.3112, Val Accuracy = 0.58%, Precision = 0.54, Recall = 0.58, F1 = 0.54
2025-01-31 13:25:35,020 - INFO - Starting Epoch 11/30
2025-01-31 13:26:23,722 - INFO - Val Loss = 1.3054, Val Accuracy = 0.58%, Precision = 0.55, Recall = 0.58, F1 = 0.54
2025-01-31 13:26:23,724 - INFO - Starting Epoch 12/30
2025-01-31 13:27:12,076 - INFO - Val Loss = 1.3503, Val Accuracy = 0.58%, Precision = 0.55, Recall = 0.58, F1 = 0.53
2025-01-31 13:27:12,077 - INFO - Starting Epoch 13/30
2025-01-31 13:28:00,088 - INFO - Val Loss = 1.3516, Val Accuracy = 0.58%, Precision = 0.55, Recall = 0.58, F1 = 0.53
2025-01-31 13:28:00,089 - INFO - Starting Epoch 14/30
2025-01-31 13:28:49,046 - INFO - Val Loss = 1.3055, Val Accuracy = 0.57%, Precision = 0.54, Recall = 0.57, F1 = 0.53
2025-01-31 13:28:49,047 - INFO - Starting Epoch 15/30
2025-01-31 13:29:37,662 - INFO - Val Loss = 1.2880, Val Accuracy = 0.57%, Precision = 0.53, Recall = 0.57, F1 = 0.54
2025-01-31 13:29:37,690 - INFO - Best model saved at epoch 15 with val loss: 1.2880
2025-01-31 13:29:37,691 - INFO - Starting Epoch 16/30
2025-01-31 13:30:25,979 - INFO - Val Loss = 1.3217, Val Accuracy = 0.56%, Precision = 0.52, Recall = 0.56, F1 = 0.53
2025-01-31 13:30:25,980 - INFO - Starting Epoch 17/30
2025-01-31 13:31:14,656 - INFO - Val Loss = 1.3816, Val Accuracy = 0.55%, Precision = 0.52, Recall = 0.55, F1 = 0.53
2025-01-31 13:31:14,657 - INFO - Starting Epoch 18/30
2025-01-31 13:32:02,537 - INFO - Val Loss = 1.3802, Val Accuracy = 0.54%, Precision = 0.52, Recall = 0.54, F1 = 0.52
2025-01-31 13:32:02,538 - INFO - Starting Epoch 19/30
2025-01-31 13:32:50,371 - INFO - Val Loss = 1.4210, Val Accuracy = 0.55%, Precision = 0.53, Recall = 0.55, F1 = 0.53
2025-01-31 13:32:50,373 - INFO - Starting Epoch 20/30
2025-01-31 13:33:38,640 - INFO - Val Loss = 1.4700, Val Accuracy = 0.54%, Precision = 0.55, Recall = 0.54, F1 = 0.53
2025-01-31 13:33:38,642 - INFO - Starting Epoch 21/30
2025-01-31 13:34:27,238 - INFO - Val Loss = 1.5472, Val Accuracy = 0.53%, Precision = 0.54, Recall = 0.53, F1 = 0.52
2025-01-31 13:34:27,239 - INFO - Starting Epoch 22/30
2025-01-31 13:35:16,325 - INFO - Val Loss = 1.4397, Val Accuracy = 0.55%, Precision = 0.53, Recall = 0.55, F1 = 0.54
2025-01-31 13:35:16,326 - INFO - Starting Epoch 23/30
2025-01-31 13:36:04,977 - INFO - Val Loss = 1.5076, Val Accuracy = 0.53%, Precision = 0.54, Recall = 0.53, F1 = 0.53
2025-01-31 13:36:04,978 - INFO - Starting Epoch 24/30
2025-01-31 13:36:52,381 - INFO - Val Loss = 1.5459, Val Accuracy = 0.55%, Precision = 0.53, Recall = 0.55, F1 = 0.54
2025-01-31 13:36:52,382 - INFO - Starting Epoch 25/30
2025-01-31 13:37:40,570 - INFO - Val Loss = 1.5989, Val Accuracy = 0.53%, Precision = 0.52, Recall = 0.53, F1 = 0.52
2025-01-31 13:37:40,571 - INFO - Early stopping at epoch 25
2025-01-31 13:37:40,596 - INFO - Loaded best model with val loss: 1.2880
2025-01-31 13:38:14,889 - INFO - Starting Epoch 1/30
2025-01-31 13:39:04,392 - INFO - Val Loss = 1.4560, Val Accuracy = 0.53%, Precision = 0.47, Recall = 0.53, F1 = 0.47
2025-01-31 13:39:04,433 - INFO - Best model saved at epoch 1 with val loss: 1.4560
2025-01-31 13:39:04,434 - INFO - Starting Epoch 2/30
2025-01-31 13:39:53,332 - INFO - Val Loss = 1.3783, Val Accuracy = 0.56%, Precision = 0.51, Recall = 0.56, F1 = 0.51
2025-01-31 13:39:53,375 - INFO - Best model saved at epoch 2 with val loss: 1.3783
2025-01-31 13:39:53,375 - INFO - Starting Epoch 3/30
2025-01-31 13:40:42,680 - INFO - Val Loss = 1.3570, Val Accuracy = 0.56%, Precision = 0.51, Recall = 0.56, F1 = 0.51
2025-01-31 13:40:42,725 - INFO - Best model saved at epoch 3 with val loss: 1.3570
2025-01-31 13:40:42,725 - INFO - Starting Epoch 4/30
2025-01-31 13:41:31,249 - INFO - Val Loss = 1.3276, Val Accuracy = 0.56%, Precision = 0.52, Recall = 0.56, F1 = 0.52
2025-01-31 13:41:31,294 - INFO - Best model saved at epoch 4 with val loss: 1.3276
2025-01-31 13:41:31,294 - INFO - Starting Epoch 5/30
2025-01-31 13:42:19,431 - INFO - Val Loss = 1.3603, Val Accuracy = 0.57%, Precision = 0.53, Recall = 0.57, F1 = 0.52
2025-01-31 13:42:19,432 - INFO - Starting Epoch 6/30
2025-01-31 13:43:07,548 - INFO - Val Loss = 1.3373, Val Accuracy = 0.57%, Precision = 0.53, Recall = 0.57, F1 = 0.52
2025-01-31 13:43:07,549 - INFO - Starting Epoch 7/30
2025-01-31 13:43:56,797 - INFO - Val Loss = 1.3177, Val Accuracy = 0.58%, Precision = 0.54, Recall = 0.58, F1 = 0.54
2025-01-31 13:43:56,840 - INFO - Best model saved at epoch 7 with val loss: 1.3177
2025-01-31 13:43:56,840 - INFO - Starting Epoch 8/30
2025-01-31 13:44:45,978 - INFO - Val Loss = 1.3277, Val Accuracy = 0.57%, Precision = 0.52, Recall = 0.57, F1 = 0.53
2025-01-31 13:44:45,980 - INFO - Starting Epoch 9/30
2025-01-31 13:45:34,885 - INFO - Val Loss = 1.3263, Val Accuracy = 0.57%, Precision = 0.53, Recall = 0.57, F1 = 0.53
2025-01-31 13:45:34,886 - INFO - Starting Epoch 10/30
2025-01-31 13:46:23,455 - INFO - Val Loss = 1.3123, Val Accuracy = 0.58%, Precision = 0.53, Recall = 0.58, F1 = 0.54
2025-01-31 13:46:23,499 - INFO - Best model saved at epoch 10 with val loss: 1.3123
2025-01-31 13:46:23,499 - INFO - Starting Epoch 11/30
2025-01-31 13:47:11,719 - INFO - Val Loss = 1.3211, Val Accuracy = 0.56%, Precision = 0.52, Recall = 0.56, F1 = 0.53
2025-01-31 13:47:11,720 - INFO - Starting Epoch 12/30
2025-01-31 13:48:00,593 - INFO - Val Loss = 1.3132, Val Accuracy = 0.59%, Precision = 0.54, Recall = 0.59, F1 = 0.54
2025-01-31 13:48:00,593 - INFO - Starting Epoch 13/30
2025-01-31 13:48:49,498 - INFO - Val Loss = 1.3210, Val Accuracy = 0.57%, Precision = 0.53, Recall = 0.57, F1 = 0.54
2025-01-31 13:48:49,499 - INFO - Starting Epoch 14/30
2025-01-31 13:49:38,303 - INFO - Val Loss = 1.3372, Val Accuracy = 0.57%, Precision = 0.53, Recall = 0.57, F1 = 0.54
2025-01-31 13:49:38,304 - INFO - Starting Epoch 15/30
2025-01-31 13:50:26,965 - INFO - Val Loss = 1.3654, Val Accuracy = 0.55%, Precision = 0.53, Recall = 0.55, F1 = 0.53
2025-01-31 13:50:26,966 - INFO - Starting Epoch 16/30
2025-01-31 13:51:15,153 - INFO - Val Loss = 1.3133, Val Accuracy = 0.57%, Precision = 0.53, Recall = 0.57, F1 = 0.54
2025-01-31 13:51:15,154 - INFO - Starting Epoch 17/30
2025-01-31 13:52:03,794 - INFO - Val Loss = 1.3567, Val Accuracy = 0.55%, Precision = 0.52, Recall = 0.55, F1 = 0.53
2025-01-31 13:52:03,796 - INFO - Starting Epoch 18/30
2025-01-31 13:52:52,292 - INFO - Val Loss = 1.3902, Val Accuracy = 0.53%, Precision = 0.52, Recall = 0.53, F1 = 0.52
2025-01-31 13:52:52,294 - INFO - Starting Epoch 19/30
2025-01-31 13:53:41,068 - INFO - Val Loss = 1.4132, Val Accuracy = 0.53%, Precision = 0.52, Recall = 0.53, F1 = 0.53
2025-01-31 13:53:41,068 - INFO - Starting Epoch 20/30
2025-01-31 13:54:29,609 - INFO - Val Loss = 1.4108, Val Accuracy = 0.54%, Precision = 0.53, Recall = 0.54, F1 = 0.53
2025-01-31 13:54:29,609 - INFO - Early stopping at epoch 20
2025-01-31 13:54:29,645 - INFO - Loaded best model with val loss: 1.3123
2025-01-31 13:55:11,484 - INFO - Starting Epoch 1/30
2025-01-31 13:56:01,125 - INFO - Val Loss = 1.4393, Val Accuracy = 0.53%, Precision = 0.45, Recall = 0.53, F1 = 0.48
2025-01-31 13:56:01,166 - INFO - Best model saved at epoch 1 with val loss: 1.4393
2025-01-31 13:56:01,167 - INFO - Starting Epoch 2/30
2025-01-31 13:56:49,556 - INFO - Val Loss = 1.3589, Val Accuracy = 0.55%, Precision = 0.50, Recall = 0.55, F1 = 0.50
2025-01-31 13:56:49,588 - INFO - Best model saved at epoch 2 with val loss: 1.3589
2025-01-31 13:56:49,588 - INFO - Starting Epoch 3/30
2025-01-31 13:57:37,847 - INFO - Val Loss = 1.3525, Val Accuracy = 0.56%, Precision = 0.51, Recall = 0.56, F1 = 0.51
2025-01-31 13:57:37,890 - INFO - Best model saved at epoch 3 with val loss: 1.3525
2025-01-31 13:57:37,890 - INFO - Starting Epoch 4/30
2025-01-31 13:58:26,284 - INFO - Val Loss = 1.3348, Val Accuracy = 0.56%, Precision = 0.52, Recall = 0.56, F1 = 0.51
2025-01-31 13:58:26,327 - INFO - Best model saved at epoch 4 with val loss: 1.3348
2025-01-31 13:58:26,327 - INFO - Starting Epoch 5/30
2025-01-31 13:59:14,959 - INFO - Val Loss = 1.2841, Val Accuracy = 0.58%, Precision = 0.54, Recall = 0.58, F1 = 0.53
2025-01-31 13:59:14,988 - INFO - Best model saved at epoch 5 with val loss: 1.2841
2025-01-31 13:59:14,989 - INFO - Starting Epoch 6/30
2025-01-31 14:00:03,273 - INFO - Val Loss = 1.2949, Val Accuracy = 0.58%, Precision = 0.55, Recall = 0.58, F1 = 0.53
2025-01-31 14:00:03,273 - INFO - Starting Epoch 7/30
2025-01-31 14:00:51,916 - INFO - Val Loss = 1.3195, Val Accuracy = 0.58%, Precision = 0.54, Recall = 0.58, F1 = 0.53
2025-01-31 14:00:51,917 - INFO - Starting Epoch 8/30
2025-01-31 14:01:39,980 - INFO - Val Loss = 1.3001, Val Accuracy = 0.58%, Precision = 0.54, Recall = 0.58, F1 = 0.54
2025-01-31 14:01:39,981 - INFO - Starting Epoch 9/30
2025-01-31 14:02:27,869 - INFO - Val Loss = 1.3006, Val Accuracy = 0.58%, Precision = 0.53, Recall = 0.58, F1 = 0.54
2025-01-31 14:02:27,871 - INFO - Starting Epoch 10/30
2025-01-31 14:03:16,111 - INFO - Val Loss = 1.3397, Val Accuracy = 0.56%, Precision = 0.53, Recall = 0.56, F1 = 0.53
2025-01-31 14:03:16,112 - INFO - Starting Epoch 11/30
2025-01-31 14:04:04,407 - INFO - Val Loss = 1.3498, Val Accuracy = 0.56%, Precision = 0.53, Recall = 0.56, F1 = 0.52
2025-01-31 14:04:04,408 - INFO - Starting Epoch 12/30
2025-01-31 14:04:52,807 - INFO - Val Loss = 1.3278, Val Accuracy = 0.54%, Precision = 0.53, Recall = 0.54, F1 = 0.53
2025-01-31 14:04:52,809 - INFO - Starting Epoch 13/30
2025-01-31 14:05:40,858 - INFO - Val Loss = 1.3276, Val Accuracy = 0.54%, Precision = 0.52, Recall = 0.54, F1 = 0.52
2025-01-31 14:05:40,859 - INFO - Starting Epoch 14/30
2025-01-31 14:06:29,381 - INFO - Val Loss = 1.3364, Val Accuracy = 0.53%, Precision = 0.52, Recall = 0.53, F1 = 0.52
2025-01-31 14:06:29,382 - INFO - Starting Epoch 15/30
2025-01-31 14:07:17,358 - INFO - Val Loss = 1.3440, Val Accuracy = 0.54%, Precision = 0.52, Recall = 0.54, F1 = 0.52
2025-01-31 14:07:17,359 - INFO - Early stopping at epoch 15
2025-01-31 14:07:17,393 - INFO - Loaded best model with val loss: 1.2841
2025-01-31 14:09:52,905 - INFO - Starting Epoch 1/30
2025-01-31 14:10:43,290 - INFO - Val Loss = 1.4251, Val Accuracy = 0.53%, Precision = 0.47, Recall = 0.53, F1 = 0.48
2025-01-31 14:10:43,332 - INFO - Best model saved at epoch 1 with val loss: 1.4251
2025-01-31 14:10:43,332 - INFO - Starting Epoch 2/30
2025-01-31 14:11:31,761 - INFO - Val Loss = 1.3436, Val Accuracy = 0.55%, Precision = 0.51, Recall = 0.55, F1 = 0.50
2025-01-31 14:11:31,805 - INFO - Best model saved at epoch 2 with val loss: 1.3436
2025-01-31 14:11:31,806 - INFO - Starting Epoch 3/30
2025-01-31 14:12:20,173 - INFO - Val Loss = 1.3475, Val Accuracy = 0.56%, Precision = 0.54, Recall = 0.56, F1 = 0.51
2025-01-31 14:12:20,175 - INFO - Starting Epoch 4/30
2025-01-31 14:13:09,225 - INFO - Val Loss = 1.3437, Val Accuracy = 0.56%, Precision = 0.52, Recall = 0.56, F1 = 0.51
2025-01-31 14:13:09,226 - INFO - Starting Epoch 5/30
2025-01-31 14:13:57,891 - INFO - Val Loss = 1.3099, Val Accuracy = 0.57%, Precision = 0.53, Recall = 0.57, F1 = 0.52
2025-01-31 14:13:57,936 - INFO - Best model saved at epoch 5 with val loss: 1.3099
2025-01-31 14:13:57,936 - INFO - Starting Epoch 6/30
2025-01-31 14:14:47,022 - INFO - Val Loss = 1.3197, Val Accuracy = 0.57%, Precision = 0.54, Recall = 0.57, F1 = 0.53
2025-01-31 14:14:47,023 - INFO - Starting Epoch 7/30
2025-01-31 14:15:35,866 - INFO - Val Loss = 1.3122, Val Accuracy = 0.57%, Precision = 0.53, Recall = 0.57, F1 = 0.53
2025-01-31 14:15:35,866 - INFO - Starting Epoch 8/30
2025-01-31 14:16:24,406 - INFO - Val Loss = 1.3048, Val Accuracy = 0.58%, Precision = 0.55, Recall = 0.58, F1 = 0.54
2025-01-31 14:16:24,451 - INFO - Best model saved at epoch 8 with val loss: 1.3048
2025-01-31 14:16:24,451 - INFO - Starting Epoch 9/30
2025-01-31 14:17:13,642 - INFO - Val Loss = 1.3096, Val Accuracy = 0.57%, Precision = 0.53, Recall = 0.57, F1 = 0.53
2025-01-31 14:17:13,643 - INFO - Starting Epoch 10/30
2025-01-31 14:18:02,366 - INFO - Val Loss = 1.3097, Val Accuracy = 0.58%, Precision = 0.53, Recall = 0.58, F1 = 0.53
2025-01-31 14:18:02,367 - INFO - Starting Epoch 11/30
2025-01-31 14:18:50,877 - INFO - Val Loss = 1.3431, Val Accuracy = 0.57%, Precision = 0.53, Recall = 0.57, F1 = 0.53
2025-01-31 14:18:50,878 - INFO - Starting Epoch 12/30
2025-01-31 14:19:39,672 - INFO - Val Loss = 1.4175, Val Accuracy = 0.57%, Precision = 0.53, Recall = 0.57, F1 = 0.52
2025-01-31 14:19:39,673 - INFO - Starting Epoch 13/30
2025-01-31 14:20:28,805 - INFO - Val Loss = 1.3495, Val Accuracy = 0.57%, Precision = 0.53, Recall = 0.57, F1 = 0.53
2025-01-31 14:20:28,806 - INFO - Starting Epoch 14/30
2025-01-31 14:21:17,822 - INFO - Val Loss = 1.3653, Val Accuracy = 0.57%, Precision = 0.53, Recall = 0.57, F1 = 0.52
2025-01-31 14:21:17,823 - INFO - Starting Epoch 15/30
2025-01-31 14:22:07,205 - INFO - Val Loss = 1.3271, Val Accuracy = 0.57%, Precision = 0.53, Recall = 0.57, F1 = 0.54
2025-01-31 14:22:07,205 - INFO - Starting Epoch 16/30
2025-01-31 14:22:55,653 - INFO - Val Loss = 1.3324, Val Accuracy = 0.58%, Precision = 0.55, Recall = 0.58, F1 = 0.55
2025-01-31 14:22:55,654 - INFO - Starting Epoch 17/30
2025-01-31 14:23:44,639 - INFO - Val Loss = 1.3304, Val Accuracy = 0.58%, Precision = 0.54, Recall = 0.58, F1 = 0.56
2025-01-31 14:23:44,640 - INFO - Starting Epoch 18/30
2025-01-31 14:24:33,656 - INFO - Val Loss = 1.3478, Val Accuracy = 0.57%, Precision = 0.54, Recall = 0.57, F1 = 0.55
2025-01-31 14:24:33,656 - INFO - Early stopping at epoch 18
2025-01-31 14:24:33,684 - INFO - Loaded best model with val loss: 1.3048
2025-01-31 15:23:21,720 - INFO - Starting Epoch 1/30
2025-01-31 15:24:11,184 - INFO - Val Loss = 1.4419, Val Accuracy = 0.54%, Precision = 0.55, Recall = 0.54, F1 = 0.47
2025-01-31 15:24:11,234 - INFO - Best model saved at epoch 1 with val loss: 1.4419
2025-01-31 15:24:11,234 - INFO - Starting Epoch 2/30
2025-01-31 15:24:59,738 - INFO - Val Loss = 1.4003, Val Accuracy = 0.53%, Precision = 0.50, Recall = 0.53, F1 = 0.48
2025-01-31 15:24:59,787 - INFO - Best model saved at epoch 2 with val loss: 1.4003
2025-01-31 15:24:59,787 - INFO - Starting Epoch 3/30
2025-01-31 15:25:48,451 - INFO - Val Loss = 1.3902, Val Accuracy = 0.56%, Precision = 0.52, Recall = 0.56, F1 = 0.51
2025-01-31 15:25:48,501 - INFO - Best model saved at epoch 3 with val loss: 1.3902
2025-01-31 15:25:48,501 - INFO - Starting Epoch 4/30
2025-01-31 15:26:35,887 - INFO - Val Loss = 1.3145, Val Accuracy = 0.57%, Precision = 0.52, Recall = 0.57, F1 = 0.52
2025-01-31 15:26:35,939 - INFO - Best model saved at epoch 4 with val loss: 1.3145
2025-01-31 15:26:35,940 - INFO - Starting Epoch 5/30
2025-01-31 15:27:23,117 - INFO - Val Loss = 1.3076, Val Accuracy = 0.58%, Precision = 0.54, Recall = 0.58, F1 = 0.53
2025-01-31 15:27:23,168 - INFO - Best model saved at epoch 5 with val loss: 1.3076
2025-01-31 15:27:23,168 - INFO - Starting Epoch 6/30
2025-01-31 15:28:11,081 - INFO - Val Loss = 1.3215, Val Accuracy = 0.58%, Precision = 0.54, Recall = 0.58, F1 = 0.53
2025-01-31 15:28:11,082 - INFO - Starting Epoch 7/30
2025-01-31 15:28:59,325 - INFO - Val Loss = 1.2824, Val Accuracy = 0.58%, Precision = 0.53, Recall = 0.58, F1 = 0.54
2025-01-31 15:28:59,375 - INFO - Best model saved at epoch 7 with val loss: 1.2824
2025-01-31 15:28:59,376 - INFO - Starting Epoch 8/30
2025-01-31 15:29:47,866 - INFO - Val Loss = 1.2833, Val Accuracy = 0.58%, Precision = 0.54, Recall = 0.58, F1 = 0.54
2025-01-31 15:29:47,867 - INFO - Starting Epoch 9/30
2025-01-31 15:30:36,070 - INFO - Val Loss = 1.2853, Val Accuracy = 0.58%, Precision = 0.54, Recall = 0.58, F1 = 0.55
2025-01-31 15:30:36,071 - INFO - Starting Epoch 10/30
2025-01-31 15:31:24,038 - INFO - Val Loss = 1.2778, Val Accuracy = 0.58%, Precision = 0.54, Recall = 0.58, F1 = 0.54
2025-01-31 15:31:24,090 - INFO - Best model saved at epoch 10 with val loss: 1.2778
2025-01-31 15:31:24,090 - INFO - Starting Epoch 11/30
2025-01-31 15:32:12,115 - INFO - Val Loss = 1.3033, Val Accuracy = 0.57%, Precision = 0.53, Recall = 0.57, F1 = 0.54
2025-01-31 15:32:12,116 - INFO - Starting Epoch 12/30
2025-01-31 15:33:00,018 - INFO - Val Loss = 1.2763, Val Accuracy = 0.58%, Precision = 0.53, Recall = 0.58, F1 = 0.55
2025-01-31 15:33:00,069 - INFO - Best model saved at epoch 12 with val loss: 1.2763
2025-01-31 15:33:00,070 - INFO - Starting Epoch 13/30
2025-01-31 15:33:48,574 - INFO - Val Loss = 1.2907, Val Accuracy = 0.59%, Precision = 0.55, Recall = 0.59, F1 = 0.56
2025-01-31 15:33:48,575 - INFO - Starting Epoch 14/30
2025-01-31 15:34:36,566 - INFO - Val Loss = 1.3020, Val Accuracy = 0.58%, Precision = 0.54, Recall = 0.58, F1 = 0.55
2025-01-31 15:34:36,567 - INFO - Starting Epoch 15/30
2025-01-31 15:35:25,053 - INFO - Val Loss = 1.3326, Val Accuracy = 0.57%, Precision = 0.53, Recall = 0.57, F1 = 0.54
2025-01-31 15:35:25,054 - INFO - Starting Epoch 16/30
2025-01-31 15:36:13,444 - INFO - Val Loss = 1.3315, Val Accuracy = 0.57%, Precision = 0.53, Recall = 0.57, F1 = 0.54
2025-01-31 15:36:13,445 - INFO - Starting Epoch 17/30
2025-01-31 15:37:01,807 - INFO - Val Loss = 1.3371, Val Accuracy = 0.57%, Precision = 0.53, Recall = 0.57, F1 = 0.54
2025-01-31 15:37:01,808 - INFO - Starting Epoch 18/30
2025-01-31 15:37:49,440 - INFO - Val Loss = 1.3826, Val Accuracy = 0.54%, Precision = 0.53, Recall = 0.54, F1 = 0.53
2025-01-31 15:37:49,440 - INFO - Starting Epoch 19/30
2025-01-31 15:38:37,573 - INFO - Val Loss = 1.3440, Val Accuracy = 0.56%, Precision = 0.54, Recall = 0.56, F1 = 0.55
2025-01-31 15:38:37,574 - INFO - Starting Epoch 20/30
2025-01-31 15:39:25,897 - INFO - Val Loss = 1.3716, Val Accuracy = 0.56%, Precision = 0.55, Recall = 0.56, F1 = 0.55
2025-01-31 15:39:25,898 - INFO - Starting Epoch 21/30
2025-01-31 15:40:14,333 - INFO - Val Loss = 1.3954, Val Accuracy = 0.55%, Precision = 0.53, Recall = 0.55, F1 = 0.54
2025-01-31 15:40:14,334 - INFO - Starting Epoch 22/30
2025-01-31 15:41:02,857 - INFO - Val Loss = 1.4186, Val Accuracy = 0.54%, Precision = 0.53, Recall = 0.54, F1 = 0.53
2025-01-31 15:41:02,858 - INFO - Early stopping at epoch 22
2025-01-31 15:41:02,892 - INFO - Loaded best model with val loss: 1.2763
2025-01-31 15:45:53,638 - INFO - Starting Epoch 1/30
2025-01-31 15:46:42,650 - INFO - Val Loss = 1.4706, Val Accuracy = 0.53%, Precision = 0.45, Recall = 0.53, F1 = 0.48
2025-01-31 15:46:42,698 - INFO - Best model saved at epoch 1 with val loss: 1.4706
2025-01-31 15:46:42,700 - INFO - Starting Epoch 2/30
2025-01-31 15:58:42,069 - INFO - Starting Epoch 1/30
2025-01-31 15:59:30,959 - INFO - Val Loss = 1.4266, Val Accuracy = 0.54%, Precision = 0.44, Recall = 0.54, F1 = 0.48
2025-01-31 15:59:31,014 - INFO - Best model saved at epoch 1 with val loss: 1.4266
2025-01-31 15:59:31,015 - INFO - Starting Epoch 2/30
2025-01-31 16:00:19,364 - INFO - Val Loss = 1.3905, Val Accuracy = 0.56%, Precision = 0.46, Recall = 0.56, F1 = 0.50
2025-01-31 16:00:19,414 - INFO - Best model saved at epoch 2 with val loss: 1.3905
2025-01-31 16:00:19,415 - INFO - Starting Epoch 3/30
2025-01-31 16:01:07,465 - INFO - Val Loss = 1.3878, Val Accuracy = 0.57%, Precision = 0.52, Recall = 0.57, F1 = 0.51
2025-01-31 16:01:07,515 - INFO - Best model saved at epoch 3 with val loss: 1.3878
2025-01-31 16:01:07,515 - INFO - Starting Epoch 4/30
2025-01-31 16:01:55,425 - INFO - Val Loss = 1.3358, Val Accuracy = 0.57%, Precision = 0.53, Recall = 0.57, F1 = 0.52
2025-01-31 16:01:55,476 - INFO - Best model saved at epoch 4 with val loss: 1.3358
2025-01-31 16:01:55,476 - INFO - Starting Epoch 5/30
2025-01-31 16:02:44,005 - INFO - Val Loss = 1.2966, Val Accuracy = 0.57%, Precision = 0.52, Recall = 0.57, F1 = 0.53
2025-01-31 16:02:44,055 - INFO - Best model saved at epoch 5 with val loss: 1.2966
2025-01-31 16:02:44,055 - INFO - Starting Epoch 6/30
2025-01-31 16:03:32,313 - INFO - Val Loss = 1.3416, Val Accuracy = 0.58%, Precision = 0.55, Recall = 0.58, F1 = 0.53
2025-01-31 16:03:32,314 - INFO - Starting Epoch 7/30
2025-01-31 16:04:20,900 - INFO - Val Loss = 1.3336, Val Accuracy = 0.58%, Precision = 0.54, Recall = 0.58, F1 = 0.54
2025-01-31 16:04:20,901 - INFO - Starting Epoch 8/30
2025-01-31 16:05:09,329 - INFO - Val Loss = 1.3299, Val Accuracy = 0.58%, Precision = 0.55, Recall = 0.58, F1 = 0.54
2025-01-31 16:05:09,330 - INFO - Starting Epoch 9/30
2025-01-31 16:05:57,830 - INFO - Val Loss = 1.3357, Val Accuracy = 0.58%, Precision = 0.53, Recall = 0.58, F1 = 0.53
2025-01-31 16:05:57,831 - INFO - Starting Epoch 10/30
2025-01-31 16:06:45,848 - INFO - Val Loss = 1.2695, Val Accuracy = 0.58%, Precision = 0.54, Recall = 0.58, F1 = 0.55
2025-01-31 16:06:45,897 - INFO - Best model saved at epoch 10 with val loss: 1.2695
2025-01-31 16:06:45,898 - INFO - Starting Epoch 11/30
2025-01-31 16:07:34,044 - INFO - Val Loss = 1.2933, Val Accuracy = 0.59%, Precision = 0.54, Recall = 0.59, F1 = 0.54
2025-01-31 16:07:34,045 - INFO - Starting Epoch 12/30
2025-01-31 16:08:22,028 - INFO - Val Loss = 1.3209, Val Accuracy = 0.59%, Precision = 0.54, Recall = 0.59, F1 = 0.55
2025-01-31 16:08:22,029 - INFO - Starting Epoch 13/30
2025-01-31 16:09:10,355 - INFO - Val Loss = 1.3851, Val Accuracy = 0.58%, Precision = 0.53, Recall = 0.58, F1 = 0.53
2025-01-31 16:09:10,356 - INFO - Starting Epoch 14/30
2025-01-31 16:09:58,747 - INFO - Val Loss = 1.3552, Val Accuracy = 0.58%, Precision = 0.55, Recall = 0.58, F1 = 0.55
2025-01-31 16:09:58,748 - INFO - Starting Epoch 15/30
2025-01-31 16:10:46,585 - INFO - Val Loss = 1.4057, Val Accuracy = 0.57%, Precision = 0.54, Recall = 0.57, F1 = 0.53
2025-01-31 16:10:46,586 - INFO - Starting Epoch 16/30
2025-01-31 16:11:34,394 - INFO - Val Loss = 1.3404, Val Accuracy = 0.59%, Precision = 0.55, Recall = 0.59, F1 = 0.55
2025-01-31 16:11:34,395 - INFO - Starting Epoch 17/30
2025-01-31 16:12:21,635 - INFO - Val Loss = 1.3593, Val Accuracy = 0.55%, Precision = 0.54, Recall = 0.55, F1 = 0.53
2025-01-31 16:12:21,636 - INFO - Starting Epoch 18/30
2025-01-31 16:13:10,067 - INFO - Val Loss = 1.4005, Val Accuracy = 0.54%, Precision = 0.53, Recall = 0.54, F1 = 0.53
2025-01-31 16:13:10,068 - INFO - Starting Epoch 19/30
2025-01-31 16:13:58,317 - INFO - Val Loss = 1.4177, Val Accuracy = 0.54%, Precision = 0.53, Recall = 0.54, F1 = 0.53
2025-01-31 16:13:58,317 - INFO - Starting Epoch 20/30
2025-01-31 16:14:46,614 - INFO - Val Loss = 1.4598, Val Accuracy = 0.53%, Precision = 0.53, Recall = 0.53, F1 = 0.52
2025-01-31 16:14:46,614 - INFO - Early stopping at epoch 20
2025-01-31 16:14:46,654 - INFO - Loaded best model with val loss: 1.2695
2025-01-31 16:17:39,622 - INFO - Starting Epoch 1/30
2025-01-31 16:18:24,191 - INFO - Val Loss = 1.4269, Val Accuracy = 0.53%, Precision = 0.44, Recall = 0.53, F1 = 0.47
2025-01-31 16:18:24,239 - INFO - Best model saved at epoch 1 with val loss: 1.4269
2025-01-31 16:18:24,239 - INFO - Starting Epoch 2/30
2025-01-31 16:19:08,238 - INFO - Val Loss = 1.3552, Val Accuracy = 0.54%, Precision = 0.50, Recall = 0.54, F1 = 0.51
2025-01-31 16:19:08,288 - INFO - Best model saved at epoch 2 with val loss: 1.3552
2025-01-31 16:19:08,288 - INFO - Starting Epoch 3/30
2025-01-31 16:19:52,337 - INFO - Val Loss = 1.3183, Val Accuracy = 0.56%, Precision = 0.53, Recall = 0.56, F1 = 0.51
2025-01-31 16:19:52,375 - INFO - Best model saved at epoch 3 with val loss: 1.3183
2025-01-31 16:19:52,376 - INFO - Starting Epoch 4/30
2025-01-31 16:20:36,493 - INFO - Val Loss = 1.3005, Val Accuracy = 0.57%, Precision = 0.53, Recall = 0.57, F1 = 0.53
2025-01-31 16:20:36,543 - INFO - Best model saved at epoch 4 with val loss: 1.3005
2025-01-31 16:20:36,543 - INFO - Starting Epoch 5/30
2025-01-31 16:21:20,524 - INFO - Val Loss = 1.3080, Val Accuracy = 0.57%, Precision = 0.53, Recall = 0.57, F1 = 0.52
2025-01-31 16:21:20,525 - INFO - Starting Epoch 6/30
2025-01-31 16:22:04,347 - INFO - Val Loss = 1.3372, Val Accuracy = 0.58%, Precision = 0.55, Recall = 0.58, F1 = 0.53
2025-01-31 16:22:04,348 - INFO - Starting Epoch 7/30
2025-01-31 16:22:47,593 - INFO - Val Loss = 1.3135, Val Accuracy = 0.58%, Precision = 0.54, Recall = 0.58, F1 = 0.54
2025-01-31 16:22:47,594 - INFO - Starting Epoch 8/30
2025-01-31 16:23:31,263 - INFO - Val Loss = 1.3014, Val Accuracy = 0.58%, Precision = 0.54, Recall = 0.58, F1 = 0.54
2025-01-31 16:23:31,265 - INFO - Starting Epoch 9/30
2025-01-31 16:24:15,291 - INFO - Val Loss = 1.3100, Val Accuracy = 0.59%, Precision = 0.55, Recall = 0.59, F1 = 0.54
2025-01-31 16:24:15,292 - INFO - Starting Epoch 10/30
2025-01-31 16:24:59,801 - INFO - Val Loss = 1.3587, Val Accuracy = 0.57%, Precision = 0.53, Recall = 0.57, F1 = 0.53
2025-01-31 16:24:59,802 - INFO - Starting Epoch 11/30
2025-01-31 16:25:43,630 - INFO - Val Loss = 1.3162, Val Accuracy = 0.58%, Precision = 0.54, Recall = 0.58, F1 = 0.55
2025-01-31 16:25:43,631 - INFO - Starting Epoch 12/30
2025-01-31 16:26:28,547 - INFO - Val Loss = 1.3303, Val Accuracy = 0.57%, Precision = 0.54, Recall = 0.57, F1 = 0.55
2025-01-31 16:26:28,548 - INFO - Starting Epoch 13/30
2025-01-31 16:27:12,764 - INFO - Val Loss = 1.3150, Val Accuracy = 0.58%, Precision = 0.55, Recall = 0.58, F1 = 0.55
2025-01-31 16:27:12,765 - INFO - Starting Epoch 14/30
2025-01-31 16:27:56,583 - INFO - Val Loss = 1.3585, Val Accuracy = 0.55%, Precision = 0.51, Recall = 0.55, F1 = 0.52
2025-01-31 16:27:56,584 - INFO - Early stopping at epoch 14
2025-01-31 16:27:56,621 - INFO - Loaded best model with val loss: 1.3005
2025-01-31 16:35:37,712 - INFO - Starting Epoch 1/30
2025-01-31 16:36:11,725 - INFO - Val Loss = 1.4371, Val Accuracy = 0.53%, Precision = 0.47, Recall = 0.53, F1 = 0.48
2025-01-31 16:36:11,754 - INFO - Best model saved at epoch 1 with val loss: 1.4371
2025-01-31 16:36:11,754 - INFO - Starting Epoch 2/30
2025-01-31 16:36:45,539 - INFO - Val Loss = 1.3636, Val Accuracy = 0.55%, Precision = 0.51, Recall = 0.55, F1 = 0.51
2025-01-31 16:36:45,566 - INFO - Best model saved at epoch 2 with val loss: 1.3636
2025-01-31 16:36:45,566 - INFO - Starting Epoch 3/30
2025-01-31 16:37:38,222 - INFO - Starting Epoch 1/30
2025-01-31 16:38:11,404 - INFO - Val Loss = 1.4154, Val Accuracy = 0.54%, Precision = 0.48, Recall = 0.54, F1 = 0.49
2025-01-31 16:38:11,449 - INFO - Best model saved at epoch 1 with val loss: 1.4154
2025-01-31 16:38:11,450 - INFO - Starting Epoch 2/30
2025-01-31 16:38:44,241 - INFO - Val Loss = 1.3990, Val Accuracy = 0.56%, Precision = 0.53, Recall = 0.56, F1 = 0.51
2025-01-31 16:38:44,267 - INFO - Best model saved at epoch 2 with val loss: 1.3990
2025-01-31 16:38:44,267 - INFO - Starting Epoch 3/30
2025-01-31 16:39:17,500 - INFO - Val Loss = 1.3517, Val Accuracy = 0.57%, Precision = 0.51, Recall = 0.57, F1 = 0.51
2025-01-31 16:39:17,541 - INFO - Best model saved at epoch 3 with val loss: 1.3517
2025-01-31 16:39:17,541 - INFO - Starting Epoch 4/30
2025-01-31 16:39:51,062 - INFO - Val Loss = 1.3532, Val Accuracy = 0.56%, Precision = 0.52, Recall = 0.56, F1 = 0.51
2025-01-31 16:39:51,064 - INFO - Starting Epoch 5/30
2025-01-31 16:40:24,112 - INFO - Val Loss = 1.3285, Val Accuracy = 0.58%, Precision = 0.55, Recall = 0.58, F1 = 0.54
2025-01-31 16:40:24,154 - INFO - Best model saved at epoch 5 with val loss: 1.3285
2025-01-31 16:40:24,154 - INFO - Starting Epoch 6/30
2025-01-31 16:40:57,237 - INFO - Val Loss = 1.3094, Val Accuracy = 0.58%, Precision = 0.55, Recall = 0.58, F1 = 0.54
2025-01-31 16:40:57,277 - INFO - Best model saved at epoch 6 with val loss: 1.3094
2025-01-31 16:40:57,278 - INFO - Starting Epoch 7/30
2025-01-31 16:41:30,457 - INFO - Val Loss = 1.2973, Val Accuracy = 0.57%, Precision = 0.53, Recall = 0.57, F1 = 0.54
2025-01-31 16:41:30,498 - INFO - Best model saved at epoch 7 with val loss: 1.2973
2025-01-31 16:41:30,498 - INFO - Starting Epoch 8/30
2025-01-31 16:42:03,626 - INFO - Val Loss = 1.3237, Val Accuracy = 0.58%, Precision = 0.54, Recall = 0.58, F1 = 0.53
2025-01-31 16:42:03,627 - INFO - Starting Epoch 9/30
2025-01-31 16:42:36,684 - INFO - Val Loss = 1.3448, Val Accuracy = 0.58%, Precision = 0.54, Recall = 0.58, F1 = 0.53
2025-01-31 16:42:36,686 - INFO - Starting Epoch 10/30
2025-01-31 16:43:09,864 - INFO - Val Loss = 1.3400, Val Accuracy = 0.59%, Precision = 0.54, Recall = 0.59, F1 = 0.54
2025-01-31 16:43:09,865 - INFO - Starting Epoch 11/30
2025-01-31 16:43:42,848 - INFO - Val Loss = 1.3401, Val Accuracy = 0.58%, Precision = 0.54, Recall = 0.58, F1 = 0.53
2025-01-31 16:43:42,849 - INFO - Starting Epoch 12/30
2025-01-31 16:44:16,004 - INFO - Val Loss = 1.3211, Val Accuracy = 0.58%, Precision = 0.54, Recall = 0.58, F1 = 0.54
2025-01-31 16:44:16,006 - INFO - Starting Epoch 13/30
2025-01-31 16:44:48,457 - INFO - Val Loss = 1.3391, Val Accuracy = 0.58%, Precision = 0.53, Recall = 0.58, F1 = 0.53
2025-01-31 16:44:48,457 - INFO - Starting Epoch 14/30
2025-01-31 16:45:21,352 - INFO - Val Loss = 1.3435, Val Accuracy = 0.57%, Precision = 0.53, Recall = 0.57, F1 = 0.54
2025-01-31 16:45:21,353 - INFO - Starting Epoch 15/30
2025-01-31 16:45:53,926 - INFO - Val Loss = 1.3548, Val Accuracy = 0.56%, Precision = 0.54, Recall = 0.56, F1 = 0.54
2025-01-31 16:45:53,927 - INFO - Starting Epoch 16/30
2025-01-31 16:46:27,332 - INFO - Val Loss = 1.3910, Val Accuracy = 0.54%, Precision = 0.54, Recall = 0.54, F1 = 0.53
2025-01-31 16:46:27,333 - INFO - Starting Epoch 17/30
2025-01-31 16:47:00,307 - INFO - Val Loss = 1.4106, Val Accuracy = 0.55%, Precision = 0.54, Recall = 0.55, F1 = 0.53
2025-01-31 16:47:00,307 - INFO - Early stopping at epoch 17
2025-01-31 16:47:00,341 - INFO - Loaded best model with val loss: 1.2973
2025-01-31 16:53:32,897 - INFO - Starting Epoch 1/30
2025-01-31 16:54:17,706 - INFO - Val Loss = 1.4324, Val Accuracy = 0.53%, Precision = 0.45, Recall = 0.53, F1 = 0.48
2025-01-31 16:54:17,749 - INFO - Best model saved at epoch 1 with val loss: 1.4324
2025-01-31 16:54:17,749 - INFO - Starting Epoch 2/30
2025-01-31 16:55:02,125 - INFO - Val Loss = 1.3641, Val Accuracy = 0.54%, Precision = 0.49, Recall = 0.54, F1 = 0.50
2025-01-31 16:55:02,170 - INFO - Best model saved at epoch 2 with val loss: 1.3641
2025-01-31 16:55:02,171 - INFO - Starting Epoch 3/30
2025-01-31 16:55:46,196 - INFO - Val Loss = 1.3644, Val Accuracy = 0.57%, Precision = 0.51, Recall = 0.57, F1 = 0.51
2025-01-31 16:55:46,197 - INFO - Starting Epoch 4/30
2025-01-31 16:56:29,714 - INFO - Val Loss = 1.3425, Val Accuracy = 0.57%, Precision = 0.52, Recall = 0.57, F1 = 0.52
2025-01-31 16:56:29,743 - INFO - Best model saved at epoch 4 with val loss: 1.3425
2025-01-31 16:56:29,743 - INFO - Starting Epoch 5/30
2025-01-31 16:57:14,002 - INFO - Val Loss = 1.3520, Val Accuracy = 0.56%, Precision = 0.52, Recall = 0.56, F1 = 0.52
2025-01-31 16:57:14,004 - INFO - Starting Epoch 6/30
2025-01-31 16:57:57,651 - INFO - Val Loss = 1.3361, Val Accuracy = 0.57%, Precision = 0.53, Recall = 0.57, F1 = 0.53
2025-01-31 16:57:57,681 - INFO - Best model saved at epoch 6 with val loss: 1.3361
2025-01-31 16:57:57,681 - INFO - Starting Epoch 7/30
2025-01-31 16:58:41,092 - INFO - Val Loss = 1.3256, Val Accuracy = 0.58%, Precision = 0.54, Recall = 0.58, F1 = 0.54
2025-01-31 16:58:41,134 - INFO - Best model saved at epoch 7 with val loss: 1.3256
2025-01-31 16:58:41,135 - INFO - Starting Epoch 8/30
2025-01-31 16:59:24,381 - INFO - Val Loss = 1.3185, Val Accuracy = 0.58%, Precision = 0.54, Recall = 0.58, F1 = 0.54
2025-01-31 16:59:24,423 - INFO - Best model saved at epoch 8 with val loss: 1.3185
2025-01-31 16:59:24,424 - INFO - Starting Epoch 9/30
2025-01-31 17:00:08,624 - INFO - Val Loss = 1.3176, Val Accuracy = 0.58%, Precision = 0.53, Recall = 0.58, F1 = 0.54
2025-01-31 17:00:08,655 - INFO - Best model saved at epoch 9 with val loss: 1.3176
2025-01-31 17:00:08,655 - INFO - Starting Epoch 10/30
2025-01-31 17:00:52,562 - INFO - Val Loss = 1.3191, Val Accuracy = 0.58%, Precision = 0.54, Recall = 0.58, F1 = 0.54
2025-01-31 17:00:52,563 - INFO - Starting Epoch 11/30
2025-01-31 17:01:36,009 - INFO - Val Loss = 1.3923, Val Accuracy = 0.58%, Precision = 0.54, Recall = 0.58, F1 = 0.53
2025-01-31 17:01:36,011 - INFO - Starting Epoch 12/30
2025-01-31 17:02:19,990 - INFO - Val Loss = 1.3321, Val Accuracy = 0.58%, Precision = 0.53, Recall = 0.58, F1 = 0.54
2025-01-31 17:02:19,992 - INFO - Starting Epoch 13/30
2025-01-31 17:03:03,819 - INFO - Val Loss = 1.3472, Val Accuracy = 0.57%, Precision = 0.52, Recall = 0.57, F1 = 0.53
2025-01-31 17:03:03,820 - INFO - Starting Epoch 14/30
2025-01-31 17:03:47,646 - INFO - Val Loss = 1.3730, Val Accuracy = 0.56%, Precision = 0.52, Recall = 0.56, F1 = 0.52
2025-01-31 17:03:47,647 - INFO - Starting Epoch 15/30
2025-01-31 17:04:31,680 - INFO - Val Loss = 1.4035, Val Accuracy = 0.55%, Precision = 0.52, Recall = 0.55, F1 = 0.52
2025-01-31 17:04:31,680 - INFO - Starting Epoch 16/30
2025-01-31 17:05:15,309 - INFO - Val Loss = 1.3353, Val Accuracy = 0.55%, Precision = 0.53, Recall = 0.55, F1 = 0.54
2025-01-31 17:05:15,310 - INFO - Starting Epoch 17/30
2025-01-31 17:05:59,517 - INFO - Val Loss = 1.3696, Val Accuracy = 0.55%, Precision = 0.52, Recall = 0.55, F1 = 0.53
2025-01-31 17:05:59,518 - INFO - Starting Epoch 18/30
2025-01-31 17:06:43,557 - INFO - Val Loss = 1.4104, Val Accuracy = 0.54%, Precision = 0.52, Recall = 0.54, F1 = 0.52
2025-01-31 17:06:43,558 - INFO - Starting Epoch 19/30
2025-01-31 17:07:27,791 - INFO - Val Loss = 1.4403, Val Accuracy = 0.55%, Precision = 0.52, Recall = 0.55, F1 = 0.52
2025-01-31 17:07:27,791 - INFO - Early stopping at epoch 19
2025-01-31 17:07:27,835 - INFO - Loaded best model with val loss: 1.3176
2025-01-31 17:09:10,915 - INFO - Starting Epoch 1/30
2025-01-31 17:09:57,003 - INFO - Val Loss = 1.4324, Val Accuracy = 0.53%, Precision = 0.45, Recall = 0.53, F1 = 0.48
2025-01-31 17:09:57,047 - INFO - Best model saved at epoch 1 with val loss: 1.4324
2025-01-31 17:09:57,047 - INFO - Starting Epoch 2/30
2025-01-31 17:10:42,559 - INFO - Val Loss = 1.3640, Val Accuracy = 0.54%, Precision = 0.49, Recall = 0.54, F1 = 0.50
2025-01-31 17:10:42,602 - INFO - Best model saved at epoch 2 with val loss: 1.3640
2025-01-31 17:10:42,602 - INFO - Starting Epoch 3/30
2025-01-31 17:11:27,784 - INFO - Val Loss = 1.3738, Val Accuracy = 0.57%, Precision = 0.51, Recall = 0.57, F1 = 0.51
2025-01-31 17:11:27,786 - INFO - Starting Epoch 4/30
2025-01-31 17:12:13,011 - INFO - Val Loss = 1.3560, Val Accuracy = 0.57%, Precision = 0.52, Recall = 0.57, F1 = 0.51
2025-01-31 17:12:13,058 - INFO - Best model saved at epoch 4 with val loss: 1.3560
2025-01-31 17:12:13,058 - INFO - Starting Epoch 5/30
2025-01-31 17:12:57,813 - INFO - Val Loss = 1.3311, Val Accuracy = 0.57%, Precision = 0.53, Recall = 0.57, F1 = 0.53
2025-01-31 17:12:57,852 - INFO - Best model saved at epoch 5 with val loss: 1.3311
2025-01-31 17:12:57,852 - INFO - Starting Epoch 6/30
2025-01-31 17:13:43,549 - INFO - Val Loss = 1.3409, Val Accuracy = 0.58%, Precision = 0.53, Recall = 0.58, F1 = 0.54
2025-01-31 17:13:43,549 - INFO - Starting Epoch 7/30
