2025-01-31 01:04:27,022 - INFO - Starting Epoch 1/20
2025-01-31 01:06:30,236 - INFO - Starting Epoch 1/20
2025-01-31 01:07:04,500 - INFO - Val Loss = 1.5741, Val Accuracy = 0.46%, Precision = 0.52, Recall = 0.46, F1 = 0.47
2025-01-31 01:07:04,562 - INFO - Best model saved at epoch 1 with val loss: 1.5741
2025-01-31 01:07:04,562 - INFO - Starting Epoch 2/20
2025-01-31 01:07:38,176 - INFO - Val Loss = 1.8049, Val Accuracy = 0.38%, Precision = 0.56, Recall = 0.38, F1 = 0.42
2025-01-31 01:07:38,176 - INFO - Starting Epoch 3/20
2025-01-31 01:08:11,941 - INFO - Val Loss = 1.8203, Val Accuracy = 0.41%, Precision = 0.54, Recall = 0.41, F1 = 0.45
2025-01-31 01:08:11,943 - INFO - Starting Epoch 4/20
2025-01-31 01:08:45,447 - INFO - Val Loss = 1.7437, Val Accuracy = 0.42%, Precision = 0.58, Recall = 0.42, F1 = 0.46
2025-01-31 01:08:45,447 - INFO - Starting Epoch 5/20
2025-01-31 01:09:18,565 - INFO - Val Loss = 1.8377, Val Accuracy = 0.40%, Precision = 0.56, Recall = 0.40, F1 = 0.43
2025-01-31 01:09:18,567 - INFO - Starting Epoch 6/20
2025-01-31 01:09:52,506 - INFO - Val Loss = 1.6861, Val Accuracy = 0.46%, Precision = 0.55, Recall = 0.46, F1 = 0.48
2025-01-31 01:09:52,507 - INFO - Starting Epoch 7/20
2025-01-31 01:10:26,256 - INFO - Val Loss = 1.6557, Val Accuracy = 0.46%, Precision = 0.53, Recall = 0.46, F1 = 0.48
2025-01-31 01:10:26,258 - INFO - Starting Epoch 8/20
2025-01-31 01:10:59,404 - INFO - Val Loss = 1.6429, Val Accuracy = 0.50%, Precision = 0.54, Recall = 0.50, F1 = 0.51
2025-01-31 01:10:59,405 - INFO - Starting Epoch 9/20
2025-01-31 01:11:32,729 - INFO - Val Loss = 1.7169, Val Accuracy = 0.52%, Precision = 0.54, Recall = 0.52, F1 = 0.53
2025-01-31 01:11:32,730 - INFO - Starting Epoch 10/20
2025-01-31 01:12:05,921 - INFO - Val Loss = 1.8395, Val Accuracy = 0.47%, Precision = 0.52, Recall = 0.47, F1 = 0.48
2025-01-31 01:12:05,923 - INFO - Starting Epoch 11/20
2025-01-31 01:12:39,827 - INFO - Val Loss = 1.8144, Val Accuracy = 0.49%, Precision = 0.53, Recall = 0.49, F1 = 0.50
2025-01-31 01:12:39,827 - INFO - Early stopping at epoch 11
2025-01-31 01:12:39,861 - INFO - Loaded best model with val loss: 1.5741
