2025-02-02 22:19:54,629 - INFO - Starting Epoch 1/50
2025-02-02 22:21:25,147 - INFO - Starting Epoch 1/50
2025-02-02 22:22:52,859 - INFO - Starting Epoch 1/50
2025-02-02 22:22:57,541 - INFO - Val Loss = 1.3286, Val Accuracy = 0.56%, Precision = 0.46, Recall = 0.56, F1 = 0.49
2025-02-02 22:22:57,557 - INFO - Best model saved at epoch 1 with val loss: 1.3286
2025-02-02 22:22:57,558 - INFO - Starting Epoch 2/50
2025-02-02 22:22:59,964 - INFO - Val Loss = 1.2696, Val Accuracy = 0.57%, Precision = 0.53, Recall = 0.57, F1 = 0.52
2025-02-02 22:22:59,981 - INFO - Best model saved at epoch 2 with val loss: 1.2696
2025-02-02 22:22:59,981 - INFO - Starting Epoch 3/50
2025-02-02 22:23:02,377 - INFO - Val Loss = 1.2497, Val Accuracy = 0.57%, Precision = 0.54, Recall = 0.57, F1 = 0.52
2025-02-02 22:23:02,394 - INFO - Best model saved at epoch 3 with val loss: 1.2497
2025-02-02 22:23:02,394 - INFO - Starting Epoch 4/50
2025-02-02 22:23:04,792 - INFO - Val Loss = 1.2555, Val Accuracy = 0.58%, Precision = 0.55, Recall = 0.58, F1 = 0.53
2025-02-02 22:23:04,793 - INFO - Starting Epoch 5/50
2025-02-02 22:23:07,145 - INFO - Val Loss = 1.2296, Val Accuracy = 0.57%, Precision = 0.53, Recall = 0.57, F1 = 0.53
2025-02-02 22:23:07,163 - INFO - Best model saved at epoch 5 with val loss: 1.2296
2025-02-02 22:23:07,163 - INFO - Starting Epoch 6/50
2025-02-02 22:23:09,570 - INFO - Val Loss = 1.2348, Val Accuracy = 0.58%, Precision = 0.54, Recall = 0.58, F1 = 0.54
2025-02-02 22:23:09,570 - INFO - Starting Epoch 7/50
2025-02-02 22:23:11,960 - INFO - Val Loss = 1.2561, Val Accuracy = 0.58%, Precision = 0.53, Recall = 0.58, F1 = 0.53
2025-02-02 22:23:11,960 - INFO - Starting Epoch 8/50
2025-02-02 22:23:14,357 - INFO - Val Loss = 1.2450, Val Accuracy = 0.59%, Precision = 0.55, Recall = 0.59, F1 = 0.54
2025-02-02 22:23:14,357 - INFO - Starting Epoch 9/50
2025-02-02 22:23:16,787 - INFO - Val Loss = 1.2205, Val Accuracy = 0.59%, Precision = 0.55, Recall = 0.59, F1 = 0.55
2025-02-02 22:23:16,804 - INFO - Best model saved at epoch 9 with val loss: 1.2205
2025-02-02 22:23:16,804 - INFO - Starting Epoch 10/50
2025-02-02 22:23:19,183 - INFO - Val Loss = 1.2313, Val Accuracy = 0.58%, Precision = 0.54, Recall = 0.58, F1 = 0.54
2025-02-02 22:23:19,184 - INFO - Starting Epoch 11/50
2025-02-02 22:23:21,573 - INFO - Val Loss = 1.2065, Val Accuracy = 0.59%, Precision = 0.55, Recall = 0.59, F1 = 0.56
2025-02-02 22:23:21,589 - INFO - Best model saved at epoch 11 with val loss: 1.2065
2025-02-02 22:23:21,589 - INFO - Starting Epoch 12/50
2025-02-02 22:23:23,956 - INFO - Val Loss = 1.2273, Val Accuracy = 0.59%, Precision = 0.55, Recall = 0.59, F1 = 0.55
2025-02-02 22:23:23,957 - INFO - Starting Epoch 13/50
2025-02-02 22:23:26,315 - INFO - Val Loss = 1.2316, Val Accuracy = 0.59%, Precision = 0.55, Recall = 0.59, F1 = 0.56
2025-02-02 22:23:26,315 - INFO - Starting Epoch 14/50
2025-02-02 22:23:28,723 - INFO - Val Loss = 1.2326, Val Accuracy = 0.58%, Precision = 0.55, Recall = 0.58, F1 = 0.55
2025-02-02 22:23:28,724 - INFO - Starting Epoch 15/50
2025-02-02 22:23:31,105 - INFO - Val Loss = 1.2286, Val Accuracy = 0.59%, Precision = 0.55, Recall = 0.59, F1 = 0.56
2025-02-02 22:23:31,105 - INFO - Starting Epoch 16/50
2025-02-02 22:23:33,506 - INFO - Val Loss = 1.2455, Val Accuracy = 0.59%, Precision = 0.55, Recall = 0.59, F1 = 0.56
2025-02-02 22:23:33,507 - INFO - Early stopping at epoch 16
2025-02-02 22:23:33,516 - INFO - Loaded best model with val loss: 1.2065
