2025-01-26 18:51:43,011 - INFO - Starting Epoch 1/50
2025-01-26 18:52:03,595 - INFO - Accuracy of class 0: 85.71%
2025-01-26 18:52:03,595 - INFO - Accuracy of class 1: 40.49%
2025-01-26 18:52:03,596 - INFO - Accuracy of class 2: 2.61%
2025-01-26 18:52:03,596 - INFO - Accuracy of class 3: 0.00%
2025-01-26 18:52:03,596 - INFO - Accuracy of class 4: 0.00%
2025-01-26 18:52:03,596 - INFO - Accuracy of class 5: 0.00%
2025-01-26 18:52:03,596 - INFO - Accuracy of class 6: 68.67%
2025-01-26 18:52:03,608 - INFO - Validation Loss: 1.3987, Validation Accuracy: 51.90%, Precision: 0.41, Recall: 0.52, F1: 0.44
2025-01-26 18:52:03,609 - INFO - Starting Epoch 2/50
2025-01-26 18:52:24,091 - INFO - Accuracy of class 0: 93.18%
2025-01-26 18:52:24,092 - INFO - Accuracy of class 1: 50.92%
2025-01-26 18:52:24,092 - INFO - Accuracy of class 2: 12.42%
2025-01-26 18:52:24,092 - INFO - Accuracy of class 3: 0.00%
2025-01-26 18:52:24,092 - INFO - Accuracy of class 4: 0.00%
2025-01-26 18:52:24,092 - INFO - Accuracy of class 5: 0.00%
2025-01-26 18:52:24,092 - INFO - Accuracy of class 6: 47.33%
2025-01-26 18:52:24,102 - INFO - Validation Loss: 1.3430, Validation Accuracy: 55.05%, Precision: 0.45, Recall: 0.55, F1: 0.47
2025-01-26 18:52:24,103 - INFO - Starting Epoch 3/50
2025-01-26 18:52:45,047 - INFO - Accuracy of class 0: 92.96%
2025-01-26 18:52:45,047 - INFO - Accuracy of class 1: 47.24%
2025-01-26 18:52:45,047 - INFO - Accuracy of class 2: 38.56%
2025-01-26 18:52:45,047 - INFO - Accuracy of class 3: 0.00%
2025-01-26 18:52:45,047 - INFO - Accuracy of class 4: 0.00%
2025-01-26 18:52:45,047 - INFO - Accuracy of class 5: 0.00%
2025-01-26 18:52:45,047 - INFO - Accuracy of class 6: 34.00%
2025-01-26 18:52:45,059 - INFO - Validation Loss: 1.2914, Validation Accuracy: 56.23%, Precision: 0.47, Recall: 0.56, F1: 0.50
2025-01-26 18:52:45,060 - INFO - Starting Epoch 4/50
2025-01-26 18:53:05,950 - INFO - Accuracy of class 0: 86.35%
2025-01-26 18:53:05,950 - INFO - Accuracy of class 1: 39.26%
2025-01-26 18:53:05,950 - INFO - Accuracy of class 2: 43.79%
2025-01-26 18:53:05,950 - INFO - Accuracy of class 3: 0.00%
2025-01-26 18:53:05,950 - INFO - Accuracy of class 4: 0.00%
2025-01-26 18:53:05,950 - INFO - Accuracy of class 5: 0.00%
2025-01-26 18:53:05,950 - INFO - Accuracy of class 6: 50.67%
2025-01-26 18:53:05,960 - INFO - Validation Loss: 1.3002, Validation Accuracy: 55.23%, Precision: 0.47, Recall: 0.55, F1: 0.50
2025-01-26 18:53:05,961 - INFO - Starting Epoch 5/50
2025-01-26 18:53:27,568 - INFO - Accuracy of class 0: 89.77%
2025-01-26 18:53:27,568 - INFO - Accuracy of class 1: 59.51%
2025-01-26 18:53:27,568 - INFO - Accuracy of class 2: 23.53%
2025-01-26 18:53:27,568 - INFO - Accuracy of class 3: 0.00%
2025-01-26 18:53:27,568 - INFO - Accuracy of class 4: 0.00%
2025-01-26 18:53:27,568 - INFO - Accuracy of class 5: 0.00%
2025-01-26 18:53:27,568 - INFO - Accuracy of class 6: 44.67%
2025-01-26 18:53:27,578 - INFO - Validation Loss: 1.3659, Validation Accuracy: 56.05%, Precision: 0.46, Recall: 0.56, F1: 0.50
2025-01-26 18:53:27,579 - INFO - Starting Epoch 6/50
2025-01-26 18:53:49,818 - INFO - Accuracy of class 0: 94.24%
2025-01-26 18:53:49,818 - INFO - Accuracy of class 1: 49.69%
2025-01-26 18:53:49,818 - INFO - Accuracy of class 2: 23.53%
2025-01-26 18:53:49,818 - INFO - Accuracy of class 3: 0.00%
2025-01-26 18:53:49,819 - INFO - Accuracy of class 4: 0.00%
2025-01-26 18:53:49,819 - INFO - Accuracy of class 5: 0.00%
2025-01-26 18:53:49,819 - INFO - Accuracy of class 6: 45.33%
2025-01-26 18:53:49,828 - INFO - Validation Loss: 1.3252, Validation Accuracy: 56.59%, Precision: 0.46, Recall: 0.57, F1: 0.49
2025-01-26 18:53:49,828 - INFO - Starting Epoch 7/50
2025-01-26 18:54:12,422 - INFO - Accuracy of class 0: 85.93%
2025-01-26 18:54:12,422 - INFO - Accuracy of class 1: 60.12%
2025-01-26 18:54:12,422 - INFO - Accuracy of class 2: 34.64%
2025-01-26 18:54:12,422 - INFO - Accuracy of class 3: 0.00%
2025-01-26 18:54:12,422 - INFO - Accuracy of class 4: 0.00%
2025-01-26 18:54:12,422 - INFO - Accuracy of class 5: 0.00%
2025-01-26 18:54:12,423 - INFO - Accuracy of class 6: 46.67%
2025-01-26 18:54:12,436 - INFO - Validation Loss: 1.3291, Validation Accuracy: 56.32%, Precision: 0.47, Recall: 0.56, F1: 0.51
2025-01-26 18:54:12,437 - INFO - Starting Epoch 8/50
2025-01-26 18:54:35,424 - INFO - Accuracy of class 0: 86.14%
2025-01-26 18:54:35,424 - INFO - Accuracy of class 1: 52.76%
2025-01-26 18:54:35,424 - INFO - Accuracy of class 2: 39.87%
2025-01-26 18:54:35,424 - INFO - Accuracy of class 3: 0.00%
2025-01-26 18:54:35,424 - INFO - Accuracy of class 4: 0.00%
2025-01-26 18:54:35,424 - INFO - Accuracy of class 5: 0.00%
2025-01-26 18:54:35,424 - INFO - Accuracy of class 6: 46.00%
2025-01-26 18:54:35,435 - INFO - Validation Loss: 1.2982, Validation Accuracy: 55.96%, Precision: 0.47, Recall: 0.56, F1: 0.51
2025-01-26 18:54:35,435 - INFO - Starting Epoch 9/50
2025-01-26 18:54:58,572 - INFO - Accuracy of class 0: 93.60%
2025-01-26 18:54:58,572 - INFO - Accuracy of class 1: 38.04%
2025-01-26 18:54:58,572 - INFO - Accuracy of class 2: 45.10%
2025-01-26 18:54:58,572 - INFO - Accuracy of class 3: 0.00%
2025-01-26 18:54:58,572 - INFO - Accuracy of class 4: 0.00%
2025-01-26 18:54:58,572 - INFO - Accuracy of class 5: 0.00%
2025-01-26 18:54:58,572 - INFO - Accuracy of class 6: 30.67%
2025-01-26 18:54:58,586 - INFO - Validation Loss: 1.3479, Validation Accuracy: 55.60%, Precision: 0.49, Recall: 0.56, F1: 0.49
2025-01-26 18:54:58,587 - INFO - Starting Epoch 10/50
2025-01-26 18:55:20,814 - INFO - Accuracy of class 0: 88.70%
2025-01-26 18:55:20,814 - INFO - Accuracy of class 1: 55.83%
2025-01-26 18:55:20,814 - INFO - Accuracy of class 2: 33.33%
2025-01-26 18:55:20,814 - INFO - Accuracy of class 3: 0.00%
2025-01-26 18:55:20,814 - INFO - Accuracy of class 4: 0.00%
2025-01-26 18:55:20,814 - INFO - Accuracy of class 5: 0.00%
2025-01-26 18:55:20,814 - INFO - Accuracy of class 6: 48.00%
2025-01-26 18:55:20,828 - INFO - Validation Loss: 1.3085, Validation Accuracy: 56.86%, Precision: 0.47, Recall: 0.57, F1: 0.51
2025-01-26 18:55:20,829 - INFO - Starting Epoch 11/50
2025-01-26 18:55:44,061 - INFO - Accuracy of class 0: 88.70%
2025-01-26 18:55:44,061 - INFO - Accuracy of class 1: 39.26%
2025-01-26 18:55:44,061 - INFO - Accuracy of class 2: 30.72%
2025-01-26 18:55:44,061 - INFO - Accuracy of class 3: 0.00%
2025-01-26 18:55:44,061 - INFO - Accuracy of class 4: 0.00%
2025-01-26 18:55:44,061 - INFO - Accuracy of class 5: 0.00%
2025-01-26 18:55:44,061 - INFO - Accuracy of class 6: 62.67%
2025-01-26 18:55:44,071 - INFO - Validation Loss: 1.2993, Validation Accuracy: 56.05%, Precision: 0.47, Recall: 0.56, F1: 0.50
2025-01-26 18:55:44,071 - INFO - Starting Epoch 12/50
2025-01-26 18:56:07,134 - INFO - Accuracy of class 0: 88.70%
2025-01-26 18:56:07,135 - INFO - Accuracy of class 1: 56.44%
2025-01-26 18:56:07,135 - INFO - Accuracy of class 2: 32.68%
2025-01-26 18:56:07,135 - INFO - Accuracy of class 3: 0.00%
2025-01-26 18:56:07,135 - INFO - Accuracy of class 4: 0.00%
2025-01-26 18:56:07,135 - INFO - Accuracy of class 5: 0.00%
2025-01-26 18:56:07,135 - INFO - Accuracy of class 6: 47.33%
2025-01-26 18:56:07,148 - INFO - Validation Loss: 1.2922, Validation Accuracy: 56.77%, Precision: 0.47, Recall: 0.57, F1: 0.51
2025-01-26 18:56:07,149 - INFO - Starting Epoch 13/50
2025-01-26 18:56:30,341 - INFO - Accuracy of class 0: 86.57%
2025-01-26 18:56:30,341 - INFO - Accuracy of class 1: 56.44%
2025-01-26 18:56:30,342 - INFO - Accuracy of class 2: 33.99%
2025-01-26 18:56:30,342 - INFO - Accuracy of class 3: 0.00%
2025-01-26 18:56:30,342 - INFO - Accuracy of class 4: 2.70%
2025-01-26 18:56:30,342 - INFO - Accuracy of class 5: 0.00%
2025-01-26 18:56:30,342 - INFO - Accuracy of class 6: 46.00%
2025-01-26 18:56:30,352 - INFO - Validation Loss: 1.2976, Validation Accuracy: 56.14%, Precision: 0.49, Recall: 0.56, F1: 0.51
2025-01-26 18:56:30,353 - INFO - Starting Epoch 14/50
2025-01-26 18:56:53,036 - INFO - Accuracy of class 0: 90.83%
2025-01-26 18:56:53,036 - INFO - Accuracy of class 1: 57.06%
2025-01-26 18:56:53,036 - INFO - Accuracy of class 2: 26.80%
2025-01-26 18:56:53,036 - INFO - Accuracy of class 3: 0.00%
2025-01-26 18:56:53,036 - INFO - Accuracy of class 4: 0.00%
2025-01-26 18:56:53,036 - INFO - Accuracy of class 5: 0.00%
2025-01-26 18:56:53,036 - INFO - Accuracy of class 6: 37.33%
2025-01-26 18:56:53,047 - INFO - Validation Loss: 1.3763, Validation Accuracy: 55.60%, Precision: 0.46, Recall: 0.56, F1: 0.49
2025-01-26 18:56:53,047 - INFO - Starting Epoch 15/50
2025-01-26 18:57:15,307 - INFO - Accuracy of class 0: 91.47%
2025-01-26 18:57:15,307 - INFO - Accuracy of class 1: 47.85%
2025-01-26 18:57:15,307 - INFO - Accuracy of class 2: 35.95%
2025-01-26 18:57:15,307 - INFO - Accuracy of class 3: 0.00%
2025-01-26 18:57:15,307 - INFO - Accuracy of class 4: 0.00%
2025-01-26 18:57:15,307 - INFO - Accuracy of class 5: 0.00%
2025-01-26 18:57:15,307 - INFO - Accuracy of class 6: 32.67%
2025-01-26 18:57:15,317 - INFO - Validation Loss: 1.3345, Validation Accuracy: 55.14%, Precision: 0.46, Recall: 0.55, F1: 0.49
2025-01-26 18:57:15,317 - INFO - Starting Epoch 16/50
2025-01-26 18:57:38,034 - INFO - Accuracy of class 0: 81.88%
2025-01-26 18:57:38,034 - INFO - Accuracy of class 1: 65.03%
2025-01-26 18:57:38,034 - INFO - Accuracy of class 2: 32.68%
2025-01-26 18:57:38,034 - INFO - Accuracy of class 3: 0.00%
2025-01-26 18:57:38,034 - INFO - Accuracy of class 4: 0.00%
2025-01-26 18:57:38,034 - INFO - Accuracy of class 5: 0.00%
2025-01-26 18:57:38,034 - INFO - Accuracy of class 6: 46.00%
2025-01-26 18:57:38,044 - INFO - Validation Loss: 1.3627, Validation Accuracy: 54.96%, Precision: 0.46, Recall: 0.55, F1: 0.50
2025-01-26 18:57:38,044 - INFO - Starting Epoch 17/50
2025-01-26 18:58:01,157 - INFO - Accuracy of class 0: 89.13%
2025-01-26 18:58:01,157 - INFO - Accuracy of class 1: 45.40%
2025-01-26 18:58:01,157 - INFO - Accuracy of class 2: 40.52%
2025-01-26 18:58:01,157 - INFO - Accuracy of class 3: 0.00%
2025-01-26 18:58:01,158 - INFO - Accuracy of class 4: 0.00%
2025-01-26 18:58:01,158 - INFO - Accuracy of class 5: 0.00%
2025-01-26 18:58:01,158 - INFO - Accuracy of class 6: 42.67%
2025-01-26 18:58:01,170 - INFO - Validation Loss: 1.3059, Validation Accuracy: 55.78%, Precision: 0.47, Recall: 0.56, F1: 0.50
2025-01-26 18:58:01,171 - INFO - Starting Epoch 18/50
2025-01-26 18:58:23,199 - INFO - Accuracy of class 0: 89.98%
2025-01-26 18:58:23,199 - INFO - Accuracy of class 1: 47.85%
2025-01-26 18:58:23,199 - INFO - Accuracy of class 2: 26.80%
2025-01-26 18:58:23,199 - INFO - Accuracy of class 3: 0.00%
2025-01-26 18:58:23,199 - INFO - Accuracy of class 4: 0.90%
2025-01-26 18:58:23,199 - INFO - Accuracy of class 5: 0.00%
2025-01-26 18:58:23,199 - INFO - Accuracy of class 6: 50.00%
2025-01-26 18:58:23,209 - INFO - Validation Loss: 1.3124, Validation Accuracy: 55.69%, Precision: 0.55, Recall: 0.56, F1: 0.49
2025-01-26 18:58:23,209 - INFO - Starting Epoch 19/50
2025-01-26 18:58:45,733 - INFO - Accuracy of class 0: 87.21%
2025-01-26 18:58:45,733 - INFO - Accuracy of class 1: 53.37%
2025-01-26 18:58:45,733 - INFO - Accuracy of class 2: 30.07%
2025-01-26 18:58:45,733 - INFO - Accuracy of class 3: 0.00%
2025-01-26 18:58:45,734 - INFO - Accuracy of class 4: 0.00%
2025-01-26 18:58:45,734 - INFO - Accuracy of class 5: 0.00%
2025-01-26 18:58:45,734 - INFO - Accuracy of class 6: 48.67%
2025-01-26 18:58:45,744 - INFO - Validation Loss: 1.3372, Validation Accuracy: 55.51%, Precision: 0.46, Recall: 0.56, F1: 0.50
2025-01-26 18:58:45,744 - INFO - Starting Epoch 20/50
2025-01-26 18:59:07,724 - INFO - Accuracy of class 0: 91.68%
2025-01-26 18:59:07,725 - INFO - Accuracy of class 1: 44.79%
2025-01-26 18:59:07,725 - INFO - Accuracy of class 2: 29.41%
2025-01-26 18:59:07,725 - INFO - Accuracy of class 3: 0.00%
2025-01-26 18:59:07,725 - INFO - Accuracy of class 4: 0.90%
2025-01-26 18:59:07,725 - INFO - Accuracy of class 5: 0.00%
2025-01-26 18:59:07,725 - INFO - Accuracy of class 6: 43.33%
2025-01-26 18:59:07,734 - INFO - Validation Loss: 1.3437, Validation Accuracy: 55.42%, Precision: 0.56, Recall: 0.55, F1: 0.49
2025-01-26 18:59:07,735 - INFO - Starting Epoch 21/50
2025-01-26 18:59:30,000 - INFO - Accuracy of class 0: 87.21%
2025-01-26 18:59:30,001 - INFO - Accuracy of class 1: 54.60%
2025-01-26 18:59:30,001 - INFO - Accuracy of class 2: 20.26%
2025-01-26 18:59:30,001 - INFO - Accuracy of class 3: 0.00%
2025-01-26 18:59:30,001 - INFO - Accuracy of class 4: 3.60%
2025-01-26 18:59:30,001 - INFO - Accuracy of class 5: 0.00%
2025-01-26 18:59:30,001 - INFO - Accuracy of class 6: 52.00%
2025-01-26 18:59:30,011 - INFO - Validation Loss: 1.4029, Validation Accuracy: 55.14%, Precision: 0.50, Recall: 0.55, F1: 0.49
2025-01-26 18:59:30,012 - INFO - Starting Epoch 22/50
2025-01-26 18:59:51,732 - INFO - Accuracy of class 0: 86.57%
2025-01-26 18:59:51,732 - INFO - Accuracy of class 1: 55.83%
2025-01-26 18:59:51,732 - INFO - Accuracy of class 2: 30.72%
2025-01-26 18:59:51,733 - INFO - Accuracy of class 3: 0.00%
2025-01-26 18:59:51,733 - INFO - Accuracy of class 4: 0.90%
2025-01-26 18:59:51,733 - INFO - Accuracy of class 5: 0.00%
2025-01-26 18:59:51,733 - INFO - Accuracy of class 6: 40.00%
2025-01-26 18:59:51,742 - INFO - Validation Loss: 1.3962, Validation Accuracy: 54.60%, Precision: 0.55, Recall: 0.55, F1: 0.49
2025-01-26 18:59:51,743 - INFO - Starting Epoch 23/50
2025-01-26 19:00:13,025 - INFO - Accuracy of class 0: 87.63%
2025-01-26 19:00:13,025 - INFO - Accuracy of class 1: 44.79%
2025-01-26 19:00:13,025 - INFO - Accuracy of class 2: 30.07%
2025-01-26 19:00:13,025 - INFO - Accuracy of class 3: 0.00%
2025-01-26 19:00:13,025 - INFO - Accuracy of class 4: 2.70%
2025-01-26 19:00:13,025 - INFO - Accuracy of class 5: 0.00%
2025-01-26 19:00:13,025 - INFO - Accuracy of class 6: 48.67%
2025-01-26 19:00:13,036 - INFO - Validation Loss: 1.3890, Validation Accuracy: 54.69%, Precision: 0.50, Recall: 0.55, F1: 0.49
2025-01-26 19:00:13,036 - INFO - Starting Epoch 24/50
2025-01-26 19:00:34,164 - INFO - Accuracy of class 0: 83.37%
2025-01-26 19:00:34,164 - INFO - Accuracy of class 1: 45.40%
2025-01-26 19:00:34,164 - INFO - Accuracy of class 2: 33.33%
2025-01-26 19:00:34,164 - INFO - Accuracy of class 3: 0.00%
2025-01-26 19:00:34,164 - INFO - Accuracy of class 4: 10.81%
2025-01-26 19:00:34,164 - INFO - Accuracy of class 5: 0.00%
2025-01-26 19:00:34,164 - INFO - Accuracy of class 6: 52.67%
2025-01-26 19:00:34,174 - INFO - Validation Loss: 1.3978, Validation Accuracy: 54.78%, Precision: 0.50, Recall: 0.55, F1: 0.51
2025-01-26 19:00:34,175 - INFO - Starting Epoch 25/50
2025-01-26 19:00:55,840 - INFO - Accuracy of class 0: 91.90%
2025-01-26 19:00:55,840 - INFO - Accuracy of class 1: 38.65%
2025-01-26 19:00:55,840 - INFO - Accuracy of class 2: 27.45%
2025-01-26 19:00:55,840 - INFO - Accuracy of class 3: 0.00%
2025-01-26 19:00:55,841 - INFO - Accuracy of class 4: 2.70%
2025-01-26 19:00:55,841 - INFO - Accuracy of class 5: 0.00%
2025-01-26 19:00:55,841 - INFO - Accuracy of class 6: 37.33%
2025-01-26 19:00:55,851 - INFO - Validation Loss: 1.4731, Validation Accuracy: 53.70%, Precision: 0.48, Recall: 0.54, F1: 0.47
2025-01-26 19:00:55,852 - INFO - Starting Epoch 26/50
2025-01-26 19:01:17,749 - INFO - Accuracy of class 0: 85.07%
2025-01-26 19:01:17,750 - INFO - Accuracy of class 1: 49.08%
2025-01-26 19:01:17,750 - INFO - Accuracy of class 2: 11.76%
2025-01-26 19:01:17,750 - INFO - Accuracy of class 3: 0.00%
2025-01-26 19:01:17,750 - INFO - Accuracy of class 4: 8.11%
2025-01-26 19:01:17,750 - INFO - Accuracy of class 5: 0.00%
2025-01-26 19:01:17,750 - INFO - Accuracy of class 6: 58.00%
2025-01-26 19:01:17,759 - INFO - Validation Loss: 1.5202, Validation Accuracy: 53.52%, Precision: 0.47, Recall: 0.54, F1: 0.48
2025-01-26 19:01:17,760 - INFO - Starting Epoch 27/50
2025-01-26 19:01:39,483 - INFO - Accuracy of class 0: 86.57%
2025-01-26 19:01:39,483 - INFO - Accuracy of class 1: 42.33%
2025-01-26 19:01:39,483 - INFO - Accuracy of class 2: 24.84%
2025-01-26 19:01:39,483 - INFO - Accuracy of class 3: 0.00%
2025-01-26 19:01:39,483 - INFO - Accuracy of class 4: 2.70%
2025-01-26 19:01:39,483 - INFO - Accuracy of class 5: 0.00%
2025-01-26 19:01:39,483 - INFO - Accuracy of class 6: 56.00%
2025-01-26 19:01:39,496 - INFO - Validation Loss: 1.5494, Validation Accuracy: 54.15%, Precision: 0.47, Recall: 0.54, F1: 0.48
2025-01-26 19:01:39,496 - INFO - Starting Epoch 28/50
2025-01-26 19:02:00,935 - INFO - Accuracy of class 0: 90.62%
2025-01-26 19:02:00,935 - INFO - Accuracy of class 1: 42.94%
2025-01-26 19:02:00,935 - INFO - Accuracy of class 2: 22.22%
2025-01-26 19:02:00,935 - INFO - Accuracy of class 3: 0.00%
2025-01-26 19:02:00,935 - INFO - Accuracy of class 4: 3.60%
2025-01-26 19:02:00,935 - INFO - Accuracy of class 5: 0.00%
2025-01-26 19:02:00,935 - INFO - Accuracy of class 6: 50.67%
2025-01-26 19:02:00,946 - INFO - Validation Loss: 1.5105, Validation Accuracy: 54.96%, Precision: 0.47, Recall: 0.55, F1: 0.49
2025-01-26 19:02:00,946 - INFO - Starting Epoch 29/50
2025-01-26 19:02:22,562 - INFO - Accuracy of class 0: 91.04%
2025-01-26 19:02:22,562 - INFO - Accuracy of class 1: 44.17%
2025-01-26 19:02:22,562 - INFO - Accuracy of class 2: 27.45%
2025-01-26 19:02:22,562 - INFO - Accuracy of class 3: 0.00%
2025-01-26 19:02:22,562 - INFO - Accuracy of class 4: 9.91%
2025-01-26 19:02:22,562 - INFO - Accuracy of class 5: 0.00%
2025-01-26 19:02:22,562 - INFO - Accuracy of class 6: 36.67%
2025-01-26 19:02:22,573 - INFO - Validation Loss: 1.5537, Validation Accuracy: 54.78%, Precision: 0.49, Recall: 0.55, F1: 0.50
2025-01-26 19:02:22,574 - INFO - Starting Epoch 30/50
2025-01-26 19:02:43,037 - INFO - Accuracy of class 0: 91.04%
2025-01-26 19:02:43,037 - INFO - Accuracy of class 1: 46.63%
2025-01-26 19:02:43,037 - INFO - Accuracy of class 2: 24.84%
2025-01-26 19:02:43,037 - INFO - Accuracy of class 3: 0.00%
2025-01-26 19:02:43,037 - INFO - Accuracy of class 4: 4.50%
2025-01-26 19:02:43,037 - INFO - Accuracy of class 5: 0.00%
2025-01-26 19:02:43,037 - INFO - Accuracy of class 6: 38.67%
2025-01-26 19:02:43,047 - INFO - Validation Loss: 1.6805, Validation Accuracy: 54.51%, Precision: 0.48, Recall: 0.55, F1: 0.48
2025-01-26 19:02:43,047 - INFO - Starting Epoch 31/50
2025-01-26 19:03:04,279 - INFO - Accuracy of class 0: 81.24%
2025-01-26 19:03:04,279 - INFO - Accuracy of class 1: 51.53%
2025-01-26 19:03:04,280 - INFO - Accuracy of class 2: 30.07%
2025-01-26 19:03:04,280 - INFO - Accuracy of class 3: 0.00%
2025-01-26 19:03:04,280 - INFO - Accuracy of class 4: 3.60%
2025-01-26 19:03:04,280 - INFO - Accuracy of class 5: 0.00%
2025-01-26 19:03:04,280 - INFO - Accuracy of class 6: 42.00%
2025-01-26 19:03:04,289 - INFO - Validation Loss: 1.5554, Validation Accuracy: 52.17%, Precision: 0.46, Recall: 0.52, F1: 0.48
2025-01-26 19:03:04,290 - INFO - Starting Epoch 32/50
2025-01-26 19:03:24,939 - INFO - Accuracy of class 0: 86.14%
2025-01-26 19:03:24,940 - INFO - Accuracy of class 1: 46.63%
2025-01-26 19:03:24,940 - INFO - Accuracy of class 2: 28.76%
2025-01-26 19:03:24,940 - INFO - Accuracy of class 3: 0.00%
2025-01-26 19:03:24,940 - INFO - Accuracy of class 4: 11.71%
2025-01-26 19:03:24,940 - INFO - Accuracy of class 5: 0.00%
2025-01-26 19:03:24,940 - INFO - Accuracy of class 6: 43.33%
2025-01-26 19:03:24,955 - INFO - Validation Loss: 1.5105, Validation Accuracy: 54.33%, Precision: 0.49, Recall: 0.54, F1: 0.50
2025-01-26 19:03:24,956 - INFO - Starting Epoch 33/50
2025-01-26 19:03:44,997 - INFO - Accuracy of class 0: 87.63%
2025-01-26 19:03:44,997 - INFO - Accuracy of class 1: 36.20%
2025-01-26 19:03:44,997 - INFO - Accuracy of class 2: 31.37%
2025-01-26 19:03:44,997 - INFO - Accuracy of class 3: 0.00%
2025-01-26 19:03:44,997 - INFO - Accuracy of class 4: 7.21%
2025-01-26 19:03:44,997 - INFO - Accuracy of class 5: 0.00%
2025-01-26 19:03:44,997 - INFO - Accuracy of class 6: 50.67%
2025-01-26 19:03:45,006 - INFO - Validation Loss: 1.5531, Validation Accuracy: 54.33%, Precision: 0.48, Recall: 0.54, F1: 0.49
2025-01-26 19:03:45,006 - INFO - Starting Epoch 34/50
2025-01-26 19:04:05,129 - INFO - Accuracy of class 0: 79.32%
2025-01-26 19:04:05,130 - INFO - Accuracy of class 1: 39.88%
2025-01-26 19:04:05,130 - INFO - Accuracy of class 2: 35.95%
2025-01-26 19:04:05,130 - INFO - Accuracy of class 3: 0.00%
2025-01-26 19:04:05,130 - INFO - Accuracy of class 4: 10.81%
2025-01-26 19:04:05,130 - INFO - Accuracy of class 5: 0.00%
2025-01-26 19:04:05,130 - INFO - Accuracy of class 6: 44.00%
2025-01-26 19:04:05,140 - INFO - Validation Loss: 1.6273, Validation Accuracy: 51.44%, Precision: 0.47, Recall: 0.51, F1: 0.48
2025-01-26 19:04:05,140 - INFO - Starting Epoch 35/50
2025-01-26 19:04:26,127 - INFO - Accuracy of class 0: 86.99%
2025-01-26 19:04:26,127 - INFO - Accuracy of class 1: 53.99%
2025-01-26 19:04:26,127 - INFO - Accuracy of class 2: 28.10%
2025-01-26 19:04:26,127 - INFO - Accuracy of class 3: 0.00%
2025-01-26 19:04:26,127 - INFO - Accuracy of class 4: 11.71%
2025-01-26 19:04:26,127 - INFO - Accuracy of class 5: 0.00%
2025-01-26 19:04:26,127 - INFO - Accuracy of class 6: 30.00%
2025-01-26 19:04:26,141 - INFO - Validation Loss: 1.7284, Validation Accuracy: 53.88%, Precision: 0.48, Recall: 0.54, F1: 0.49
2025-01-26 19:04:26,142 - INFO - Starting Epoch 36/50
2025-01-26 19:04:46,842 - INFO - Accuracy of class 0: 89.77%
2025-01-26 19:04:46,842 - INFO - Accuracy of class 1: 50.31%
2025-01-26 19:04:46,842 - INFO - Accuracy of class 2: 19.61%
2025-01-26 19:04:46,842 - INFO - Accuracy of class 3: 0.00%
2025-01-26 19:04:46,842 - INFO - Accuracy of class 4: 9.91%
2025-01-26 19:04:46,842 - INFO - Accuracy of class 5: 0.00%
2025-01-26 19:04:46,842 - INFO - Accuracy of class 6: 30.00%
2025-01-26 19:04:46,850 - INFO - Validation Loss: 1.7424, Validation Accuracy: 53.16%, Precision: 0.47, Recall: 0.53, F1: 0.47
2025-01-26 19:04:46,851 - INFO - Starting Epoch 37/50
2025-01-26 19:05:07,694 - INFO - Accuracy of class 0: 85.71%
2025-01-26 19:05:07,694 - INFO - Accuracy of class 1: 44.17%
2025-01-26 19:05:07,695 - INFO - Accuracy of class 2: 24.18%
2025-01-26 19:05:07,695 - INFO - Accuracy of class 3: 0.00%
2025-01-26 19:05:07,695 - INFO - Accuracy of class 4: 1.80%
2025-01-26 19:05:07,695 - INFO - Accuracy of class 5: 0.00%
2025-01-26 19:05:07,695 - INFO - Accuracy of class 6: 51.33%
2025-01-26 19:05:07,705 - INFO - Validation Loss: 1.6779, Validation Accuracy: 53.25%, Precision: 0.45, Recall: 0.53, F1: 0.48
2025-01-26 19:05:07,705 - INFO - Starting Epoch 38/50
2025-01-26 19:05:28,768 - INFO - Accuracy of class 0: 84.22%
2025-01-26 19:05:28,768 - INFO - Accuracy of class 1: 53.37%
2025-01-26 19:05:28,768 - INFO - Accuracy of class 2: 21.57%
2025-01-26 19:05:28,769 - INFO - Accuracy of class 3: 0.00%
2025-01-26 19:05:28,769 - INFO - Accuracy of class 4: 2.70%
2025-01-26 19:05:28,769 - INFO - Accuracy of class 5: 0.00%
2025-01-26 19:05:28,769 - INFO - Accuracy of class 6: 36.00%
2025-01-26 19:05:28,783 - INFO - Validation Loss: 1.8221, Validation Accuracy: 51.62%, Precision: 0.44, Recall: 0.52, F1: 0.46
2025-01-26 19:05:28,783 - INFO - Starting Epoch 39/50
2025-01-26 19:05:49,049 - INFO - Accuracy of class 0: 82.94%
2025-01-26 19:05:49,049 - INFO - Accuracy of class 1: 43.56%
2025-01-26 19:05:49,050 - INFO - Accuracy of class 2: 24.84%
2025-01-26 19:05:49,050 - INFO - Accuracy of class 3: 0.00%
2025-01-26 19:05:49,050 - INFO - Accuracy of class 4: 12.61%
2025-01-26 19:05:49,050 - INFO - Accuracy of class 5: 0.00%
2025-01-26 19:05:49,050 - INFO - Accuracy of class 6: 45.33%
2025-01-26 19:05:49,059 - INFO - Validation Loss: 1.6968, Validation Accuracy: 52.35%, Precision: 0.46, Recall: 0.52, F1: 0.48
2025-01-26 19:05:49,060 - INFO - Starting Epoch 40/50
2025-01-26 19:06:09,375 - INFO - Accuracy of class 0: 85.93%
2025-01-26 19:06:09,376 - INFO - Accuracy of class 1: 52.76%
2025-01-26 19:06:09,376 - INFO - Accuracy of class 2: 28.76%
2025-01-26 19:06:09,376 - INFO - Accuracy of class 3: 0.00%
2025-01-26 19:06:09,376 - INFO - Accuracy of class 4: 7.21%
2025-01-26 19:06:09,376 - INFO - Accuracy of class 5: 0.00%
2025-01-26 19:06:09,376 - INFO - Accuracy of class 6: 42.00%
2025-01-26 19:06:09,389 - INFO - Validation Loss: 1.7514, Validation Accuracy: 54.51%, Precision: 0.48, Recall: 0.55, F1: 0.50
2025-01-26 19:06:09,390 - INFO - Starting Epoch 41/50
2025-01-26 19:06:30,453 - INFO - Accuracy of class 0: 82.73%
2025-01-26 19:06:30,453 - INFO - Accuracy of class 1: 47.85%
2025-01-26 19:06:30,454 - INFO - Accuracy of class 2: 26.14%
2025-01-26 19:06:30,454 - INFO - Accuracy of class 3: 0.00%
2025-01-26 19:06:30,454 - INFO - Accuracy of class 4: 11.71%
2025-01-26 19:06:30,454 - INFO - Accuracy of class 5: 0.00%
2025-01-26 19:06:30,454 - INFO - Accuracy of class 6: 40.00%
2025-01-26 19:06:30,463 - INFO - Validation Loss: 1.6581, Validation Accuracy: 52.26%, Precision: 0.46, Recall: 0.52, F1: 0.48
2025-01-26 19:06:30,464 - INFO - Starting Epoch 42/50
2025-01-26 19:06:50,796 - INFO - Accuracy of class 0: 76.55%
2025-01-26 19:06:50,796 - INFO - Accuracy of class 1: 49.69%
2025-01-26 19:06:50,797 - INFO - Accuracy of class 2: 30.07%
2025-01-26 19:06:50,797 - INFO - Accuracy of class 3: 0.00%
2025-01-26 19:06:50,797 - INFO - Accuracy of class 4: 14.41%
2025-01-26 19:06:50,797 - INFO - Accuracy of class 5: 0.00%
2025-01-26 19:06:50,797 - INFO - Accuracy of class 6: 33.33%
2025-01-26 19:06:50,807 - INFO - Validation Loss: 1.9229, Validation Accuracy: 49.82%, Precision: 0.45, Recall: 0.50, F1: 0.47
2025-01-26 19:06:50,807 - INFO - Starting Epoch 43/50
2025-01-26 19:07:11,520 - INFO - Accuracy of class 0: 85.93%
2025-01-26 19:07:11,520 - INFO - Accuracy of class 1: 43.56%
2025-01-26 19:07:11,520 - INFO - Accuracy of class 2: 22.88%
2025-01-26 19:07:11,520 - INFO - Accuracy of class 3: 0.00%
2025-01-26 19:07:11,520 - INFO - Accuracy of class 4: 13.51%
2025-01-26 19:07:11,520 - INFO - Accuracy of class 5: 0.00%
2025-01-26 19:07:11,520 - INFO - Accuracy of class 6: 30.67%
2025-01-26 19:07:11,530 - INFO - Validation Loss: 2.0351, Validation Accuracy: 51.44%, Precision: 0.46, Recall: 0.51, F1: 0.47
2025-01-26 19:07:11,530 - INFO - Starting Epoch 44/50
2025-01-26 19:07:32,069 - INFO - Accuracy of class 0: 81.88%
2025-01-26 19:07:32,069 - INFO - Accuracy of class 1: 46.01%
2025-01-26 19:07:32,070 - INFO - Accuracy of class 2: 26.80%
2025-01-26 19:07:32,070 - INFO - Accuracy of class 3: 0.00%
2025-01-26 19:07:32,070 - INFO - Accuracy of class 4: 9.01%
2025-01-26 19:07:32,070 - INFO - Accuracy of class 5: 0.00%
2025-01-26 19:07:32,070 - INFO - Accuracy of class 6: 45.33%
2025-01-26 19:07:32,080 - INFO - Validation Loss: 1.8048, Validation Accuracy: 52.17%, Precision: 0.46, Recall: 0.52, F1: 0.48
2025-01-26 19:07:32,081 - INFO - Starting Epoch 45/50
2025-01-26 19:07:52,142 - INFO - Accuracy of class 0: 84.43%
2025-01-26 19:07:52,142 - INFO - Accuracy of class 1: 47.24%
2025-01-26 19:07:52,142 - INFO - Accuracy of class 2: 26.14%
2025-01-26 19:07:52,142 - INFO - Accuracy of class 3: 0.00%
2025-01-26 19:07:52,142 - INFO - Accuracy of class 4: 12.61%
2025-01-26 19:07:52,142 - INFO - Accuracy of class 5: 0.00%
2025-01-26 19:07:52,142 - INFO - Accuracy of class 6: 44.00%
2025-01-26 19:07:52,151 - INFO - Validation Loss: 1.8500, Validation Accuracy: 53.52%, Precision: 0.47, Recall: 0.54, F1: 0.49
2025-01-26 19:07:52,152 - INFO - Starting Epoch 46/50
2025-01-26 19:08:12,154 - INFO - Accuracy of class 0: 72.07%
2025-01-26 19:08:12,154 - INFO - Accuracy of class 1: 39.26%
2025-01-26 19:08:12,154 - INFO - Accuracy of class 2: 35.95%
2025-01-26 19:08:12,154 - INFO - Accuracy of class 3: 0.00%
2025-01-26 19:08:12,154 - INFO - Accuracy of class 4: 16.22%
2025-01-26 19:08:12,154 - INFO - Accuracy of class 5: 0.00%
2025-01-26 19:08:12,154 - INFO - Accuracy of class 6: 32.00%
2025-01-26 19:08:12,165 - INFO - Validation Loss: 1.8605, Validation Accuracy: 47.20%, Precision: 0.45, Recall: 0.47, F1: 0.45
2025-01-26 19:08:12,165 - INFO - Starting Epoch 47/50
2025-01-26 19:08:32,105 - INFO - Accuracy of class 0: 72.07%
2025-01-26 19:08:32,105 - INFO - Accuracy of class 1: 47.24%
2025-01-26 19:08:32,105 - INFO - Accuracy of class 2: 33.99%
2025-01-26 19:08:32,105 - INFO - Accuracy of class 3: 0.00%
2025-01-26 19:08:32,105 - INFO - Accuracy of class 4: 14.41%
2025-01-26 19:08:32,105 - INFO - Accuracy of class 5: 0.00%
2025-01-26 19:08:32,106 - INFO - Accuracy of class 6: 45.33%
2025-01-26 19:08:32,115 - INFO - Validation Loss: 1.8706, Validation Accuracy: 49.73%, Precision: 0.46, Recall: 0.50, F1: 0.47
2025-01-26 19:08:32,115 - INFO - Starting Epoch 48/50
2025-01-26 19:08:52,636 - INFO - Accuracy of class 0: 84.65%
2025-01-26 19:08:52,636 - INFO - Accuracy of class 1: 39.88%
2025-01-26 19:08:52,637 - INFO - Accuracy of class 2: 26.14%
2025-01-26 19:08:52,637 - INFO - Accuracy of class 3: 0.00%
2025-01-26 19:08:52,637 - INFO - Accuracy of class 4: 16.22%
2025-01-26 19:08:52,637 - INFO - Accuracy of class 5: 0.00%
2025-01-26 19:08:52,637 - INFO - Accuracy of class 6: 49.33%
2025-01-26 19:08:52,646 - INFO - Validation Loss: 1.8050, Validation Accuracy: 53.61%, Precision: 0.48, Recall: 0.54, F1: 0.50
2025-01-26 19:08:52,646 - INFO - Starting Epoch 49/50
2025-01-26 19:09:13,486 - INFO - Accuracy of class 0: 87.85%
2025-01-26 19:09:13,487 - INFO - Accuracy of class 1: 44.17%
2025-01-26 19:09:13,487 - INFO - Accuracy of class 2: 18.95%
2025-01-26 19:09:13,487 - INFO - Accuracy of class 3: 0.00%
2025-01-26 19:09:13,487 - INFO - Accuracy of class 4: 6.31%
2025-01-26 19:09:13,487 - INFO - Accuracy of class 5: 0.00%
2025-01-26 19:09:13,487 - INFO - Accuracy of class 6: 36.67%
2025-01-26 19:09:13,496 - INFO - Validation Loss: 1.9681, Validation Accuracy: 51.90%, Precision: 0.44, Recall: 0.52, F1: 0.46
2025-01-26 19:09:13,497 - INFO - Starting Epoch 50/50
2025-01-26 19:09:34,274 - INFO - Accuracy of class 0: 77.40%
2025-01-26 19:09:34,274 - INFO - Accuracy of class 1: 52.15%
2025-01-26 19:09:34,274 - INFO - Accuracy of class 2: 22.22%
2025-01-26 19:09:34,274 - INFO - Accuracy of class 3: 0.00%
2025-01-26 19:09:34,274 - INFO - Accuracy of class 4: 12.61%
2025-01-26 19:09:34,274 - INFO - Accuracy of class 5: 0.00%
2025-01-26 19:09:34,275 - INFO - Accuracy of class 6: 43.33%
2025-01-26 19:09:34,284 - INFO - Validation Loss: 1.8570, Validation Accuracy: 50.63%, Precision: 0.45, Recall: 0.51, F1: 0.47
2025-01-26 19:09:34,304 - INFO - Best model saved with validation loss: 1.2914
2025-01-26 20:27:40,011 - INFO - Starting Epoch 1/50
2025-01-26 20:27:55,626 - INFO - Accuracy of class 0: 95.95%
2025-01-26 20:27:55,626 - INFO - Accuracy of class 1: 41.72%
2025-01-26 20:27:55,626 - INFO - Accuracy of class 2: 39.22%
2025-01-26 20:27:55,626 - INFO - Accuracy of class 3: 0.00%
2025-01-26 20:27:55,636 - INFO - Validation Loss: 0.8171, Validation Accuracy: 71.62%, Precision: 0.68, Recall: 0.72, F1: 0.68
2025-01-26 20:27:55,637 - INFO - Starting Epoch 2/50
2025-01-26 20:28:11,254 - INFO - Accuracy of class 0: 93.82%
2025-01-26 20:28:11,254 - INFO - Accuracy of class 1: 47.85%
2025-01-26 20:28:11,254 - INFO - Accuracy of class 2: 46.41%
2025-01-26 20:28:11,254 - INFO - Accuracy of class 3: 0.00%
2025-01-26 20:28:11,265 - INFO - Validation Loss: 0.7351, Validation Accuracy: 72.99%, Precision: 0.70, Recall: 0.73, F1: 0.70
2025-01-26 20:28:11,266 - INFO - Starting Epoch 3/50
2025-01-26 20:28:26,660 - INFO - Accuracy of class 0: 92.32%
2025-01-26 20:28:26,660 - INFO - Accuracy of class 1: 60.12%
2025-01-26 20:28:26,660 - INFO - Accuracy of class 2: 39.22%
2025-01-26 20:28:26,660 - INFO - Accuracy of class 3: 0.00%
2025-01-26 20:28:26,669 - INFO - Validation Loss: 0.7555, Validation Accuracy: 73.23%, Precision: 0.71, Recall: 0.73, F1: 0.71
2025-01-26 20:28:26,669 - INFO - Starting Epoch 4/50
2025-01-26 20:28:41,908 - INFO - Accuracy of class 0: 90.83%
2025-01-26 20:28:41,908 - INFO - Accuracy of class 1: 61.96%
2025-01-26 20:28:41,908 - INFO - Accuracy of class 2: 37.25%
2025-01-26 20:28:41,908 - INFO - Accuracy of class 3: 0.00%
2025-01-26 20:28:41,917 - INFO - Validation Loss: 0.8310, Validation Accuracy: 72.37%, Precision: 0.69, Recall: 0.72, F1: 0.70
2025-01-26 20:28:41,917 - INFO - Starting Epoch 5/50
2025-01-26 20:28:57,456 - INFO - Accuracy of class 0: 92.32%
2025-01-26 20:28:57,457 - INFO - Accuracy of class 1: 48.47%
2025-01-26 20:28:57,457 - INFO - Accuracy of class 2: 48.37%
2025-01-26 20:28:57,457 - INFO - Accuracy of class 3: 0.00%
2025-01-26 20:28:57,466 - INFO - Validation Loss: 0.7859, Validation Accuracy: 72.61%, Precision: 0.70, Recall: 0.73, F1: 0.70
2025-01-26 20:28:57,467 - INFO - Starting Epoch 6/50
2025-01-26 20:29:12,873 - INFO - Accuracy of class 0: 89.55%
2025-01-26 20:29:12,873 - INFO - Accuracy of class 1: 57.06%
2025-01-26 20:29:12,873 - INFO - Accuracy of class 2: 34.64%
2025-01-26 20:29:12,874 - INFO - Accuracy of class 3: 9.09%
2025-01-26 20:29:12,885 - INFO - Validation Loss: 0.8245, Validation Accuracy: 70.38%, Precision: 0.68, Recall: 0.70, F1: 0.68
2025-01-26 20:29:12,885 - INFO - Starting Epoch 7/50
2025-01-26 20:29:28,399 - INFO - Accuracy of class 0: 85.71%
2025-01-26 20:29:28,399 - INFO - Accuracy of class 1: 63.19%
2025-01-26 20:29:28,400 - INFO - Accuracy of class 2: 48.37%
2025-01-26 20:29:28,400 - INFO - Accuracy of class 3: 0.00%
2025-01-26 20:29:28,409 - INFO - Validation Loss: 0.8163, Validation Accuracy: 71.75%, Precision: 0.69, Recall: 0.72, F1: 0.70
2025-01-26 20:29:28,409 - INFO - Starting Epoch 8/50
2025-01-26 20:29:43,839 - INFO - Accuracy of class 0: 90.83%
2025-01-26 20:29:43,839 - INFO - Accuracy of class 1: 56.44%
2025-01-26 20:29:43,839 - INFO - Accuracy of class 2: 35.95%
2025-01-26 20:29:43,839 - INFO - Accuracy of class 3: 0.00%
2025-01-26 20:29:43,848 - INFO - Validation Loss: 0.8419, Validation Accuracy: 71.00%, Precision: 0.68, Recall: 0.71, F1: 0.69
2025-01-26 20:29:43,848 - INFO - Starting Epoch 9/50
2025-01-26 20:29:58,931 - INFO - Accuracy of class 0: 90.19%
2025-01-26 20:29:58,931 - INFO - Accuracy of class 1: 60.12%
2025-01-26 20:29:58,931 - INFO - Accuracy of class 2: 33.99%
2025-01-26 20:29:58,931 - INFO - Accuracy of class 3: 9.09%
2025-01-26 20:29:58,940 - INFO - Validation Loss: 0.8395, Validation Accuracy: 71.25%, Precision: 0.70, Recall: 0.71, F1: 0.69
2025-01-26 20:29:58,940 - INFO - Starting Epoch 10/50
2025-01-26 20:30:14,255 - INFO - Accuracy of class 0: 87.63%
2025-01-26 20:30:14,256 - INFO - Accuracy of class 1: 60.74%
2025-01-26 20:30:14,256 - INFO - Accuracy of class 2: 33.33%
2025-01-26 20:30:14,256 - INFO - Accuracy of class 3: 4.55%
2025-01-26 20:30:14,265 - INFO - Validation Loss: 0.9320, Validation Accuracy: 69.64%, Precision: 0.68, Recall: 0.70, F1: 0.67
2025-01-26 20:30:14,266 - INFO - Starting Epoch 11/50
2025-01-26 20:30:29,474 - INFO - Accuracy of class 0: 89.77%
2025-01-26 20:30:29,474 - INFO - Accuracy of class 1: 60.12%
2025-01-26 20:30:29,474 - INFO - Accuracy of class 2: 27.45%
2025-01-26 20:30:29,474 - INFO - Accuracy of class 3: 4.55%
2025-01-26 20:30:29,482 - INFO - Validation Loss: 0.9819, Validation Accuracy: 69.64%, Precision: 0.67, Recall: 0.70, F1: 0.67
2025-01-26 20:30:29,483 - INFO - Starting Epoch 12/50
2025-01-26 20:30:44,265 - INFO - Accuracy of class 0: 93.39%
2025-01-26 20:30:44,266 - INFO - Accuracy of class 1: 41.10%
2025-01-26 20:30:44,266 - INFO - Accuracy of class 2: 28.10%
2025-01-26 20:30:44,266 - INFO - Accuracy of class 3: 9.09%
2025-01-26 20:30:44,274 - INFO - Validation Loss: 1.0384, Validation Accuracy: 68.15%, Precision: 0.66, Recall: 0.68, F1: 0.65
2025-01-26 20:30:44,275 - INFO - Starting Epoch 13/50
2025-01-26 20:30:59,961 - INFO - Accuracy of class 0: 93.60%
2025-01-26 20:30:59,961 - INFO - Accuracy of class 1: 53.99%
2025-01-26 20:30:59,961 - INFO - Accuracy of class 2: 20.92%
2025-01-26 20:30:59,961 - INFO - Accuracy of class 3: 9.09%
2025-01-26 20:30:59,970 - INFO - Validation Loss: 1.1126, Validation Accuracy: 69.52%, Precision: 0.67, Recall: 0.70, F1: 0.66
2025-01-26 20:30:59,971 - INFO - Starting Epoch 14/50
2025-01-26 20:31:15,305 - INFO - Accuracy of class 0: 83.37%
2025-01-26 20:31:15,305 - INFO - Accuracy of class 1: 56.44%
2025-01-26 20:31:15,305 - INFO - Accuracy of class 2: 44.44%
2025-01-26 20:31:15,305 - INFO - Accuracy of class 3: 9.09%
2025-01-26 20:31:15,316 - INFO - Validation Loss: 1.0281, Validation Accuracy: 68.53%, Precision: 0.67, Recall: 0.69, F1: 0.68
2025-01-26 20:31:15,316 - INFO - Starting Epoch 15/50
2025-01-26 20:31:30,855 - INFO - Accuracy of class 0: 86.99%
2025-01-26 20:31:30,855 - INFO - Accuracy of class 1: 56.44%
2025-01-26 20:31:30,855 - INFO - Accuracy of class 2: 36.60%
2025-01-26 20:31:30,855 - INFO - Accuracy of class 3: 22.73%
2025-01-26 20:31:30,863 - INFO - Validation Loss: 1.0653, Validation Accuracy: 69.52%, Precision: 0.68, Recall: 0.70, F1: 0.68
2025-01-26 20:31:30,863 - INFO - Starting Epoch 16/50
2025-01-26 20:31:46,094 - INFO - Accuracy of class 0: 83.80%
2025-01-26 20:31:46,094 - INFO - Accuracy of class 1: 58.28%
2025-01-26 20:31:46,094 - INFO - Accuracy of class 2: 41.83%
2025-01-26 20:31:46,094 - INFO - Accuracy of class 3: 9.09%
2025-01-26 20:31:46,103 - INFO - Validation Loss: 1.0639, Validation Accuracy: 68.65%, Precision: 0.67, Recall: 0.69, F1: 0.68
2025-01-26 20:31:46,104 - INFO - Starting Epoch 17/50
2025-01-26 20:32:01,549 - INFO - Accuracy of class 0: 78.46%
2025-01-26 20:32:01,549 - INFO - Accuracy of class 1: 58.90%
2025-01-26 20:32:01,549 - INFO - Accuracy of class 2: 41.18%
2025-01-26 20:32:01,549 - INFO - Accuracy of class 3: 18.18%
2025-01-26 20:32:01,562 - INFO - Validation Loss: 1.1270, Validation Accuracy: 65.80%, Precision: 0.65, Recall: 0.66, F1: 0.65
2025-01-26 20:32:01,562 - INFO - Starting Epoch 18/50
2025-01-26 20:32:17,054 - INFO - Accuracy of class 0: 86.14%
2025-01-26 20:32:17,054 - INFO - Accuracy of class 1: 39.88%
2025-01-26 20:32:17,054 - INFO - Accuracy of class 2: 41.18%
2025-01-26 20:32:17,054 - INFO - Accuracy of class 3: 31.82%
2025-01-26 20:32:17,063 - INFO - Validation Loss: 1.1357, Validation Accuracy: 66.79%, Precision: 0.66, Recall: 0.67, F1: 0.65
2025-01-26 20:32:17,064 - INFO - Starting Epoch 19/50
2025-01-26 20:32:32,498 - INFO - Accuracy of class 0: 85.93%
2025-01-26 20:32:32,500 - INFO - Accuracy of class 1: 49.08%
2025-01-26 20:32:32,500 - INFO - Accuracy of class 2: 33.33%
2025-01-26 20:32:32,500 - INFO - Accuracy of class 3: 9.09%
2025-01-26 20:32:32,509 - INFO - Validation Loss: 1.1876, Validation Accuracy: 66.42%, Precision: 0.64, Recall: 0.66, F1: 0.65
2025-01-26 20:32:32,509 - INFO - Starting Epoch 20/50
2025-01-26 20:32:48,089 - INFO - Accuracy of class 0: 87.42%
2025-01-26 20:32:48,089 - INFO - Accuracy of class 1: 50.92%
2025-01-26 20:32:48,089 - INFO - Accuracy of class 2: 32.68%
2025-01-26 20:32:48,089 - INFO - Accuracy of class 3: 13.64%
2025-01-26 20:32:48,097 - INFO - Validation Loss: 1.3321, Validation Accuracy: 67.66%, Precision: 0.66, Recall: 0.68, F1: 0.66
2025-01-26 20:32:48,098 - INFO - Starting Epoch 21/50
2025-01-26 20:33:03,917 - INFO - Accuracy of class 0: 81.88%
2025-01-26 20:33:03,917 - INFO - Accuracy of class 1: 53.37%
2025-01-26 20:33:03,917 - INFO - Accuracy of class 2: 39.87%
2025-01-26 20:33:03,918 - INFO - Accuracy of class 3: 9.09%
2025-01-26 20:33:03,927 - INFO - Validation Loss: 1.3229, Validation Accuracy: 66.17%, Precision: 0.65, Recall: 0.66, F1: 0.65
2025-01-26 20:33:03,927 - INFO - Starting Epoch 22/50
2025-01-26 20:33:19,627 - INFO - Accuracy of class 0: 81.88%
2025-01-26 20:33:19,627 - INFO - Accuracy of class 1: 61.96%
2025-01-26 20:33:19,627 - INFO - Accuracy of class 2: 30.72%
2025-01-26 20:33:19,627 - INFO - Accuracy of class 3: 18.18%
2025-01-26 20:33:19,635 - INFO - Validation Loss: 1.4008, Validation Accuracy: 66.42%, Precision: 0.66, Recall: 0.66, F1: 0.66
2025-01-26 20:33:19,636 - INFO - Starting Epoch 23/50
2025-01-26 20:33:35,182 - INFO - Accuracy of class 0: 87.63%
2025-01-26 20:33:35,182 - INFO - Accuracy of class 1: 47.85%
2025-01-26 20:33:35,182 - INFO - Accuracy of class 2: 44.44%
2025-01-26 20:33:35,182 - INFO - Accuracy of class 3: 13.64%
2025-01-26 20:33:35,195 - INFO - Validation Loss: 1.3486, Validation Accuracy: 69.39%, Precision: 0.67, Recall: 0.69, F1: 0.68
2025-01-26 20:33:35,195 - INFO - Starting Epoch 24/50
2025-01-26 20:33:50,865 - INFO - Accuracy of class 0: 85.29%
2025-01-26 20:33:50,865 - INFO - Accuracy of class 1: 60.12%
2025-01-26 20:33:50,865 - INFO - Accuracy of class 2: 39.22%
2025-01-26 20:33:50,865 - INFO - Accuracy of class 3: 4.55%
2025-01-26 20:33:50,874 - INFO - Validation Loss: 1.4228, Validation Accuracy: 69.27%, Precision: 0.67, Recall: 0.69, F1: 0.68
2025-01-26 20:33:50,875 - INFO - Starting Epoch 25/50
2025-01-26 20:34:06,451 - INFO - Accuracy of class 0: 81.24%
2025-01-26 20:34:06,451 - INFO - Accuracy of class 1: 52.15%
2025-01-26 20:34:06,451 - INFO - Accuracy of class 2: 42.48%
2025-01-26 20:34:06,451 - INFO - Accuracy of class 3: 9.09%
2025-01-26 20:34:06,460 - INFO - Validation Loss: 1.4453, Validation Accuracy: 66.05%, Precision: 0.65, Recall: 0.66, F1: 0.65
2025-01-26 20:34:06,460 - INFO - Starting Epoch 26/50
2025-01-26 20:34:21,869 - INFO - Accuracy of class 0: 79.32%
2025-01-26 20:34:21,869 - INFO - Accuracy of class 1: 58.28%
2025-01-26 20:34:21,869 - INFO - Accuracy of class 2: 33.33%
2025-01-26 20:34:21,869 - INFO - Accuracy of class 3: 4.55%
2025-01-26 20:34:21,877 - INFO - Validation Loss: 1.6628, Validation Accuracy: 64.31%, Precision: 0.63, Recall: 0.64, F1: 0.63
2025-01-26 20:34:21,879 - INFO - Starting Epoch 27/50
2025-01-26 20:34:37,488 - INFO - Accuracy of class 0: 84.65%
2025-01-26 20:34:37,488 - INFO - Accuracy of class 1: 50.31%
2025-01-26 20:34:37,488 - INFO - Accuracy of class 2: 42.48%
2025-01-26 20:34:37,488 - INFO - Accuracy of class 3: 9.09%
2025-01-26 20:34:37,501 - INFO - Validation Loss: 1.6032, Validation Accuracy: 67.66%, Precision: 0.66, Recall: 0.68, F1: 0.66
2025-01-26 20:34:37,502 - INFO - Starting Epoch 28/50
2025-01-26 20:34:52,966 - INFO - Accuracy of class 0: 86.14%
2025-01-26 20:34:52,966 - INFO - Accuracy of class 1: 52.76%
2025-01-26 20:34:52,966 - INFO - Accuracy of class 2: 33.33%
2025-01-26 20:34:52,967 - INFO - Accuracy of class 3: 27.27%
2025-01-26 20:34:52,975 - INFO - Validation Loss: 1.6420, Validation Accuracy: 67.78%, Precision: 0.67, Recall: 0.68, F1: 0.67
2025-01-26 20:34:52,976 - INFO - Starting Epoch 29/50
2025-01-26 20:35:08,463 - INFO - Accuracy of class 0: 82.94%
2025-01-26 20:35:08,463 - INFO - Accuracy of class 1: 55.83%
2025-01-26 20:35:08,463 - INFO - Accuracy of class 2: 39.87%
2025-01-26 20:35:08,463 - INFO - Accuracy of class 3: 13.64%
2025-01-26 20:35:08,472 - INFO - Validation Loss: 1.6718, Validation Accuracy: 67.41%, Precision: 0.66, Recall: 0.67, F1: 0.67
2025-01-26 20:35:08,472 - INFO - Starting Epoch 30/50
2025-01-26 20:35:24,084 - INFO - Accuracy of class 0: 87.63%
2025-01-26 20:35:24,084 - INFO - Accuracy of class 1: 49.69%
2025-01-26 20:35:24,084 - INFO - Accuracy of class 2: 33.33%
2025-01-26 20:35:24,084 - INFO - Accuracy of class 3: 4.55%
2025-01-26 20:35:24,093 - INFO - Validation Loss: 1.7725, Validation Accuracy: 67.41%, Precision: 0.64, Recall: 0.67, F1: 0.65
2025-01-26 20:35:24,093 - INFO - Starting Epoch 31/50
2025-01-26 20:35:39,652 - INFO - Accuracy of class 0: 86.57%
2025-01-26 20:35:39,652 - INFO - Accuracy of class 1: 42.94%
2025-01-26 20:35:39,652 - INFO - Accuracy of class 2: 39.87%
2025-01-26 20:35:39,653 - INFO - Accuracy of class 3: 4.55%
2025-01-26 20:35:39,662 - INFO - Validation Loss: 1.7006, Validation Accuracy: 66.67%, Precision: 0.64, Recall: 0.67, F1: 0.65
2025-01-26 20:35:39,662 - INFO - Starting Epoch 32/50
2025-01-26 20:35:55,045 - INFO - Accuracy of class 0: 81.88%
2025-01-26 20:35:55,045 - INFO - Accuracy of class 1: 50.92%
2025-01-26 20:35:55,045 - INFO - Accuracy of class 2: 41.18%
2025-01-26 20:35:55,046 - INFO - Accuracy of class 3: 18.18%
2025-01-26 20:35:55,057 - INFO - Validation Loss: 1.5991, Validation Accuracy: 66.17%, Precision: 0.65, Recall: 0.66, F1: 0.65
2025-01-26 20:35:55,058 - INFO - Starting Epoch 33/50
2025-01-26 20:36:10,606 - INFO - Accuracy of class 0: 84.43%
2025-01-26 20:36:10,606 - INFO - Accuracy of class 1: 49.08%
2025-01-26 20:36:10,607 - INFO - Accuracy of class 2: 42.48%
2025-01-26 20:36:10,607 - INFO - Accuracy of class 3: 18.18%
2025-01-26 20:36:10,615 - INFO - Validation Loss: 1.8501, Validation Accuracy: 67.53%, Precision: 0.66, Recall: 0.68, F1: 0.66
2025-01-26 20:36:10,616 - INFO - Starting Epoch 34/50
2025-01-26 20:36:26,091 - INFO - Accuracy of class 0: 84.86%
2025-01-26 20:36:26,091 - INFO - Accuracy of class 1: 40.49%
2025-01-26 20:36:26,091 - INFO - Accuracy of class 2: 39.87%
2025-01-26 20:36:26,091 - INFO - Accuracy of class 3: 13.64%
2025-01-26 20:36:26,099 - INFO - Validation Loss: 1.8058, Validation Accuracy: 65.43%, Precision: 0.63, Recall: 0.65, F1: 0.64
2025-01-26 20:36:26,099 - INFO - Starting Epoch 35/50
2025-01-26 20:36:41,053 - INFO - Accuracy of class 0: 82.52%
2025-01-26 20:36:41,053 - INFO - Accuracy of class 1: 46.01%
2025-01-26 20:36:41,054 - INFO - Accuracy of class 2: 42.48%
2025-01-26 20:36:41,054 - INFO - Accuracy of class 3: 13.64%
2025-01-26 20:36:41,061 - INFO - Validation Loss: 1.9699, Validation Accuracy: 65.68%, Precision: 0.64, Recall: 0.66, F1: 0.65
2025-01-26 20:36:41,062 - INFO - Starting Epoch 36/50
2025-01-26 20:47:03,482 - INFO - Starting Epoch 1/50
2025-01-26 20:47:31,385 - INFO - Starting Epoch 1/50
2025-01-26 20:47:47,196 - INFO - Accuracy of class 0: 88.06%
2025-01-26 20:47:47,197 - INFO - Accuracy of class 1: 47.85%
2025-01-26 20:47:47,197 - INFO - Accuracy of class 2: 54.90%
2025-01-26 20:47:47,197 - INFO - Accuracy of class 3: 0.00%
2025-01-26 20:47:47,209 - INFO - Validation Loss: 0.7736, Validation Accuracy: 71.25%, Precision: 0.69, Recall: 0.71, F1: 0.70
2025-01-26 20:47:47,210 - INFO - Starting Epoch 2/50
2025-01-26 20:48:03,138 - INFO - Accuracy of class 0: 92.75%
2025-01-26 20:48:03,139 - INFO - Accuracy of class 1: 53.99%
2025-01-26 20:48:03,139 - INFO - Accuracy of class 2: 43.14%
2025-01-26 20:48:03,139 - INFO - Accuracy of class 3: 0.00%
2025-01-26 20:48:03,148 - INFO - Validation Loss: 0.7341, Validation Accuracy: 72.99%, Precision: 0.70, Recall: 0.73, F1: 0.70
2025-01-26 20:48:03,149 - INFO - Starting Epoch 3/50
2025-01-26 20:48:18,957 - INFO - Accuracy of class 0: 97.65%
2025-01-26 20:48:18,957 - INFO - Accuracy of class 1: 37.42%
2025-01-26 20:48:18,957 - INFO - Accuracy of class 2: 37.91%
2025-01-26 20:48:18,957 - INFO - Accuracy of class 3: 0.00%
2025-01-26 20:48:18,966 - INFO - Validation Loss: 0.8789, Validation Accuracy: 71.50%, Precision: 0.69, Recall: 0.71, F1: 0.67
2025-01-26 20:48:18,966 - INFO - Starting Epoch 4/50
2025-01-26 20:48:34,130 - INFO - Accuracy of class 0: 88.91%
2025-01-26 20:48:34,130 - INFO - Accuracy of class 1: 68.10%
2025-01-26 20:48:34,131 - INFO - Accuracy of class 2: 35.29%
2025-01-26 20:48:34,131 - INFO - Accuracy of class 3: 0.00%
2025-01-26 20:48:34,139 - INFO - Validation Loss: 0.7626, Validation Accuracy: 72.12%, Precision: 0.70, Recall: 0.72, F1: 0.70
2025-01-26 20:48:34,140 - INFO - Starting Epoch 5/50
2025-01-26 20:48:50,134 - INFO - Accuracy of class 0: 91.04%
2025-01-26 20:48:50,134 - INFO - Accuracy of class 1: 54.60%
2025-01-26 20:48:50,135 - INFO - Accuracy of class 2: 51.63%
2025-01-26 20:48:50,135 - INFO - Accuracy of class 3: 0.00%
2025-01-26 20:48:50,143 - INFO - Validation Loss: 0.7774, Validation Accuracy: 73.73%, Precision: 0.71, Recall: 0.74, F1: 0.72
2025-01-26 20:48:50,143 - INFO - Starting Epoch 6/50
2025-01-26 20:49:06,771 - INFO - Accuracy of class 0: 93.82%
2025-01-26 20:49:06,771 - INFO - Accuracy of class 1: 42.94%
2025-01-26 20:49:06,771 - INFO - Accuracy of class 2: 50.98%
2025-01-26 20:49:06,771 - INFO - Accuracy of class 3: 0.00%
2025-01-26 20:49:06,780 - INFO - Validation Loss: 0.7918, Validation Accuracy: 72.86%, Precision: 0.71, Recall: 0.73, F1: 0.70
2025-01-26 20:49:06,781 - INFO - Starting Epoch 7/50
