2025-02-03 02:37:24,031 - INFO - Starting Epoch 1/50
2025-02-03 02:40:15,758 - INFO - Val Loss = 1.3768, Val Accuracy = 0.53%, Precision = 0.49, Recall = 0.53, F1 = 0.47
2025-02-03 02:40:15,798 - INFO - Best model saved at epoch 1 with val loss: 1.3768
2025-02-03 02:40:15,798 - INFO - Starting Epoch 2/50
2025-02-03 02:43:06,376 - INFO - Val Loss = 1.3240, Val Accuracy = 0.55%, Precision = 0.50, Recall = 0.55, F1 = 0.49
2025-02-03 02:43:06,403 - INFO - Best model saved at epoch 2 with val loss: 1.3240
2025-02-03 02:43:06,403 - INFO - Starting Epoch 3/50
2025-02-03 02:45:58,202 - INFO - Val Loss = 1.3368, Val Accuracy = 0.56%, Precision = 0.50, Recall = 0.56, F1 = 0.50
2025-02-03 02:45:58,204 - INFO - Starting Epoch 4/50
2025-02-03 02:48:49,998 - INFO - Val Loss = 1.3309, Val Accuracy = 0.55%, Precision = 0.51, Recall = 0.55, F1 = 0.50
2025-02-03 02:48:49,999 - INFO - Starting Epoch 5/50
2025-02-03 02:51:39,728 - INFO - Val Loss = 1.3452, Val Accuracy = 0.54%, Precision = 0.47, Recall = 0.54, F1 = 0.48
2025-02-03 02:51:39,729 - INFO - Starting Epoch 6/50
2025-02-03 02:54:36,303 - INFO - Val Loss = 1.3901, Val Accuracy = 0.52%, Precision = 0.48, Recall = 0.52, F1 = 0.47
2025-02-03 02:54:36,304 - INFO - Starting Epoch 7/50
2025-02-03 02:57:27,974 - INFO - Val Loss = 1.3190, Val Accuracy = 0.55%, Precision = 0.49, Recall = 0.55, F1 = 0.48
2025-02-03 02:57:28,013 - INFO - Best model saved at epoch 7 with val loss: 1.3190
2025-02-03 02:57:28,014 - INFO - Starting Epoch 8/50
2025-02-03 03:00:18,969 - INFO - Val Loss = 1.3302, Val Accuracy = 0.55%, Precision = 0.49, Recall = 0.55, F1 = 0.48
2025-02-03 03:00:18,970 - INFO - Starting Epoch 9/50
2025-02-03 03:03:09,848 - INFO - Val Loss = 1.3239, Val Accuracy = 0.55%, Precision = 0.48, Recall = 0.55, F1 = 0.50
2025-02-03 03:03:09,849 - INFO - Starting Epoch 10/50
2025-02-03 03:06:00,703 - INFO - Val Loss = 1.2891, Val Accuracy = 0.57%, Precision = 0.50, Recall = 0.57, F1 = 0.51
2025-02-03 03:06:00,745 - INFO - Best model saved at epoch 10 with val loss: 1.2891
2025-02-03 03:06:00,745 - INFO - Starting Epoch 11/50
2025-02-03 03:08:52,217 - INFO - Val Loss = 1.2877, Val Accuracy = 0.57%, Precision = 0.51, Recall = 0.57, F1 = 0.52
2025-02-03 03:08:52,248 - INFO - Best model saved at epoch 11 with val loss: 1.2877
2025-02-03 03:08:52,248 - INFO - Starting Epoch 12/50
2025-02-03 03:11:44,734 - INFO - Val Loss = 1.5035, Val Accuracy = 0.45%, Precision = 0.48, Recall = 0.45, F1 = 0.42
2025-02-03 03:11:44,735 - INFO - Starting Epoch 13/50
2025-02-03 03:14:34,900 - INFO - Val Loss = 1.4304, Val Accuracy = 0.49%, Precision = 0.48, Recall = 0.49, F1 = 0.44
2025-02-03 03:14:34,901 - INFO - Starting Epoch 14/50
2025-02-03 03:17:26,977 - INFO - Val Loss = 1.3762, Val Accuracy = 0.54%, Precision = 0.49, Recall = 0.54, F1 = 0.48
2025-02-03 03:17:26,979 - INFO - Starting Epoch 15/50
2025-02-03 03:20:18,774 - INFO - Val Loss = 1.3314, Val Accuracy = 0.56%, Precision = 0.51, Recall = 0.56, F1 = 0.51
2025-02-03 03:20:18,775 - INFO - Starting Epoch 16/50
2025-02-03 03:23:09,758 - INFO - Val Loss = 1.3270, Val Accuracy = 0.54%, Precision = 0.51, Recall = 0.54, F1 = 0.51
2025-02-03 03:23:09,759 - INFO - Early stopping at epoch 16
2025-02-03 03:23:09,790 - INFO - Loaded best model with val loss: 1.2877
