2025-02-03 01:27:29,662 - INFO - Starting Epoch 1/50
2025-02-03 01:30:21,194 - INFO - Val Loss = 1.4171, Val Accuracy = 0.49%, Precision = 0.27, Recall = 0.49, F1 = 0.35
2025-02-03 01:30:21,238 - INFO - Best model saved at epoch 1 with val loss: 1.4171
2025-02-03 01:30:21,239 - INFO - Starting Epoch 2/50
2025-02-03 01:33:13,599 - INFO - Val Loss = 1.3954, Val Accuracy = 0.52%, Precision = 0.35, Recall = 0.52, F1 = 0.41
2025-02-03 01:33:13,641 - INFO - Best model saved at epoch 2 with val loss: 1.3954
2025-02-03 01:33:13,642 - INFO - Starting Epoch 3/50
2025-02-03 01:36:06,791 - INFO - Val Loss = 1.3230, Val Accuracy = 0.55%, Precision = 0.44, Recall = 0.55, F1 = 0.47
2025-02-03 01:36:06,842 - INFO - Best model saved at epoch 3 with val loss: 1.3230
2025-02-03 01:36:06,842 - INFO - Starting Epoch 4/50
2025-02-03 01:38:59,627 - INFO - Val Loss = 1.3420, Val Accuracy = 0.54%, Precision = 0.44, Recall = 0.54, F1 = 0.46
2025-02-03 01:38:59,628 - INFO - Starting Epoch 5/50
2025-02-03 01:41:51,038 - INFO - Val Loss = 1.3181, Val Accuracy = 0.55%, Precision = 0.44, Recall = 0.55, F1 = 0.46
2025-02-03 01:41:51,084 - INFO - Best model saved at epoch 5 with val loss: 1.3181
2025-02-03 01:41:51,084 - INFO - Starting Epoch 6/50
2025-02-03 01:44:43,311 - INFO - Val Loss = 1.3637, Val Accuracy = 0.53%, Precision = 0.48, Recall = 0.53, F1 = 0.42
2025-02-03 01:44:43,312 - INFO - Starting Epoch 7/50
2025-02-03 01:47:35,152 - INFO - Val Loss = 1.3455, Val Accuracy = 0.56%, Precision = 0.45, Recall = 0.56, F1 = 0.48
2025-02-03 01:47:35,153 - INFO - Starting Epoch 8/50
2025-02-03 01:50:28,592 - INFO - Val Loss = 1.3670, Val Accuracy = 0.56%, Precision = 0.47, Recall = 0.56, F1 = 0.48
2025-02-03 01:50:28,593 - INFO - Starting Epoch 9/50
2025-02-03 01:53:20,199 - INFO - Val Loss = 1.2740, Val Accuracy = 0.57%, Precision = 0.48, Recall = 0.57, F1 = 0.51
2025-02-03 01:53:20,244 - INFO - Best model saved at epoch 9 with val loss: 1.2740
2025-02-03 01:53:20,245 - INFO - Starting Epoch 10/50
2025-02-03 01:56:11,529 - INFO - Val Loss = 1.2721, Val Accuracy = 0.57%, Precision = 0.47, Recall = 0.57, F1 = 0.51
2025-02-03 01:56:11,588 - INFO - Best model saved at epoch 10 with val loss: 1.2721
2025-02-03 01:56:11,589 - INFO - Starting Epoch 11/50
2025-02-03 01:59:03,727 - INFO - Val Loss = 1.2982, Val Accuracy = 0.56%, Precision = 0.57, Recall = 0.56, F1 = 0.50
2025-02-03 01:59:03,728 - INFO - Starting Epoch 12/50
2025-02-03 02:01:54,454 - INFO - Val Loss = 1.2530, Val Accuracy = 0.57%, Precision = 0.53, Recall = 0.57, F1 = 0.52
2025-02-03 02:01:54,504 - INFO - Best model saved at epoch 12 with val loss: 1.2530
2025-02-03 02:01:54,505 - INFO - Starting Epoch 13/50
2025-02-03 02:04:46,498 - INFO - Val Loss = 1.2702, Val Accuracy = 0.58%, Precision = 0.50, Recall = 0.58, F1 = 0.52
2025-02-03 02:04:46,500 - INFO - Starting Epoch 14/50
2025-02-03 02:07:41,212 - INFO - Val Loss = 1.2872, Val Accuracy = 0.57%, Precision = 0.53, Recall = 0.57, F1 = 0.51
2025-02-03 02:07:41,213 - INFO - Starting Epoch 15/50
2025-02-03 02:10:48,751 - INFO - Val Loss = 1.2361, Val Accuracy = 0.57%, Precision = 0.55, Recall = 0.57, F1 = 0.52
2025-02-03 02:10:48,796 - INFO - Best model saved at epoch 15 with val loss: 1.2361
2025-02-03 02:10:48,796 - INFO - Starting Epoch 16/50
2025-02-03 02:13:57,553 - INFO - Val Loss = 1.2558, Val Accuracy = 0.57%, Precision = 0.53, Recall = 0.57, F1 = 0.51
2025-02-03 02:13:57,554 - INFO - Starting Epoch 17/50
2025-02-03 02:17:05,172 - INFO - Val Loss = 1.3273, Val Accuracy = 0.56%, Precision = 0.53, Recall = 0.56, F1 = 0.52
2025-02-03 02:17:05,172 - INFO - Starting Epoch 18/50
2025-02-03 02:20:12,541 - INFO - Val Loss = 1.2283, Val Accuracy = 0.58%, Precision = 0.54, Recall = 0.58, F1 = 0.54
2025-02-03 02:20:12,587 - INFO - Best model saved at epoch 18 with val loss: 1.2283
2025-02-03 02:20:12,587 - INFO - Starting Epoch 19/50
2025-02-03 02:23:21,048 - INFO - Val Loss = 1.2636, Val Accuracy = 0.58%, Precision = 0.55, Recall = 0.58, F1 = 0.53
2025-02-03 02:23:21,049 - INFO - Starting Epoch 20/50
2025-02-03 02:26:29,244 - INFO - Val Loss = 1.3151, Val Accuracy = 0.57%, Precision = 0.54, Recall = 0.57, F1 = 0.52
2025-02-03 02:26:29,245 - INFO - Starting Epoch 21/50
2025-02-03 02:29:37,329 - INFO - Val Loss = 1.2291, Val Accuracy = 0.58%, Precision = 0.56, Recall = 0.58, F1 = 0.55
2025-02-03 02:29:37,330 - INFO - Starting Epoch 22/50
2025-02-03 02:32:45,529 - INFO - Val Loss = 1.2776, Val Accuracy = 0.57%, Precision = 0.53, Recall = 0.57, F1 = 0.52
2025-02-03 02:32:45,530 - INFO - Starting Epoch 23/50
2025-02-03 02:35:54,148 - INFO - Val Loss = 1.2566, Val Accuracy = 0.58%, Precision = 0.54, Recall = 0.58, F1 = 0.54
2025-02-03 02:35:54,149 - INFO - Early stopping at epoch 23
2025-02-03 02:35:54,188 - INFO - Loaded best model with val loss: 1.2283
