2025-02-03 10:35:30,749 - INFO - Starting Epoch 1/50
2025-02-03 10:36:11,341 - INFO - Starting Epoch 1/50
2025-02-03 10:37:28,577 - INFO - Starting Epoch 1/50
2025-02-03 10:40:13,294 - INFO - Accuracy of class 0: 91.47%
2025-02-03 10:40:13,294 - INFO - Accuracy of class 1: 49.69%
2025-02-03 10:40:13,295 - INFO - Accuracy of class 2: 34.64%
2025-02-03 10:40:13,295 - INFO - Accuracy of class 3: 0.00%
2025-02-03 10:40:13,295 - INFO - Accuracy of class 4: 0.00%
2025-02-03 10:40:13,295 - INFO - Accuracy of class 5: 0.00%
2025-02-03 10:40:13,295 - INFO - Accuracy of class 6: 38.67%
2025-02-03 10:40:13,296 - INFO - Val Loss = 1.3025, Val Accuracy = 0.56%, Precision = 0.46, Recall = 0.56, F1 = 0.49
2025-02-03 10:40:13,318 - INFO - Best model saved at epoch 1 with val loss: 1.3025
2025-02-03 10:40:13,318 - INFO - Starting Epoch 2/50
2025-02-03 10:42:59,478 - INFO - Accuracy of class 0: 90.19%
2025-02-03 10:42:59,478 - INFO - Accuracy of class 1: 49.08%
2025-02-03 10:42:59,478 - INFO - Accuracy of class 2: 36.60%
2025-02-03 10:42:59,479 - INFO - Accuracy of class 3: 0.00%
2025-02-03 10:42:59,479 - INFO - Accuracy of class 4: 2.70%
2025-02-03 10:42:59,479 - INFO - Accuracy of class 5: 0.00%
2025-02-03 10:42:59,479 - INFO - Accuracy of class 6: 44.00%
2025-02-03 10:42:59,479 - INFO - Val Loss = 1.2641, Val Accuracy = 0.57%, Precision = 0.54, Recall = 0.57, F1 = 0.51
2025-02-03 10:42:59,504 - INFO - Best model saved at epoch 2 with val loss: 1.2641
2025-02-03 10:42:59,505 - INFO - Starting Epoch 3/50
2025-02-03 10:45:46,113 - INFO - Accuracy of class 0: 88.70%
2025-02-03 10:45:46,113 - INFO - Accuracy of class 1: 50.92%
2025-02-03 10:45:46,113 - INFO - Accuracy of class 2: 36.60%
2025-02-03 10:45:46,113 - INFO - Accuracy of class 3: 0.00%
2025-02-03 10:45:46,113 - INFO - Accuracy of class 4: 6.31%
2025-02-03 10:45:46,114 - INFO - Accuracy of class 5: 0.00%
2025-02-03 10:45:46,114 - INFO - Accuracy of class 6: 46.67%
2025-02-03 10:45:46,114 - INFO - Val Loss = 1.2460, Val Accuracy = 0.57%, Precision = 0.54, Recall = 0.57, F1 = 0.52
2025-02-03 10:45:46,127 - INFO - Best model saved at epoch 3 with val loss: 1.2460
2025-02-03 10:45:46,128 - INFO - Starting Epoch 4/50
2025-02-03 10:48:31,353 - INFO - Accuracy of class 0: 87.85%
2025-02-03 10:48:31,353 - INFO - Accuracy of class 1: 49.69%
2025-02-03 10:48:31,353 - INFO - Accuracy of class 2: 37.91%
2025-02-03 10:48:31,354 - INFO - Accuracy of class 3: 0.00%
2025-02-03 10:48:31,354 - INFO - Accuracy of class 4: 8.11%
2025-02-03 10:48:31,354 - INFO - Accuracy of class 5: 0.00%
2025-02-03 10:48:31,354 - INFO - Accuracy of class 6: 50.00%
2025-02-03 10:48:31,354 - INFO - Val Loss = 1.2307, Val Accuracy = 0.57%, Precision = 0.52, Recall = 0.57, F1 = 0.52
2025-02-03 10:48:31,379 - INFO - Best model saved at epoch 4 with val loss: 1.2307
2025-02-03 10:48:31,379 - INFO - Starting Epoch 5/50
2025-02-03 10:51:18,011 - INFO - Accuracy of class 0: 85.50%
2025-02-03 10:51:18,011 - INFO - Accuracy of class 1: 53.99%
2025-02-03 10:51:18,011 - INFO - Accuracy of class 2: 41.18%
2025-02-03 10:51:18,011 - INFO - Accuracy of class 3: 0.00%
2025-02-03 10:51:18,011 - INFO - Accuracy of class 4: 10.81%
2025-02-03 10:51:18,012 - INFO - Accuracy of class 5: 0.00%
2025-02-03 10:51:18,012 - INFO - Accuracy of class 6: 43.33%
2025-02-03 10:51:18,012 - INFO - Val Loss = 1.2351, Val Accuracy = 0.57%, Precision = 0.52, Recall = 0.57, F1 = 0.53
2025-02-03 10:51:18,013 - INFO - Starting Epoch 6/50
2025-02-03 10:54:04,673 - INFO - Accuracy of class 0: 86.57%
2025-02-03 10:54:04,674 - INFO - Accuracy of class 1: 53.99%
2025-02-03 10:54:04,674 - INFO - Accuracy of class 2: 40.52%
2025-02-03 10:54:04,674 - INFO - Accuracy of class 3: 0.00%
2025-02-03 10:54:04,674 - INFO - Accuracy of class 4: 7.21%
2025-02-03 10:54:04,674 - INFO - Accuracy of class 5: 0.00%
2025-02-03 10:54:04,674 - INFO - Accuracy of class 6: 47.33%
2025-02-03 10:54:04,674 - INFO - Val Loss = 1.2404, Val Accuracy = 0.57%, Precision = 0.53, Recall = 0.57, F1 = 0.53
2025-02-03 10:54:04,675 - INFO - Starting Epoch 7/50
2025-02-03 10:56:51,646 - INFO - Accuracy of class 0: 83.16%
2025-02-03 10:56:51,647 - INFO - Accuracy of class 1: 49.69%
2025-02-03 10:56:51,647 - INFO - Accuracy of class 2: 45.75%
2025-02-03 10:56:51,647 - INFO - Accuracy of class 3: 0.00%
2025-02-03 10:56:51,647 - INFO - Accuracy of class 4: 11.71%
2025-02-03 10:56:51,647 - INFO - Accuracy of class 5: 0.00%
2025-02-03 10:56:51,647 - INFO - Accuracy of class 6: 52.00%
2025-02-03 10:56:51,647 - INFO - Val Loss = 1.2349, Val Accuracy = 0.57%, Precision = 0.53, Recall = 0.57, F1 = 0.53
2025-02-03 10:56:51,647 - INFO - Starting Epoch 8/50
2025-02-03 10:59:38,257 - INFO - Accuracy of class 0: 86.99%
2025-02-03 10:59:38,257 - INFO - Accuracy of class 1: 53.99%
2025-02-03 10:59:38,258 - INFO - Accuracy of class 2: 39.87%
2025-02-03 10:59:38,258 - INFO - Accuracy of class 3: 0.00%
2025-02-03 10:59:38,258 - INFO - Accuracy of class 4: 11.71%
2025-02-03 10:59:38,258 - INFO - Accuracy of class 5: 0.00%
2025-02-03 10:59:38,258 - INFO - Accuracy of class 6: 50.00%
2025-02-03 10:59:38,258 - INFO - Val Loss = 1.2167, Val Accuracy = 0.58%, Precision = 0.53, Recall = 0.58, F1 = 0.54
2025-02-03 10:59:38,283 - INFO - Best model saved at epoch 8 with val loss: 1.2167
2025-02-03 10:59:38,284 - INFO - Starting Epoch 9/50
2025-02-03 11:02:25,393 - INFO - Accuracy of class 0: 85.29%
2025-02-03 11:02:25,393 - INFO - Accuracy of class 1: 52.76%
2025-02-03 11:02:25,393 - INFO - Accuracy of class 2: 39.87%
2025-02-03 11:02:25,393 - INFO - Accuracy of class 3: 0.00%
2025-02-03 11:02:25,393 - INFO - Accuracy of class 4: 14.41%
2025-02-03 11:02:25,393 - INFO - Accuracy of class 5: 0.00%
2025-02-03 11:02:25,393 - INFO - Accuracy of class 6: 51.33%
2025-02-03 11:02:25,393 - INFO - Val Loss = 1.2126, Val Accuracy = 0.58%, Precision = 0.53, Recall = 0.58, F1 = 0.54
2025-02-03 11:02:25,407 - INFO - Best model saved at epoch 9 with val loss: 1.2126
2025-02-03 11:02:25,407 - INFO - Starting Epoch 10/50
2025-02-03 11:05:09,542 - INFO - Accuracy of class 0: 80.60%
2025-02-03 11:05:09,542 - INFO - Accuracy of class 1: 57.67%
2025-02-03 11:05:09,542 - INFO - Accuracy of class 2: 43.79%
2025-02-03 11:05:09,542 - INFO - Accuracy of class 3: 0.00%
2025-02-03 11:05:09,542 - INFO - Accuracy of class 4: 17.12%
2025-02-03 11:05:09,542 - INFO - Accuracy of class 5: 0.00%
2025-02-03 11:05:09,542 - INFO - Accuracy of class 6: 50.67%
2025-02-03 11:05:09,542 - INFO - Val Loss = 1.2265, Val Accuracy = 0.57%, Precision = 0.53, Recall = 0.57, F1 = 0.54
2025-02-03 11:05:09,543 - INFO - Starting Epoch 11/50
2025-02-03 11:07:46,622 - INFO - Accuracy of class 0: 83.37%
2025-02-03 11:07:46,622 - INFO - Accuracy of class 1: 52.76%
2025-02-03 11:07:46,622 - INFO - Accuracy of class 2: 41.18%
2025-02-03 11:07:46,622 - INFO - Accuracy of class 3: 0.00%
2025-02-03 11:07:46,623 - INFO - Accuracy of class 4: 13.51%
2025-02-03 11:07:46,623 - INFO - Accuracy of class 5: 0.00%
2025-02-03 11:07:46,623 - INFO - Accuracy of class 6: 53.33%
2025-02-03 11:07:46,623 - INFO - Val Loss = 1.2088, Val Accuracy = 0.57%, Precision = 0.52, Recall = 0.57, F1 = 0.54
2025-02-03 11:07:46,636 - INFO - Best model saved at epoch 11 with val loss: 1.2088
2025-02-03 11:07:46,636 - INFO - Starting Epoch 12/50
2025-02-03 11:10:24,033 - INFO - Accuracy of class 0: 83.37%
2025-02-03 11:10:24,033 - INFO - Accuracy of class 1: 53.99%
2025-02-03 11:10:24,034 - INFO - Accuracy of class 2: 44.44%
2025-02-03 11:10:24,034 - INFO - Accuracy of class 3: 0.00%
2025-02-03 11:10:24,034 - INFO - Accuracy of class 4: 15.32%
2025-02-03 11:10:24,034 - INFO - Accuracy of class 5: 0.00%
2025-02-03 11:10:24,034 - INFO - Accuracy of class 6: 50.67%
2025-02-03 11:10:24,034 - INFO - Val Loss = 1.2153, Val Accuracy = 0.58%, Precision = 0.53, Recall = 0.58, F1 = 0.54
2025-02-03 11:10:24,035 - INFO - Starting Epoch 13/50
2025-02-03 11:13:03,512 - INFO - Accuracy of class 0: 84.22%
2025-02-03 11:13:03,512 - INFO - Accuracy of class 1: 51.53%
2025-02-03 11:13:03,513 - INFO - Accuracy of class 2: 45.10%
2025-02-03 11:13:03,513 - INFO - Accuracy of class 3: 0.00%
2025-02-03 11:13:03,513 - INFO - Accuracy of class 4: 15.32%
2025-02-03 11:13:03,513 - INFO - Accuracy of class 5: 0.00%
2025-02-03 11:13:03,513 - INFO - Accuracy of class 6: 50.67%
2025-02-03 11:13:03,513 - INFO - Val Loss = 1.2062, Val Accuracy = 0.58%, Precision = 0.53, Recall = 0.58, F1 = 0.54
2025-02-03 11:13:03,538 - INFO - Best model saved at epoch 13 with val loss: 1.2062
2025-02-03 11:13:03,539 - INFO - Starting Epoch 14/50
2025-02-03 11:15:48,810 - INFO - Accuracy of class 0: 86.35%
2025-02-03 11:15:48,811 - INFO - Accuracy of class 1: 52.15%
2025-02-03 11:15:48,811 - INFO - Accuracy of class 2: 39.87%
2025-02-03 11:15:48,811 - INFO - Accuracy of class 3: 0.00%
2025-02-03 11:15:48,811 - INFO - Accuracy of class 4: 16.22%
2025-02-03 11:15:48,811 - INFO - Accuracy of class 5: 0.00%
2025-02-03 11:15:48,811 - INFO - Accuracy of class 6: 49.33%
2025-02-03 11:15:48,812 - INFO - Val Loss = 1.2052, Val Accuracy = 0.58%, Precision = 0.53, Recall = 0.58, F1 = 0.54
2025-02-03 11:15:48,836 - INFO - Best model saved at epoch 14 with val loss: 1.2052
2025-02-03 11:15:48,836 - INFO - Starting Epoch 15/50
2025-02-03 11:18:33,777 - INFO - Accuracy of class 0: 83.80%
2025-02-03 11:18:33,777 - INFO - Accuracy of class 1: 52.76%
2025-02-03 11:18:33,777 - INFO - Accuracy of class 2: 43.79%
2025-02-03 11:18:33,777 - INFO - Accuracy of class 3: 0.00%
2025-02-03 11:18:33,777 - INFO - Accuracy of class 4: 16.22%
2025-02-03 11:18:33,777 - INFO - Accuracy of class 5: 0.00%
2025-02-03 11:18:33,777 - INFO - Accuracy of class 6: 52.00%
2025-02-03 11:18:33,777 - INFO - Val Loss = 1.2023, Val Accuracy = 0.58%, Precision = 0.53, Recall = 0.58, F1 = 0.54
2025-02-03 11:18:33,790 - INFO - Best model saved at epoch 15 with val loss: 1.2023
2025-02-03 11:18:33,790 - INFO - Starting Epoch 16/50
2025-02-03 11:21:18,325 - INFO - Accuracy of class 0: 85.93%
2025-02-03 11:21:18,326 - INFO - Accuracy of class 1: 53.37%
2025-02-03 11:21:18,326 - INFO - Accuracy of class 2: 43.14%
2025-02-03 11:21:18,326 - INFO - Accuracy of class 3: 0.00%
2025-02-03 11:21:18,326 - INFO - Accuracy of class 4: 13.51%
2025-02-03 11:21:18,326 - INFO - Accuracy of class 5: 0.00%
2025-02-03 11:21:18,326 - INFO - Accuracy of class 6: 47.33%
2025-02-03 11:21:18,327 - INFO - Val Loss = 1.2067, Val Accuracy = 0.58%, Precision = 0.53, Recall = 0.58, F1 = 0.54
2025-02-03 11:21:18,327 - INFO - Starting Epoch 17/50
2025-02-03 11:24:03,662 - INFO - Accuracy of class 0: 83.16%
2025-02-03 11:24:03,662 - INFO - Accuracy of class 1: 51.53%
2025-02-03 11:24:03,662 - INFO - Accuracy of class 2: 44.44%
2025-02-03 11:24:03,663 - INFO - Accuracy of class 3: 0.00%
2025-02-03 11:24:03,663 - INFO - Accuracy of class 4: 16.22%
2025-02-03 11:24:03,663 - INFO - Accuracy of class 5: 0.00%
2025-02-03 11:24:03,663 - INFO - Accuracy of class 6: 55.33%
2025-02-03 11:24:03,663 - INFO - Val Loss = 1.2081, Val Accuracy = 0.58%, Precision = 0.53, Recall = 0.58, F1 = 0.55
2025-02-03 11:24:03,665 - INFO - Starting Epoch 18/50
2025-02-03 11:26:49,927 - INFO - Accuracy of class 0: 86.57%
2025-02-03 11:26:49,927 - INFO - Accuracy of class 1: 49.69%
2025-02-03 11:26:49,927 - INFO - Accuracy of class 2: 43.79%
2025-02-03 11:26:49,927 - INFO - Accuracy of class 3: 0.00%
2025-02-03 11:26:49,928 - INFO - Accuracy of class 4: 16.22%
2025-02-03 11:26:49,928 - INFO - Accuracy of class 5: 0.00%
2025-02-03 11:26:49,928 - INFO - Accuracy of class 6: 46.67%
2025-02-03 11:26:49,928 - INFO - Val Loss = 1.2038, Val Accuracy = 0.58%, Precision = 0.54, Recall = 0.58, F1 = 0.54
2025-02-03 11:26:49,929 - INFO - Starting Epoch 19/50
2025-02-03 11:29:37,062 - INFO - Accuracy of class 0: 84.86%
2025-02-03 11:29:37,063 - INFO - Accuracy of class 1: 55.21%
2025-02-03 11:29:37,063 - INFO - Accuracy of class 2: 40.52%
2025-02-03 11:29:37,063 - INFO - Accuracy of class 3: 0.00%
2025-02-03 11:29:37,063 - INFO - Accuracy of class 4: 14.41%
2025-02-03 11:29:37,063 - INFO - Accuracy of class 5: 0.00%
2025-02-03 11:29:37,063 - INFO - Accuracy of class 6: 52.00%
2025-02-03 11:29:37,063 - INFO - Val Loss = 1.1987, Val Accuracy = 0.58%, Precision = 0.54, Recall = 0.58, F1 = 0.54
2025-02-03 11:29:37,077 - INFO - Best model saved at epoch 19 with val loss: 1.1987
2025-02-03 11:29:37,077 - INFO - Starting Epoch 20/50
2025-02-03 11:32:23,675 - INFO - Accuracy of class 0: 84.01%
2025-02-03 11:32:23,675 - INFO - Accuracy of class 1: 53.37%
2025-02-03 11:32:23,675 - INFO - Accuracy of class 2: 45.10%
2025-02-03 11:32:23,675 - INFO - Accuracy of class 3: 0.00%
2025-02-03 11:32:23,675 - INFO - Accuracy of class 4: 16.22%
2025-02-03 11:32:23,676 - INFO - Accuracy of class 5: 0.00%
2025-02-03 11:32:23,676 - INFO - Accuracy of class 6: 52.00%
2025-02-03 11:32:23,676 - INFO - Val Loss = 1.2077, Val Accuracy = 0.58%, Precision = 0.54, Recall = 0.58, F1 = 0.55
2025-02-03 11:32:23,677 - INFO - Starting Epoch 21/50
2025-02-03 11:35:09,917 - INFO - Accuracy of class 0: 86.78%
2025-02-03 11:35:09,917 - INFO - Accuracy of class 1: 50.31%
2025-02-03 11:35:09,917 - INFO - Accuracy of class 2: 44.44%
2025-02-03 11:35:09,917 - INFO - Accuracy of class 3: 0.00%
2025-02-03 11:35:09,917 - INFO - Accuracy of class 4: 17.12%
2025-02-03 11:35:09,917 - INFO - Accuracy of class 5: 0.00%
2025-02-03 11:35:09,917 - INFO - Accuracy of class 6: 49.33%
2025-02-03 11:35:09,917 - INFO - Val Loss = 1.2060, Val Accuracy = 0.59%, Precision = 0.54, Recall = 0.59, F1 = 0.55
2025-02-03 11:35:09,917 - INFO - Starting Epoch 22/50
2025-02-03 11:37:55,822 - INFO - Accuracy of class 0: 84.43%
2025-02-03 11:37:55,822 - INFO - Accuracy of class 1: 53.37%
2025-02-03 11:37:55,822 - INFO - Accuracy of class 2: 44.44%
2025-02-03 11:37:55,822 - INFO - Accuracy of class 3: 0.00%
2025-02-03 11:37:55,822 - INFO - Accuracy of class 4: 16.22%
2025-02-03 11:37:55,822 - INFO - Accuracy of class 5: 0.00%
2025-02-03 11:37:55,822 - INFO - Accuracy of class 6: 53.33%
2025-02-03 11:37:55,822 - INFO - Val Loss = 1.1979, Val Accuracy = 0.59%, Precision = 0.54, Recall = 0.59, F1 = 0.55
2025-02-03 11:37:55,835 - INFO - Best model saved at epoch 22 with val loss: 1.1979
2025-02-03 11:37:55,835 - INFO - Starting Epoch 23/50
2025-02-03 11:40:42,960 - INFO - Accuracy of class 0: 85.07%
2025-02-03 11:40:42,960 - INFO - Accuracy of class 1: 51.53%
2025-02-03 11:40:42,960 - INFO - Accuracy of class 2: 44.44%
2025-02-03 11:40:42,960 - INFO - Accuracy of class 3: 0.00%
2025-02-03 11:40:42,960 - INFO - Accuracy of class 4: 15.32%
2025-02-03 11:40:42,960 - INFO - Accuracy of class 5: 0.00%
2025-02-03 11:40:42,960 - INFO - Accuracy of class 6: 54.67%
2025-02-03 11:40:42,960 - INFO - Val Loss = 1.2048, Val Accuracy = 0.59%, Precision = 0.54, Recall = 0.59, F1 = 0.55
2025-02-03 11:40:42,961 - INFO - Starting Epoch 24/50
2025-02-03 11:43:29,423 - INFO - Accuracy of class 0: 84.01%
2025-02-03 11:43:29,423 - INFO - Accuracy of class 1: 54.60%
2025-02-03 11:43:29,423 - INFO - Accuracy of class 2: 41.83%
2025-02-03 11:43:29,423 - INFO - Accuracy of class 3: 0.00%
2025-02-03 11:43:29,424 - INFO - Accuracy of class 4: 17.12%
2025-02-03 11:43:29,424 - INFO - Accuracy of class 5: 0.00%
2025-02-03 11:43:29,424 - INFO - Accuracy of class 6: 52.00%
2025-02-03 11:43:29,424 - INFO - Val Loss = 1.2068, Val Accuracy = 0.58%, Precision = 0.53, Recall = 0.58, F1 = 0.55
2025-02-03 11:43:29,425 - INFO - Starting Epoch 25/50
2025-02-03 11:46:15,514 - INFO - Accuracy of class 0: 84.65%
2025-02-03 11:46:15,515 - INFO - Accuracy of class 1: 50.31%
2025-02-03 11:46:15,515 - INFO - Accuracy of class 2: 45.75%
2025-02-03 11:46:15,515 - INFO - Accuracy of class 3: 0.00%
2025-02-03 11:46:15,515 - INFO - Accuracy of class 4: 15.32%
2025-02-03 11:46:15,515 - INFO - Accuracy of class 5: 0.00%
2025-02-03 11:46:15,515 - INFO - Accuracy of class 6: 48.67%
2025-02-03 11:46:15,516 - INFO - Val Loss = 1.2087, Val Accuracy = 0.58%, Precision = 0.53, Recall = 0.58, F1 = 0.54
2025-02-03 11:46:15,516 - INFO - Starting Epoch 26/50
2025-02-03 11:49:00,463 - INFO - Accuracy of class 0: 84.65%
2025-02-03 11:49:00,463 - INFO - Accuracy of class 1: 50.92%
2025-02-03 11:49:00,464 - INFO - Accuracy of class 2: 43.79%
2025-02-03 11:49:00,464 - INFO - Accuracy of class 3: 0.00%
2025-02-03 11:49:00,464 - INFO - Accuracy of class 4: 16.22%
2025-02-03 11:49:00,464 - INFO - Accuracy of class 5: 0.00%
2025-02-03 11:49:00,464 - INFO - Accuracy of class 6: 53.33%
2025-02-03 11:49:00,464 - INFO - Val Loss = 1.2030, Val Accuracy = 0.58%, Precision = 0.54, Recall = 0.58, F1 = 0.55
2025-02-03 11:49:00,465 - INFO - Starting Epoch 27/50
2025-02-03 11:51:47,189 - INFO - Accuracy of class 0: 83.80%
2025-02-03 11:51:47,189 - INFO - Accuracy of class 1: 52.15%
2025-02-03 11:51:47,189 - INFO - Accuracy of class 2: 43.79%
2025-02-03 11:51:47,189 - INFO - Accuracy of class 3: 0.00%
2025-02-03 11:51:47,189 - INFO - Accuracy of class 4: 14.41%
2025-02-03 11:51:47,189 - INFO - Accuracy of class 5: 0.00%
2025-02-03 11:51:47,190 - INFO - Accuracy of class 6: 54.67%
2025-02-03 11:51:47,190 - INFO - Val Loss = 1.2099, Val Accuracy = 0.58%, Precision = 0.54, Recall = 0.58, F1 = 0.54
2025-02-03 11:51:47,190 - INFO - Early stopping at epoch 27
2025-02-03 11:51:47,202 - INFO - Loaded best model with val loss: 1.1979
